# JRE version: OpenJDK Runtime Environment (8.0_252-b09) (build 1.8.0_252-b09)
# Java VM: OpenJDK 64-Bit Server VM (25.252-b09 mixed mode windows-amd64 compressed oops)
Heap:
 PSYoungGen      total 2678272K, used 980791K [0x0000000715980000, 0x00000007c0000000, 0x00000007c0000000)
  eden space 2587648K, 37% used [0x0000000715980000,0x0000000751735dc0,0x00000007b3880000)
  from space 90624K, 0% used [0x00000007b3880000,0x00000007b3898000,0x00000007b9100000)
  to   space 87552K, 0% used [0x00000007baa80000,0x00000007baa80000,0x00000007c0000000)
 ParOldGen       total 344064K, used 162701K [0x00000005c0c00000, 0x00000005d5c00000, 0x0000000715980000)
  object space 344064K, 47% used [0x00000005c0c00000,0x00000005caae34d8,0x00000005d5c00000)
 Metaspace       used 23307K, capacity 23593K, committed 23808K, reserved 1071104K
  class space    used 2182K, capacity 2289K, committed 2304K, reserved 1048576K
GC Heap History (10 events):
Event: 72.072 GC heap before
{Heap before GC invocations=15 (full 2):
 PSYoungGen      total 1666560K, used 1610432K [0x0000000715980000, 0x0000000784100000, 0x00000007c0000000)
  eden space 1610240K, 100% used [0x0000000715980000,0x0000000777e00000,0x0000000777e00000)
  from space 56320K, 0% used [0x0000000780a00000,0x0000000780a30000,0x0000000784100000)
  to   space 99840K, 0% used [0x0000000777e00000,0x0000000777e00000,0x000000077df80000)
 ParOldGen       total 344064K, used 162701K [0x00000005c0c00000, 0x00000005d5c00000, 0x0000000715980000)
  object space 344064K, 47% used [0x00000005c0c00000,0x00000005caae34d8,0x00000005d5c00000)
 Metaspace       used 23240K, capacity 23525K, committed 23808K, reserved 1071104K
  class space    used 2173K, capacity 2289K, committed 2304K, reserved 1048576K
Event: 72.075 GC heap after
Heap after GC invocations=15 (full 2):
 PSYoungGen      total 1710080K, used 160K [0x0000000715980000, 0x00000007a6a00000, 0x00000007c0000000)
  eden space 1610240K, 0% used [0x0000000715980000,0x0000000715980000,0x0000000777e00000)
  from space 99840K, 0% used [0x0000000777e00000,0x0000000777e28000,0x000000077df80000)
  to   space 98816K, 0% used [0x00000007a0980000,0x00000007a0980000,0x00000007a6a00000)
 ParOldGen       total 344064K, used 162701K [0x00000005c0c00000, 0x00000005d5c00000, 0x0000000715980000)
  object space 344064K, 47% used [0x00000005c0c00000,0x00000005caae34d8,0x00000005d5c00000)
 Metaspace       used 23240K, capacity 23525K, committed 23808K, reserved 1071104K
  class space    used 2173K, capacity 2289K, committed 2304K, reserved 1048576K
}
Event: 88.695 GC heap before
{Heap before GC invocations=16 (full 2):
 PSYoungGen      total 1710080K, used 1610400K [0x0000000715980000, 0x00000007a6a00000, 0x00000007c0000000)
  eden space 1610240K, 100% used [0x0000000715980000,0x0000000777e00000,0x0000000777e00000)
  from space 99840K, 0% used [0x0000000777e00000,0x0000000777e28000,0x000000077df80000)
  to   space 98816K, 0% used [0x00000007a0980000,0x00000007a0980000,0x00000007a6a00000)
 ParOldGen       total 344064K, used 162701K [0x00000005c0c00000, 0x00000005d5c00000, 0x0000000715980000)
  object space 344064K, 47% used [0x00000005c0c00000,0x00000005caae34d8,0x00000005d5c00000)
 Metaspace       used 23240K, capacity 23525K, committed 23808K, reserved 1071104K
  class space    used 2173K, capacity 2289K, committed 2304K, reserved 1048576K
Event: 88.697 GC heap after
Heap after GC invocations=16 (full 2):
 PSYoungGen      total 2137088K, used 96K [0x0000000715980000, 0x00000007a2380000, 0x00000007c0000000)
  eden space 2110464K, 0% used [0x0000000715980000,0x0000000715980000,0x0000000796680000)
  from space 26624K, 0% used [0x00000007a0980000,0x00000007a0998000,0x00000007a2380000)
  to   space 96768K, 0% used [0x0000000796680000,0x0000000796680000,0x000000079c500000)
 ParOldGen       total 344064K, used 162701K [0x00000005c0c00000, 0x00000005d5c00000, 0x0000000715980000)
  object space 344064K, 47% used [0x00000005c0c00000,0x00000005caae34d8,0x00000005d5c00000)
 Metaspace       used 23240K, capacity 23525K, committed 23808K, reserved 1071104K
  class space    used 2173K, capacity 2289K, committed 2304K, reserved 1048576K
}
Event: 111.858 GC heap before
{Heap before GC invocations=17 (full 2):
 PSYoungGen      total 2137088K, used 2110560K [0x0000000715980000, 0x00000007a2380000, 0x00000007c0000000)
  eden space 2110464K, 100% used [0x0000000715980000,0x0000000796680000,0x0000000796680000)
  from space 26624K, 0% used [0x00000007a0980000,0x00000007a0998000,0x00000007a2380000)
  to   space 96768K, 0% used [0x0000000796680000,0x0000000796680000,0x000000079c500000)
 ParOldGen       total 344064K, used 162701K [0x00000005c0c00000, 0x00000005d5c00000, 0x0000000715980000)
  object space 344064K, 47% used [0x00000005c0c00000,0x00000005caae34d8,0x00000005d5c00000)
 Metaspace       used 23240K, capacity 23525K, committed 23808K, reserved 1071104K
  class space    used 2173K, capacity 2289K, committed 2304K, reserved 1048576K
Event: 111.860 GC heap after
Heap after GC invocations=17 (full 2):
 PSYoungGen      total 2207232K, used 128K [0x0000000715980000, 0x00000007c0000000, 0x00000007c0000000)
  eden space 2110464K, 0% used [0x0000000715980000,0x0000000715980000,0x0000000796680000)
  from space 96768K, 0% used [0x0000000796680000,0x00000007966a0000,0x000000079c500000)
  to   space 93696K, 0% used [0x00000007ba480000,0x00000007ba480000,0x00000007c0000000)
 ParOldGen       total 344064K, used 162701K [0x00000005c0c00000, 0x00000005d5c00000, 0x0000000715980000)
  object space 344064K, 47% used [0x00000005c0c00000,0x00000005caae34d8,0x00000005d5c00000)
 Metaspace       used 23240K, capacity 23525K, committed 23808K, reserved 1071104K
  class space    used 2173K, capacity 2289K, committed 2304K, reserved 1048576K
}
Event: 133.961 GC heap before
{Heap before GC invocations=18 (full 2):
 PSYoungGen      total 2207232K, used 2110592K [0x0000000715980000, 0x00000007c0000000, 0x00000007c0000000)
  eden space 2110464K, 100% used [0x0000000715980000,0x0000000796680000,0x0000000796680000)
  from space 96768K, 0% used [0x0000000796680000,0x00000007966a0000,0x000000079c500000)
  to   space 93696K, 0% used [0x00000007ba480000,0x00000007ba480000,0x00000007c0000000)
 ParOldGen       total 344064K, used 162701K [0x00000005c0c00000, 0x00000005d5c00000, 0x0000000715980000)
  object space 344064K, 47% used [0x00000005c0c00000,0x00000005caae34d8,0x00000005d5c00000)
 Metaspace       used 23268K, capacity 23593K, committed 23808K, reserved 1071104K
  class space    used 2173K, capacity 2289K, committed 2304K, reserved 1048576K
Event: 133.962 GC heap after
Heap after GC invocations=18 (full 2):
 PSYoungGen      total 2658304K, used 192K [0x0000000715980000, 0x00000007be980000, 0x00000007c0000000)
  eden space 2587648K, 0% used [0x0000000715980000,0x0000000715980000,0x00000007b3880000)
  from space 70656K, 0% used [0x00000007ba480000,0x00000007ba4b0000,0x00000007be980000)
  to   space 90624K, 0% used [0x00000007b3880000,0x00000007b3880000,0x00000007b9100000)
 ParOldGen       total 344064K, used 162701K [0x00000005c0c00000, 0x00000005d5c00000, 0x0000000715980000)
  object space 344064K, 47% used [0x00000005c0c00000,0x00000005caae34d8,0x00000005d5c00000)
 Metaspace       used 23268K, capacity 23593K, committed 23808K, reserved 1071104K
  class space    used 2173K, capacity 2289K, committed 2304K, reserved 1048576K
}
Event: 160.351 GC heap before
{Heap before GC invocations=19 (full 2):
 PSYoungGen      total 2658304K, used 2587840K [0x0000000715980000, 0x00000007be980000, 0x00000007c0000000)
  eden space 2587648K, 100% used [0x0000000715980000,0x00000007b3880000,0x00000007b3880000)
  from space 70656K, 0% used [0x00000007ba480000,0x00000007ba4b0000,0x00000007be980000)
  to   space 90624K, 0% used [0x00000007b3880000,0x00000007b3880000,0x00000007b9100000)
 ParOldGen       total 344064K, used 162701K [0x00000005c0c00000, 0x00000005d5c00000, 0x0000000715980000)
  object space 344064K, 47% used [0x00000005c0c00000,0x00000005caae34d8,0x00000005d5c00000)
 Metaspace       used 23268K, capacity 23593K, committed 23808K, reserved 1071104K
  class space    used 2173K, capacity 2289K, committed 2304K, reserved 1048576K
Event: 160.352 GC heap after
Heap after GC invocations=19 (full 2):
 PSYoungGen      total 2678272K, used 96K [0x0000000715980000, 0x00000007c0000000, 0x00000007c0000000)
  eden space 2587648K, 0% used [0x0000000715980000,0x0000000715980000,0x00000007b3880000)
  from space 90624K, 0% used [0x00000007b3880000,0x00000007b3898000,0x00000007b9100000)
  to   space 87552K, 0% used [0x00000007baa80000,0x00000007baa80000,0x00000007c0000000)
 ParOldGen       total 344064K, used 162701K [0x00000005c0c00000, 0x00000005d5c00000, 0x0000000715980000)
  object space 344064K, 47% used [0x00000005c0c00000,0x00000005caae34d8,0x00000005d5c00000)
 Metaspace       used 23268K, capacity 23593K, committed 23808K, reserved 1071104K
  class space    used 2173K, capacity 2289K, committed 2304K, reserved 1048576K
}

