# JRE version: OpenJDK Runtime Environment (8.0_252-b09) (build 1.8.0_252-b09)
# Java VM: OpenJDK 64-Bit Server VM (25.252-b09 mixed mode windows-amd64 compressed oops)
Heap:
 PSYoungGen      total 1158144K, used 208348K [0x0000000715980000, 0x0000000764700000, 0x00000007c0000000)
  eden space 1088000K, 19% used [0x0000000715980000,0x00000007223bf178,0x0000000758000000)
  from space 70144K, 1% used [0x0000000760280000,0x00000007603b8000,0x0000000764700000)
  to   space 101888K, 0% used [0x0000000758000000,0x0000000758000000,0x000000075e380000)
 ParOldGen       total 353280K, used 162343K [0x00000005c0c00000, 0x00000005d6500000, 0x0000000715980000)
  object space 353280K, 45% used [0x00000005c0c00000,0x00000005caa89db8,0x00000005d6500000)
 Metaspace       used 23279K, capacity 23589K, committed 23808K, reserved 1071104K
  class space    used 2179K, capacity 2289K, committed 2304K, reserved 1048576K
GC Heap History (10 events):
Event: 7.854 GC heap before
{Heap before GC invocations=8 (full 1):
 PSYoungGen      total 497664K, used 497648K [0x0000000715980000, 0x000000073bb00000, 0x00000007c0000000)
  eden space 424448K, 100% used [0x0000000715980000,0x000000072f800000,0x000000072f800000)
  from space 73216K, 99% used [0x0000000735180000,0x00000007398fc250,0x0000000739900000)
  to   space 91648K, 0% used [0x000000072f800000,0x000000072f800000,0x0000000735180000)
 ParOldGen       total 141824K, used 92807K [0x00000005c0c00000, 0x00000005c9680000, 0x0000000715980000)
  object space 141824K, 65% used [0x00000005c0c00000,0x00000005c66a1d30,0x00000005c9680000)
 Metaspace       used 23209K, capacity 23519K, committed 23808K, reserved 1071104K
  class space    used 2169K, capacity 2288K, committed 2304K, reserved 1048576K
Event: 7.878 GC heap after
Heap after GC invocations=8 (full 1):
 PSYoungGen      total 516096K, used 73696K [0x0000000715980000, 0x0000000753880000, 0x00000007c0000000)
  eden space 424448K, 0% used [0x0000000715980000,0x0000000715980000,0x000000072f800000)
  from space 91648K, 80% used [0x000000072f800000,0x0000000733ff8020,0x0000000735180000)
  to   space 100864K, 0% used [0x000000074d600000,0x000000074d600000,0x0000000753880000)
 ParOldGen       total 141824K, used 92815K [0x00000005c0c00000, 0x00000005c9680000, 0x0000000715980000)
  object space 141824K, 65% used [0x00000005c0c00000,0x00000005c66a3d30,0x00000005c9680000)
 Metaspace       used 23209K, capacity 23519K, committed 23808K, reserved 1071104K
  class space    used 2169K, capacity 2288K, committed 2304K, reserved 1048576K
}
Event: 12.451 GC heap before
{Heap before GC invocations=9 (full 1):
 PSYoungGen      total 516096K, used 498144K [0x0000000715980000, 0x0000000753880000, 0x00000007c0000000)
  eden space 424448K, 100% used [0x0000000715980000,0x000000072f800000,0x000000072f800000)
  from space 91648K, 80% used [0x000000072f800000,0x0000000733ff8020,0x0000000735180000)
  to   space 100864K, 0% used [0x000000074d600000,0x000000074d600000,0x0000000753880000)
 ParOldGen       total 141824K, used 92815K [0x00000005c0c00000, 0x00000005c9680000, 0x0000000715980000)
  object space 141824K, 65% used [0x00000005c0c00000,0x00000005c66a3d30,0x00000005c9680000)
 Metaspace       used 23225K, capacity 23519K, committed 23808K, reserved 1071104K
  class space    used 2170K, capacity 2288K, committed 2304K, reserved 1048576K
Event: 12.473 GC heap after
Heap after GC invocations=9 (full 1):
 PSYoungGen      total 891392K, used 54976K [0x0000000715980000, 0x0000000752b80000, 0x00000007c0000000)
  eden space 803840K, 0% used [0x0000000715980000,0x0000000715980000,0x0000000746a80000)
  from space 87552K, 62% used [0x000000074d600000,0x0000000750bb0000,0x0000000752b80000)
  to   space 98816K, 0% used [0x0000000746a80000,0x0000000746a80000,0x000000074cb00000)
 ParOldGen       total 141824K, used 111915K [0x00000005c0c00000, 0x00000005c9680000, 0x0000000715980000)
  object space 141824K, 78% used [0x00000005c0c00000,0x00000005c794afa0,0x00000005c9680000)
 Metaspace       used 23225K, capacity 23519K, committed 23808K, reserved 1071104K
  class space    used 2170K, capacity 2288K, committed 2304K, reserved 1048576K
}
Event: 12.473 GC heap before
{Heap before GC invocations=10 (full 2):
 PSYoungGen      total 891392K, used 54976K [0x0000000715980000, 0x0000000752b80000, 0x00000007c0000000)
  eden space 803840K, 0% used [0x0000000715980000,0x0000000715980000,0x0000000746a80000)
  from space 87552K, 62% used [0x000000074d600000,0x0000000750bb0000,0x0000000752b80000)
  to   space 98816K, 0% used [0x0000000746a80000,0x0000000746a80000,0x000000074cb00000)
 ParOldGen       total 141824K, used 111915K [0x00000005c0c00000, 0x00000005c9680000, 0x0000000715980000)
  object space 141824K, 78% used [0x00000005c0c00000,0x00000005c794afa0,0x00000005c9680000)
 Metaspace       used 23225K, capacity 23519K, committed 23808K, reserved 1071104K
  class space    used 2170K, capacity 2288K, committed 2304K, reserved 1048576K
Event: 12.763 GC heap after
Heap after GC invocations=10 (full 2):
 PSYoungGen      total 891392K, used 20878K [0x0000000715980000, 0x0000000752b80000, 0x00000007c0000000)
  eden space 803840K, 0% used [0x0000000715980000,0x0000000715980000,0x0000000746a80000)
  from space 87552K, 23% used [0x000000074d600000,0x000000074ea63878,0x0000000752b80000)
  to   space 98816K, 0% used [0x0000000746a80000,0x0000000746a80000,0x000000074cb00000)
 ParOldGen       total 353280K, used 141343K [0x00000005c0c00000, 0x00000005d6500000, 0x0000000715980000)
  object space 353280K, 40% used [0x00000005c0c00000,0x00000005c9607db8,0x00000005d6500000)
 Metaspace       used 23225K, capacity 23519K, committed 23808K, reserved 1071104K
  class space    used 2170K, capacity 2288K, committed 2304K, reserved 1048576K
}
Event: 21.132 GC heap before
{Heap before GC invocations=11 (full 2):
 PSYoungGen      total 891392K, used 824718K [0x0000000715980000, 0x0000000752b80000, 0x00000007c0000000)
  eden space 803840K, 100% used [0x0000000715980000,0x0000000746a80000,0x0000000746a80000)
  from space 87552K, 23% used [0x000000074d600000,0x000000074ea63878,0x0000000752b80000)
  to   space 98816K, 0% used [0x0000000746a80000,0x0000000746a80000,0x000000074cb00000)
 ParOldGen       total 353280K, used 141343K [0x00000005c0c00000, 0x00000005d6500000, 0x0000000715980000)
  object space 353280K, 40% used [0x00000005c0c00000,0x00000005c9607db8,0x00000005d6500000)
 Metaspace       used 23230K, capacity 23523K, committed 23808K, reserved 1071104K
  class space    used 2170K, capacity 2288K, committed 2304K, reserved 1048576K
Event: 21.155 GC heap after
Heap after GC invocations=11 (full 2):
 PSYoungGen      total 902656K, used 1152K [0x0000000715980000, 0x0000000766580000, 0x00000007c0000000)
  eden space 803840K, 0% used [0x0000000715980000,0x0000000715980000,0x0000000746a80000)
  from space 98816K, 1% used [0x0000000746a80000,0x0000000746ba0000,0x000000074cb00000)
  to   space 101376K, 0% used [0x0000000760280000,0x0000000760280000,0x0000000766580000)
 ParOldGen       total 353280K, used 162343K [0x00000005c0c00000, 0x00000005d6500000, 0x0000000715980000)
  object space 353280K, 45% used [0x00000005c0c00000,0x00000005caa89db8,0x00000005d6500000)
 Metaspace       used 23230K, capacity 23523K, committed 23808K, reserved 1071104K
  class space    used 2170K, capacity 2288K, committed 2304K, reserved 1048576K
}
Event: 33.079 GC heap before
{Heap before GC invocations=12 (full 2):
 PSYoungGen      total 902656K, used 804992K [0x0000000715980000, 0x0000000766580000, 0x00000007c0000000)
  eden space 803840K, 100% used [0x0000000715980000,0x0000000746a80000,0x0000000746a80000)
  from space 98816K, 1% used [0x0000000746a80000,0x0000000746ba0000,0x000000074cb00000)
  to   space 101376K, 0% used [0x0000000760280000,0x0000000760280000,0x0000000766580000)
 ParOldGen       total 353280K, used 162343K [0x00000005c0c00000, 0x00000005d6500000, 0x0000000715980000)
  object space 353280K, 45% used [0x00000005c0c00000,0x00000005caa89db8,0x00000005d6500000)
 Metaspace       used 23237K, capacity 23523K, committed 23808K, reserved 1071104K
  class space    used 2170K, capacity 2288K, committed 2304K, reserved 1048576K
Event: 33.086 GC heap after
Heap after GC invocations=12 (full 2):
 PSYoungGen      total 1158144K, used 1248K [0x0000000715980000, 0x0000000764700000, 0x00000007c0000000)
  eden space 1088000K, 0% used [0x0000000715980000,0x0000000715980000,0x0000000758000000)
  from space 70144K, 1% used [0x0000000760280000,0x00000007603b8000,0x0000000764700000)
  to   space 101888K, 0% used [0x0000000758000000,0x0000000758000000,0x000000075e380000)
 ParOldGen       total 353280K, used 162343K [0x00000005c0c00000, 0x00000005d6500000, 0x0000000715980000)
  object space 353280K, 45% used [0x00000005c0c00000,0x00000005caa89db8,0x00000005d6500000)
 Metaspace       used 23237K, capacity 23523K, committed 23808K, reserved 1071104K
  class space    used 2170K, capacity 2288K, committed 2304K, reserved 1048576K
}

