# JRE version: OpenJDK Runtime Environment (8.0_252-b09) (build 1.8.0_252-b09)
# Java VM: OpenJDK 64-Bit Server VM (25.252-b09 mixed mode windows-amd64 compressed oops)
Heap:
 PSYoungGen      total 882176K, used 527046K [0x0000000715980000, 0x0000000751f80000, 0x00000007c0000000)
  eden space 793600K, 58% used [0x0000000715980000,0x00000007322258a0,0x0000000746080000)
  from space 88576K, 67% used [0x000000074c900000,0x000000075030c010,0x0000000751f80000)
  to   space 97792K, 0% used [0x0000000746080000,0x0000000746080000,0x000000074c000000)
 ParOldGen       total 142336K, used 107670K [0x00000005c0c00000, 0x00000005c9700000, 0x0000000715980000)
  object space 142336K, 75% used [0x00000005c0c00000,0x00000005c7525890,0x00000005c9700000)
 Metaspace       used 23266K, capacity 23525K, committed 23808K, reserved 1071104K
  class space    used 2181K, capacity 2289K, committed 2304K, reserved 1048576K
GC Heap History (10 events):
Event: 3.723 GC heap before
{Heap before GC invocations=5 (full 1):
 PSYoungGen      total 153088K, used 153072K [0x0000000715980000, 0x0000000726880000, 0x00000007c0000000)
  eden space 131584K, 100% used [0x0000000715980000,0x000000071da00000,0x000000071da00000)
  from space 21504K, 99% used [0x000000071da00000,0x000000071eefc1e0,0x000000071ef00000)
  to   space 21504K, 0% used [0x0000000725380000,0x0000000725380000,0x0000000726880000)
 ParOldGen       total 142336K, used 23486K [0x00000005c0c00000, 0x00000005c9700000, 0x0000000715980000)
  object space 142336K, 16% used [0x00000005c0c00000,0x00000005c22ef990,0x00000005c9700000)
 Metaspace       used 23031K, capacity 23323K, committed 23552K, reserved 1071104K
  class space    used 2170K, capacity 2288K, committed 2304K, reserved 1048576K
Event: 3.740 GC heap after
Heap after GC invocations=5 (full 1):
 PSYoungGen      total 256000K, used 21488K [0x0000000715980000, 0x0000000727580000, 0x00000007c0000000)
  eden space 234496K, 0% used [0x0000000715980000,0x0000000715980000,0x0000000723e80000)
  from space 21504K, 99% used [0x0000000725380000,0x000000072687c250,0x0000000726880000)
  to   space 21504K, 0% used [0x0000000723e80000,0x0000000723e80000,0x0000000725380000)
 ParOldGen       total 142336K, used 41779K [0x00000005c0c00000, 0x00000005c9700000, 0x0000000715980000)
  object space 142336K, 29% used [0x00000005c0c00000,0x00000005c34ccdc0,0x00000005c9700000)
 Metaspace       used 23031K, capacity 23323K, committed 23552K, reserved 1071104K
  class space    used 2170K, capacity 2288K, committed 2304K, reserved 1048576K
}
Event: 4.437 GC heap before
{Heap before GC invocations=6 (full 1):
 PSYoungGen      total 256000K, used 255984K [0x0000000715980000, 0x0000000727580000, 0x00000007c0000000)
  eden space 234496K, 100% used [0x0000000715980000,0x0000000723e80000,0x0000000723e80000)
  from space 21504K, 99% used [0x0000000725380000,0x000000072687c250,0x0000000726880000)
  to   space 21504K, 0% used [0x0000000723e80000,0x0000000723e80000,0x0000000725380000)
 ParOldGen       total 142336K, used 41779K [0x00000005c0c00000, 0x00000005c9700000, 0x0000000715980000)
  object space 142336K, 29% used [0x00000005c0c00000,0x00000005c34ccdc0,0x00000005c9700000)
 Metaspace       used 23106K, capacity 23387K, committed 23808K, reserved 1071104K
  class space    used 2170K, capacity 2288K, committed 2304K, reserved 1048576K
Event: 4.458 GC heap after
Heap after GC invocations=6 (full 1):
 PSYoungGen      total 256000K, used 21472K [0x0000000715980000, 0x0000000737a00000, 0x00000007c0000000)
  eden space 234496K, 0% used [0x0000000715980000,0x0000000715980000,0x0000000723e80000)
  from space 21504K, 99% used [0x0000000723e80000,0x0000000725378040,0x0000000725380000)
  to   space 59392K, 0% used [0x0000000734000000,0x0000000734000000,0x0000000737a00000)
 ParOldGen       total 142336K, used 68349K [0x00000005c0c00000, 0x00000005c9700000, 0x0000000715980000)
  object space 142336K, 48% used [0x00000005c0c00000,0x00000005c4ebf630,0x00000005c9700000)
 Metaspace       used 23106K, capacity 23387K, committed 23808K, reserved 1071104K
  class space    used 2170K, capacity 2288K, committed 2304K, reserved 1048576K
}
Event: 4.571 GC heap before
{Heap before GC invocations=7 (full 1):
 PSYoungGen      total 256000K, used 255968K [0x0000000715980000, 0x0000000737a00000, 0x00000007c0000000)
  eden space 234496K, 100% used [0x0000000715980000,0x0000000723e80000,0x0000000723e80000)
  from space 21504K, 99% used [0x0000000723e80000,0x0000000725378040,0x0000000725380000)
  to   space 59392K, 0% used [0x0000000734000000,0x0000000734000000,0x0000000737a00000)
 ParOldGen       total 142336K, used 68349K [0x00000005c0c00000, 0x00000005c9700000, 0x0000000715980000)
  object space 142336K, 48% used [0x00000005c0c00000,0x00000005c4ebf630,0x00000005c9700000)
 Metaspace       used 23127K, capacity 23387K, committed 23808K, reserved 1071104K
  class space    used 2170K, capacity 2288K, committed 2304K, reserved 1048576K
Event: 4.597 GC heap after
Heap after GC invocations=7 (full 1):
 PSYoungGen      total 479744K, used 59360K [0x0000000715980000, 0x000000073ab80000, 0x00000007c0000000)
  eden space 420352K, 0% used [0x0000000715980000,0x0000000715980000,0x000000072f400000)
  from space 59392K, 99% used [0x0000000734000000,0x00000007379f8030,0x0000000737a00000)
  to   space 77824K, 0% used [0x000000072f400000,0x000000072f400000,0x0000000734000000)
 ParOldGen       total 142336K, used 80245K [0x00000005c0c00000, 0x00000005c9700000, 0x0000000715980000)
  object space 142336K, 56% used [0x00000005c0c00000,0x00000005c5a5d630,0x00000005c9700000)
 Metaspace       used 23127K, capacity 23387K, committed 23808K, reserved 1071104K
  class space    used 2170K, capacity 2288K, committed 2304K, reserved 1048576K
}
Event: 6.855 GC heap before
{Heap before GC invocations=8 (full 1):
 PSYoungGen      total 479744K, used 479712K [0x0000000715980000, 0x000000073ab80000, 0x00000007c0000000)
  eden space 420352K, 100% used [0x0000000715980000,0x000000072f400000,0x000000072f400000)
  from space 59392K, 99% used [0x0000000734000000,0x00000007379f8030,0x0000000737a00000)
  to   space 77824K, 0% used [0x000000072f400000,0x000000072f400000,0x0000000734000000)
 ParOldGen       total 142336K, used 80245K [0x00000005c0c00000, 0x00000005c9700000, 0x0000000715980000)
  object space 142336K, 56% used [0x00000005c0c00000,0x00000005c5a5d630,0x00000005c9700000)
 Metaspace       used 23202K, capacity 23523K, committed 23808K, reserved 1071104K
  class space    used 2170K, capacity 2288K, committed 2304K, reserved 1048576K
Event: 6.886 GC heap after
Heap after GC invocations=8 (full 1):
 PSYoungGen      total 498176K, used 77792K [0x0000000715980000, 0x0000000752800000, 0x00000007c0000000)
  eden space 420352K, 0% used [0x0000000715980000,0x0000000715980000,0x000000072f400000)
  from space 77824K, 99% used [0x000000072f400000,0x0000000733ff8020,0x0000000734000000)
  to   space 97280K, 0% used [0x000000074c900000,0x000000074c900000,0x0000000752800000)
 ParOldGen       total 142336K, used 88853K [0x00000005c0c00000, 0x00000005c9700000, 0x0000000715980000)
  object space 142336K, 62% used [0x00000005c0c00000,0x00000005c62c5630,0x00000005c9700000)
 Metaspace       used 23202K, capacity 23523K, committed 23808K, reserved 1071104K
  class space    used 2170K, capacity 2288K, committed 2304K, reserved 1048576K
}
Event: 11.305 GC heap before
{Heap before GC invocations=9 (full 1):
 PSYoungGen      total 498176K, used 498144K [0x0000000715980000, 0x0000000752800000, 0x00000007c0000000)
  eden space 420352K, 100% used [0x0000000715980000,0x000000072f400000,0x000000072f400000)
  from space 77824K, 99% used [0x000000072f400000,0x0000000733ff8020,0x0000000734000000)
  to   space 97280K, 0% used [0x000000074c900000,0x000000074c900000,0x0000000752800000)
 ParOldGen       total 142336K, used 88853K [0x00000005c0c00000, 0x00000005c9700000, 0x0000000715980000)
  object space 142336K, 62% used [0x00000005c0c00000,0x00000005c62c5630,0x00000005c9700000)
 Metaspace       used 23221K, capacity 23523K, committed 23808K, reserved 1071104K
  class space    used 2171K, capacity 2288K, committed 2304K, reserved 1048576K
Event: 11.329 GC heap after
Heap after GC invocations=9 (full 1):
 PSYoungGen      total 882176K, used 59440K [0x0000000715980000, 0x0000000751f80000, 0x00000007c0000000)
  eden space 793600K, 0% used [0x0000000715980000,0x0000000715980000,0x0000000746080000)
  from space 88576K, 67% used [0x000000074c900000,0x000000075030c010,0x0000000751f80000)
  to   space 97792K, 0% used [0x0000000746080000,0x0000000746080000,0x000000074c000000)
 ParOldGen       total 142336K, used 107670K [0x00000005c0c00000, 0x00000005c9700000, 0x0000000715980000)
  object space 142336K, 75% used [0x00000005c0c00000,0x00000005c7525890,0x00000005c9700000)
 Metaspace       used 23221K, capacity 23523K, committed 23808K, reserved 1071104K
  class space    used 2171K, capacity 2288K, committed 2304K, reserved 1048576K
}

