# JRE version: OpenJDK Runtime Environment (8.0_252-b09) (build 1.8.0_252-b09)
# Java VM: OpenJDK 64-Bit Server VM (25.252-b09 mixed mode windows-amd64 compressed oops)
Heap:
 PSYoungGen      total 569856K, used 381279K [0x0000000715980000, 0x0000000749280000, 0x00000007c0000000)
  eden space 479232K, 77% used [0x0000000715980000,0x000000072c247d10,0x0000000732d80000)
  from space 90624K, 13% used [0x0000000732d80000,0x0000000733910010,0x0000000738600000)
  to   space 87552K, 0% used [0x0000000743d00000,0x0000000743d00000,0x0000000749280000)
 ParOldGen       total 375808K, used 175665K [0x00000005c0c00000, 0x00000005d7b00000, 0x0000000715980000)
  object space 375808K, 46% used [0x00000005c0c00000,0x00000005cb78c5d0,0x00000005d7b00000)
 Metaspace       used 23271K, capacity 23525K, committed 23808K, reserved 1071104K
  class space    used 2179K, capacity 2289K, committed 2304K, reserved 1048576K
GC Heap History (10 events):
Event: 9.263 GC heap before
{Heap before GC invocations=11 (full 1):
 PSYoungGen      total 277504K, used 277488K [0x0000000715980000, 0x0000000734b80000, 0x00000007c0000000)
  eden space 215040K, 100% used [0x0000000715980000,0x0000000722b80000,0x0000000722b80000)
  from space 62464K, 99% used [0x0000000722b80000,0x000000072687c010,0x0000000726880000)
  to   space 83968K, 0% used [0x000000072f980000,0x000000072f980000,0x0000000734b80000)
 ParOldGen       total 141824K, used 74223K [0x00000005c0c00000, 0x00000005c9680000, 0x0000000715980000)
  object space 141824K, 52% used [0x00000005c0c00000,0x00000005c547bda8,0x00000005c9680000)
 Metaspace       used 23197K, capacity 23519K, committed 23808K, reserved 1071104K
  class space    used 2167K, capacity 2288K, committed 2304K, reserved 1048576K
Event: 9.302 GC heap after
Heap after GC invocations=11 (full 1):
 PSYoungGen      total 418304K, used 68272K [0x0000000715980000, 0x0000000735a80000, 0x00000007c0000000)
  eden space 334336K, 0% used [0x0000000715980000,0x0000000715980000,0x000000072a000000)
  from space 83968K, 81% used [0x000000072f980000,0x0000000733c2c120,0x0000000734b80000)
  to   space 91648K, 0% used [0x000000072a000000,0x000000072a000000,0x000000072f980000)
 ParOldGen       total 141824K, used 98935K [0x00000005c0c00000, 0x00000005c9680000, 0x0000000715980000)
  object space 141824K, 69% used [0x00000005c0c00000,0x00000005c6c9dda8,0x00000005c9680000)
 Metaspace       used 23197K, capacity 23519K, committed 23808K, reserved 1071104K
  class space    used 2167K, capacity 2288K, committed 2304K, reserved 1048576K
}
Event: 11.240 GC heap before
{Heap before GC invocations=12 (full 1):
 PSYoungGen      total 418304K, used 402608K [0x0000000715980000, 0x0000000735a80000, 0x00000007c0000000)
  eden space 334336K, 100% used [0x0000000715980000,0x000000072a000000,0x000000072a000000)
  from space 83968K, 81% used [0x000000072f980000,0x0000000733c2c120,0x0000000734b80000)
  to   space 91648K, 0% used [0x000000072a000000,0x000000072a000000,0x000000072f980000)
 ParOldGen       total 141824K, used 98935K [0x00000005c0c00000, 0x00000005c9680000, 0x0000000715980000)
  object space 141824K, 69% used [0x00000005c0c00000,0x00000005c6c9dda8,0x00000005c9680000)
 Metaspace       used 23205K, capacity 23519K, committed 23808K, reserved 1071104K
  class space    used 2168K, capacity 2288K, committed 2304K, reserved 1048576K
Event: 11.287 GC heap after
Heap after GC invocations=12 (full 1):
 PSYoungGen      total 425984K, used 14048K [0x0000000715980000, 0x0000000741000000, 0x00000007c0000000)
  eden space 334336K, 0% used [0x0000000715980000,0x0000000715980000,0x000000072a000000)
  from space 91648K, 15% used [0x000000072a000000,0x000000072adb8000,0x000000072f980000)
  to   space 90112K, 0% used [0x000000073b800000,0x000000073b800000,0x0000000741000000)
 ParOldGen       total 167424K, used 166919K [0x00000005c0c00000, 0x00000005caf80000, 0x0000000715980000)
  object space 167424K, 99% used [0x00000005c0c00000,0x00000005caf01da8,0x00000005caf80000)
 Metaspace       used 23205K, capacity 23519K, committed 23808K, reserved 1071104K
  class space    used 2168K, capacity 2288K, committed 2304K, reserved 1048576K
}
Event: 11.287 GC heap before
{Heap before GC invocations=13 (full 2):
 PSYoungGen      total 425984K, used 14048K [0x0000000715980000, 0x0000000741000000, 0x00000007c0000000)
  eden space 334336K, 0% used [0x0000000715980000,0x0000000715980000,0x000000072a000000)
  from space 91648K, 15% used [0x000000072a000000,0x000000072adb8000,0x000000072f980000)
  to   space 90112K, 0% used [0x000000073b800000,0x000000073b800000,0x0000000741000000)
 ParOldGen       total 167424K, used 166919K [0x00000005c0c00000, 0x00000005caf80000, 0x0000000715980000)
  object space 167424K, 99% used [0x00000005c0c00000,0x00000005caf01da8,0x00000005caf80000)
 Metaspace       used 23205K, capacity 23519K, committed 23808K, reserved 1071104K
  class space    used 2168K, capacity 2288K, committed 2304K, reserved 1048576K
Event: 11.603 GC heap after
Heap after GC invocations=13 (full 2):
 PSYoungGen      total 425984K, used 8217K [0x0000000715980000, 0x0000000741000000, 0x00000007c0000000)
  eden space 334336K, 0% used [0x0000000715980000,0x0000000715980000,0x000000072a000000)
  from space 91648K, 8% used [0x000000072a000000,0x000000072a8065c8,0x000000072f980000)
  to   space 90112K, 0% used [0x000000073b800000,0x000000073b800000,0x0000000741000000)
 ParOldGen       total 375808K, used 167297K [0x00000005c0c00000, 0x00000005d7b00000, 0x0000000715980000)
  object space 375808K, 44% used [0x00000005c0c00000,0x00000005caf605d0,0x00000005d7b00000)
 Metaspace       used 23205K, capacity 23519K, committed 23808K, reserved 1071104K
  class space    used 2168K, capacity 2288K, committed 2304K, reserved 1048576K
}
Event: 14.868 GC heap before
{Heap before GC invocations=14 (full 2):
 PSYoungGen      total 425984K, used 342553K [0x0000000715980000, 0x0000000741000000, 0x00000007c0000000)
  eden space 334336K, 100% used [0x0000000715980000,0x000000072a000000,0x000000072a000000)
  from space 91648K, 8% used [0x000000072a000000,0x000000072a8065c8,0x000000072f980000)
  to   space 90112K, 0% used [0x000000073b800000,0x000000073b800000,0x0000000741000000)
 ParOldGen       total 375808K, used 167297K [0x00000005c0c00000, 0x00000005d7b00000, 0x0000000715980000)
  object space 375808K, 44% used [0x00000005c0c00000,0x00000005caf605d0,0x00000005d7b00000)
 Metaspace       used 23208K, capacity 23519K, committed 23808K, reserved 1071104K
  class space    used 2168K, capacity 2288K, committed 2304K, reserved 1048576K
Event: 14.882 GC heap after
Heap after GC invocations=14 (full 2):
 PSYoungGen      total 518656K, used 288K [0x0000000715980000, 0x000000073de80000, 0x00000007c0000000)
  eden space 479232K, 0% used [0x0000000715980000,0x0000000715980000,0x0000000732d80000)
  from space 39424K, 0% used [0x000000073b800000,0x000000073b848000,0x000000073de80000)
  to   space 90624K, 0% used [0x0000000732d80000,0x0000000732d80000,0x0000000738600000)
 ParOldGen       total 375808K, used 175609K [0x00000005c0c00000, 0x00000005d7b00000, 0x0000000715980000)
  object space 375808K, 46% used [0x00000005c0c00000,0x00000005cb77e5d0,0x00000005d7b00000)
 Metaspace       used 23208K, capacity 23519K, committed 23808K, reserved 1071104K
  class space    used 2168K, capacity 2288K, committed 2304K, reserved 1048576K
}
Event: 18.849 GC heap before
{Heap before GC invocations=15 (full 2):
 PSYoungGen      total 518656K, used 479520K [0x0000000715980000, 0x000000073de80000, 0x00000007c0000000)
  eden space 479232K, 100% used [0x0000000715980000,0x0000000732d80000,0x0000000732d80000)
  from space 39424K, 0% used [0x000000073b800000,0x000000073b848000,0x000000073de80000)
  to   space 90624K, 0% used [0x0000000732d80000,0x0000000732d80000,0x0000000738600000)
 ParOldGen       total 375808K, used 175609K [0x00000005c0c00000, 0x00000005d7b00000, 0x0000000715980000)
  object space 375808K, 46% used [0x00000005c0c00000,0x00000005cb77e5d0,0x00000005d7b00000)
 Metaspace       used 23222K, capacity 23519K, committed 23808K, reserved 1071104K
  class space    used 2169K, capacity 2288K, committed 2304K, reserved 1048576K
Event: 18.854 GC heap after
Heap after GC invocations=15 (full 2):
 PSYoungGen      total 569856K, used 11840K [0x0000000715980000, 0x0000000749280000, 0x00000007c0000000)
  eden space 479232K, 0% used [0x0000000715980000,0x0000000715980000,0x0000000732d80000)
  from space 90624K, 13% used [0x0000000732d80000,0x0000000733910010,0x0000000738600000)
  to   space 87552K, 0% used [0x0000000743d00000,0x0000000743d00000,0x0000000749280000)
 ParOldGen       total 375808K, used 175665K [0x00000005c0c00000, 0x00000005d7b00000, 0x0000000715980000)
  object space 375808K, 46% used [0x00000005c0c00000,0x00000005cb78c5d0,0x00000005d7b00000)
 Metaspace       used 23222K, capacity 23519K, committed 23808K, reserved 1071104K
  class space    used 2169K, capacity 2288K, committed 2304K, reserved 1048576K
}

