# JRE version: OpenJDK Runtime Environment (8.0_252-b09) (build 1.8.0_252-b09)
# Java VM: OpenJDK 64-Bit Server VM (25.252-b09 mixed mode windows-amd64 compressed oops)
Heap:
 PSYoungGen      total 908288K, used 492543K [0x0000000715980000, 0x000000076d180000, 0x00000007c0000000)
  eden space 809472K, 58% used [0x0000000715980000,0x00000007328d6ea8,0x0000000747000000)
  from space 98816K, 18% used [0x0000000747000000,0x00000007481a8f08,0x000000074d080000)
  to   space 97280K, 0% used [0x0000000767280000,0x0000000767280000,0x000000076d180000)
 ParOldGen       total 349696K, used 144193K [0x00000005c0c00000, 0x00000005d6180000, 0x0000000715980000)
  object space 349696K, 41% used [0x00000005c0c00000,0x00000005c98d0500,0x00000005d6180000)
 Metaspace       used 23282K, capacity 23589K, committed 23808K, reserved 1071104K
  class space    used 2179K, capacity 2289K, committed 2304K, reserved 1048576K
GC Heap History (10 events):
Event: 3.789 GC heap before
{Heap before GC invocations=7 (full 1):
 PSYoungGen      total 246272K, used 246240K [0x0000000715980000, 0x0000000738700000, 0x00000007c0000000)
  eden space 224768K, 100% used [0x0000000715980000,0x0000000723500000,0x0000000723500000)
  from space 21504K, 99% used [0x0000000723500000,0x00000007249f8030,0x0000000724a00000)
  to   space 67584K, 0% used [0x0000000734500000,0x0000000734500000,0x0000000738700000)
 ParOldGen       total 142336K, used 80581K [0x00000005c0c00000, 0x00000005c9700000, 0x0000000715980000)
  object space 142336K, 56% used [0x00000005c0c00000,0x00000005c5ab15d0,0x00000005c9700000)
 Metaspace       used 23082K, capacity 23387K, committed 23808K, reserved 1071104K
  class space    used 2168K, capacity 2288K, committed 2304K, reserved 1048576K
Event: 3.808 GC heap after
Heap after GC invocations=7 (full 1):
 PSYoungGen      total 491520K, used 62400K [0x0000000715980000, 0x0000000739f80000, 0x00000007c0000000)
  eden space 423936K, 0% used [0x0000000715980000,0x0000000715980000,0x000000072f780000)
  from space 67584K, 92% used [0x0000000734500000,0x00000007381f0030,0x0000000738700000)
  to   space 79360K, 0% used [0x000000072f780000,0x000000072f780000,0x0000000734500000)
 ParOldGen       total 142336K, used 80589K [0x00000005c0c00000, 0x00000005c9700000, 0x0000000715980000)
  object space 142336K, 56% used [0x00000005c0c00000,0x00000005c5ab35d0,0x00000005c9700000)
 Metaspace       used 23082K, capacity 23387K, committed 23808K, reserved 1071104K
  class space    used 2168K, capacity 2288K, committed 2304K, reserved 1048576K
}
Event: 6.316 GC heap before
{Heap before GC invocations=8 (full 1):
 PSYoungGen      total 491520K, used 486336K [0x0000000715980000, 0x0000000739f80000, 0x00000007c0000000)
  eden space 423936K, 100% used [0x0000000715980000,0x000000072f780000,0x000000072f780000)
  from space 67584K, 92% used [0x0000000734500000,0x00000007381f0030,0x0000000738700000)
  to   space 79360K, 0% used [0x000000072f780000,0x000000072f780000,0x0000000734500000)
 ParOldGen       total 142336K, used 80589K [0x00000005c0c00000, 0x00000005c9700000, 0x0000000715980000)
  object space 142336K, 56% used [0x00000005c0c00000,0x00000005c5ab35d0,0x00000005c9700000)
 Metaspace       used 23198K, capacity 23519K, committed 23808K, reserved 1071104K
  class space    used 2168K, capacity 2288K, committed 2304K, reserved 1048576K
Event: 6.344 GC heap after
Heap after GC invocations=8 (full 1):
 PSYoungGen      total 503296K, used 79344K [0x0000000715980000, 0x0000000753600000, 0x00000007c0000000)
  eden space 423936K, 0% used [0x0000000715980000,0x0000000715980000,0x000000072f780000)
  from space 79360K, 99% used [0x000000072f780000,0x00000007344fc250,0x0000000734500000)
  to   space 97280K, 0% used [0x000000074d700000,0x000000074d700000,0x0000000753600000)
 ParOldGen       total 142336K, used 86341K [0x00000005c0c00000, 0x00000005c9700000, 0x0000000715980000)
  object space 142336K, 60% used [0x00000005c0c00000,0x00000005c60515d0,0x00000005c9700000)
 Metaspace       used 23198K, capacity 23519K, committed 23808K, reserved 1071104K
  class space    used 2168K, capacity 2288K, committed 2304K, reserved 1048576K
}
Event: 10.817 GC heap before
{Heap before GC invocations=9 (full 1):
 PSYoungGen      total 503296K, used 503280K [0x0000000715980000, 0x0000000753600000, 0x00000007c0000000)
  eden space 423936K, 100% used [0x0000000715980000,0x000000072f780000,0x000000072f780000)
  from space 79360K, 99% used [0x000000072f780000,0x00000007344fc250,0x0000000734500000)
  to   space 97280K, 0% used [0x000000074d700000,0x000000074d700000,0x0000000753600000)
 ParOldGen       total 142336K, used 86341K [0x00000005c0c00000, 0x00000005c9700000, 0x0000000715980000)
  object space 142336K, 60% used [0x00000005c0c00000,0x00000005c60515d0,0x00000005c9700000)
 Metaspace       used 23226K, capacity 23523K, committed 23808K, reserved 1071104K
  class space    used 2168K, capacity 2288K, committed 2304K, reserved 1048576K
Event: 10.840 GC heap after
Heap after GC invocations=9 (full 1):
 PSYoungGen      total 901632K, used 61296K [0x0000000715980000, 0x0000000753100000, 0x00000007c0000000)
  eden space 809472K, 0% used [0x0000000715980000,0x0000000715980000,0x0000000747000000)
  from space 92160K, 66% used [0x000000074d700000,0x00000007512dc010,0x0000000753100000)
  to   space 98816K, 0% used [0x0000000747000000,0x0000000747000000,0x000000074d080000)
 ParOldGen       total 142336K, used 104866K [0x00000005c0c00000, 0x00000005c9700000, 0x0000000715980000)
  object space 142336K, 73% used [0x00000005c0c00000,0x00000005c7268840,0x00000005c9700000)
 Metaspace       used 23226K, capacity 23523K, committed 23808K, reserved 1071104K
  class space    used 2168K, capacity 2288K, committed 2304K, reserved 1048576K
}
Event: 20.290 GC heap before
{Heap before GC invocations=10 (full 1):
 PSYoungGen      total 901632K, used 870768K [0x0000000715980000, 0x0000000753100000, 0x00000007c0000000)
  eden space 809472K, 100% used [0x0000000715980000,0x0000000747000000,0x0000000747000000)
  from space 92160K, 66% used [0x000000074d700000,0x00000007512dc010,0x0000000753100000)
  to   space 98816K, 0% used [0x0000000747000000,0x0000000747000000,0x000000074d080000)
 ParOldGen       total 142336K, used 104866K [0x00000005c0c00000, 0x00000005c9700000, 0x0000000715980000)
  object space 142336K, 73% used [0x00000005c0c00000,0x00000005c7268840,0x00000005c9700000)
 Metaspace       used 23241K, capacity 23523K, committed 23808K, reserved 1071104K
  class space    used 2169K, capacity 2288K, committed 2304K, reserved 1048576K
Event: 20.323 GC heap after
Heap after GC invocations=10 (full 1):
 PSYoungGen      total 908288K, used 22432K [0x0000000715980000, 0x000000076d180000, 0x00000007c0000000)
  eden space 809472K, 0% used [0x0000000715980000,0x0000000715980000,0x0000000747000000)
  from space 98816K, 22% used [0x0000000747000000,0x00000007485e8000,0x000000074d080000)
  to   space 97280K, 0% used [0x0000000767280000,0x0000000767280000,0x000000076d180000)
 ParOldGen       total 144384K, used 144162K [0x00000005c0c00000, 0x00000005c9900000, 0x0000000715980000)
  object space 144384K, 99% used [0x00000005c0c00000,0x00000005c98c8840,0x00000005c9900000)
 Metaspace       used 23241K, capacity 23523K, committed 23808K, reserved 1071104K
  class space    used 2169K, capacity 2288K, committed 2304K, reserved 1048576K
}
Event: 20.323 GC heap before
{Heap before GC invocations=11 (full 2):
 PSYoungGen      total 908288K, used 22432K [0x0000000715980000, 0x000000076d180000, 0x00000007c0000000)
  eden space 809472K, 0% used [0x0000000715980000,0x0000000715980000,0x0000000747000000)
  from space 98816K, 22% used [0x0000000747000000,0x00000007485e8000,0x000000074d080000)
  to   space 97280K, 0% used [0x0000000767280000,0x0000000767280000,0x000000076d180000)
 ParOldGen       total 144384K, used 144162K [0x00000005c0c00000, 0x00000005c9900000, 0x0000000715980000)
  object space 144384K, 99% used [0x00000005c0c00000,0x00000005c98c8840,0x00000005c9900000)
 Metaspace       used 23241K, capacity 23523K, committed 23808K, reserved 1071104K
  class space    used 2169K, capacity 2288K, committed 2304K, reserved 1048576K
Event: 20.632 GC heap after
Heap after GC invocations=11 (full 2):
 PSYoungGen      total 908288K, used 18083K [0x0000000715980000, 0x000000076d180000, 0x00000007c0000000)
  eden space 809472K, 0% used [0x0000000715980000,0x0000000715980000,0x0000000747000000)
  from space 98816K, 18% used [0x0000000747000000,0x00000007481a8f08,0x000000074d080000)
  to   space 97280K, 0% used [0x0000000767280000,0x0000000767280000,0x000000076d180000)
 ParOldGen       total 349696K, used 144193K [0x00000005c0c00000, 0x00000005d6180000, 0x0000000715980000)
  object space 349696K, 41% used [0x00000005c0c00000,0x00000005c98d0500,0x00000005d6180000)
 Metaspace       used 23241K, capacity 23523K, committed 23808K, reserved 1071104K
  class space    used 2169K, capacity 2288K, committed 2304K, reserved 1048576K
}

