# JRE version: OpenJDK Runtime Environment (8.0_252-b09) (build 1.8.0_252-b09)
# Java VM: OpenJDK 64-Bit Server VM (25.252-b09 mixed mode windows-amd64 compressed oops)
Heap:
 PSYoungGen      total 924672K, used 263616K [0x0000000715980000, 0x0000000754d80000, 0x00000007c0000000)
  eden space 826368K, 27% used [0x0000000715980000,0x00000007235fc750,0x0000000748080000)
  from space 98304K, 38% used [0x000000074ed80000,0x0000000751273ba0,0x0000000754d80000)
  to   space 104960K, 0% used [0x0000000748080000,0x0000000748080000,0x000000074e700000)
 ParOldGen       total 354304K, used 142122K [0x00000005c0c00000, 0x00000005d6600000, 0x0000000715980000)
  object space 354304K, 40% used [0x00000005c0c00000,0x00000005c96caac0,0x00000005d6600000)
 Metaspace       used 23248K, capacity 23525K, committed 23808K, reserved 1071104K
  class space    used 2178K, capacity 2289K, committed 2304K, reserved 1048576K
GC Heap History (10 events):
Event: 3.815 GC heap before
{Heap before GC invocations=6 (full 1):
 PSYoungGen      total 248832K, used 248809K [0x0000000715980000, 0x0000000727980000, 0x00000007c0000000)
  eden space 227328K, 100% used [0x0000000715980000,0x0000000723780000,0x0000000723780000)
  from space 21504K, 99% used [0x0000000724c80000,0x000000072617a408,0x0000000726180000)
  to   space 21504K, 0% used [0x0000000723780000,0x0000000723780000,0x0000000724c80000)
 ParOldGen       total 142336K, used 44176K [0x00000005c0c00000, 0x00000005c9700000, 0x0000000715980000)
  object space 142336K, 31% used [0x00000005c0c00000,0x00000005c37241e8,0x00000005c9700000)
 Metaspace       used 23074K, capacity 23387K, committed 23808K, reserved 1071104K
  class space    used 2168K, capacity 2288K, committed 2304K, reserved 1048576K
Event: 3.842 GC heap after
Heap after GC invocations=6 (full 1):
 PSYoungGen      total 248832K, used 21472K [0x0000000715980000, 0x0000000738d80000, 0x00000007c0000000)
  eden space 227328K, 0% used [0x0000000715980000,0x0000000715980000,0x0000000723780000)
  from space 21504K, 99% used [0x0000000723780000,0x0000000724c781f0,0x0000000724c80000)
  to   space 68096K, 0% used [0x0000000734b00000,0x0000000734b00000,0x0000000738d80000)
 ParOldGen       total 142336K, used 80808K [0x00000005c0c00000, 0x00000005c9700000, 0x0000000715980000)
  object space 142336K, 56% used [0x00000005c0c00000,0x00000005c5aea1e8,0x00000005c9700000)
 Metaspace       used 23074K, capacity 23387K, committed 23808K, reserved 1071104K
  class space    used 2168K, capacity 2288K, committed 2304K, reserved 1048576K
}
Event: 3.963 GC heap before
{Heap before GC invocations=7 (full 1):
 PSYoungGen      total 248832K, used 248800K [0x0000000715980000, 0x0000000738d80000, 0x00000007c0000000)
  eden space 227328K, 100% used [0x0000000715980000,0x0000000723780000,0x0000000723780000)
  from space 21504K, 99% used [0x0000000723780000,0x0000000724c781f0,0x0000000724c80000)
  to   space 68096K, 0% used [0x0000000734b00000,0x0000000734b00000,0x0000000738d80000)
 ParOldGen       total 142336K, used 80808K [0x00000005c0c00000, 0x00000005c9700000, 0x0000000715980000)
  object space 142336K, 56% used [0x00000005c0c00000,0x00000005c5aea1e8,0x00000005c9700000)
 Metaspace       used 23084K, capacity 23387K, committed 23808K, reserved 1071104K
  class space    used 2168K, capacity 2288K, committed 2304K, reserved 1048576K
Event: 3.981 GC heap after
Heap after GC invocations=7 (full 1):
 PSYoungGen      total 498688K, used 61359K [0x0000000715980000, 0x000000073a400000, 0x00000007c0000000)
  eden space 430592K, 0% used [0x0000000715980000,0x0000000715980000,0x000000072fe00000)
  from space 68096K, 90% used [0x0000000734b00000,0x00000007386ebfc0,0x0000000738d80000)
  to   space 78848K, 0% used [0x000000072fe00000,0x000000072fe00000,0x0000000734b00000)
 ParOldGen       total 142336K, used 80816K [0x00000005c0c00000, 0x00000005c9700000, 0x0000000715980000)
  object space 142336K, 56% used [0x00000005c0c00000,0x00000005c5aec1e8,0x00000005c9700000)
 Metaspace       used 23084K, capacity 23387K, committed 23808K, reserved 1071104K
  class space    used 2168K, capacity 2288K, committed 2304K, reserved 1048576K
}
Event: 5.525 GC heap before
{Heap before GC invocations=8 (full 1):
 PSYoungGen      total 498688K, used 491951K [0x0000000715980000, 0x000000073a400000, 0x00000007c0000000)
  eden space 430592K, 100% used [0x0000000715980000,0x000000072fe00000,0x000000072fe00000)
  from space 68096K, 90% used [0x0000000734b00000,0x00000007386ebfc0,0x0000000738d80000)
  to   space 78848K, 0% used [0x000000072fe00000,0x000000072fe00000,0x0000000734b00000)
 ParOldGen       total 142336K, used 80816K [0x00000005c0c00000, 0x00000005c9700000, 0x0000000715980000)
  object space 142336K, 56% used [0x00000005c0c00000,0x00000005c5aec1e8,0x00000005c9700000)
 Metaspace       used 23193K, capacity 23519K, committed 23808K, reserved 1071104K
  class space    used 2168K, capacity 2288K, committed 2304K, reserved 1048576K
Event: 5.563 GC heap after
Heap after GC invocations=8 (full 1):
 PSYoungGen      total 509440K, used 78816K [0x0000000715980000, 0x0000000755300000, 0x00000007c0000000)
  eden space 430592K, 0% used [0x0000000715980000,0x0000000715980000,0x000000072fe00000)
  from space 78848K, 99% used [0x000000072fe00000,0x0000000734af8020,0x0000000734b00000)
  to   space 103936K, 0% used [0x000000074ed80000,0x000000074ed80000,0x0000000755300000)
 ParOldGen       total 142336K, used 100272K [0x00000005c0c00000, 0x00000005c9700000, 0x0000000715980000)
  object space 142336K, 70% used [0x00000005c0c00000,0x00000005c6dec1e8,0x00000005c9700000)
 Metaspace       used 23193K, capacity 23519K, committed 23808K, reserved 1071104K
  class space    used 2168K, capacity 2288K, committed 2304K, reserved 1048576K
}
Event: 9.385 GC heap before
{Heap before GC invocations=9 (full 1):
 PSYoungGen      total 509440K, used 509408K [0x0000000715980000, 0x0000000755300000, 0x00000007c0000000)
  eden space 430592K, 100% used [0x0000000715980000,0x000000072fe00000,0x000000072fe00000)
  from space 78848K, 99% used [0x000000072fe00000,0x0000000734af8020,0x0000000734b00000)
  to   space 103936K, 0% used [0x000000074ed80000,0x000000074ed80000,0x0000000755300000)
 ParOldGen       total 142336K, used 100272K [0x00000005c0c00000, 0x00000005c9700000, 0x0000000715980000)
  object space 142336K, 70% used [0x00000005c0c00000,0x00000005c6dec1e8,0x00000005c9700000)
 Metaspace       used 23203K, capacity 23519K, committed 23808K, reserved 1071104K
  class space    used 2169K, capacity 2288K, committed 2304K, reserved 1048576K
Event: 9.410 GC heap after
Heap after GC invocations=9 (full 1):
 PSYoungGen      total 924672K, used 64192K [0x0000000715980000, 0x0000000754d80000, 0x00000007c0000000)
  eden space 826368K, 0% used [0x0000000715980000,0x0000000715980000,0x0000000748080000)
  from space 98304K, 65% used [0x000000074ed80000,0x0000000752c30020,0x0000000754d80000)
  to   space 104960K, 0% used [0x0000000748080000,0x0000000748080000,0x000000074e700000)
 ParOldGen       total 142336K, used 119649K [0x00000005c0c00000, 0x00000005c9700000, 0x0000000715980000)
  object space 142336K, 84% used [0x00000005c0c00000,0x00000005c80d8458,0x00000005c9700000)
 Metaspace       used 23203K, capacity 23519K, committed 23808K, reserved 1071104K
  class space    used 2169K, capacity 2288K, committed 2304K, reserved 1048576K
}
Event: 9.410 GC heap before
{Heap before GC invocations=10 (full 2):
 PSYoungGen      total 924672K, used 64192K [0x0000000715980000, 0x0000000754d80000, 0x00000007c0000000)
  eden space 826368K, 0% used [0x0000000715980000,0x0000000715980000,0x0000000748080000)
  from space 98304K, 65% used [0x000000074ed80000,0x0000000752c30020,0x0000000754d80000)
  to   space 104960K, 0% used [0x0000000748080000,0x0000000748080000,0x000000074e700000)
 ParOldGen       total 142336K, used 119649K [0x00000005c0c00000, 0x00000005c9700000, 0x0000000715980000)
  object space 142336K, 84% used [0x00000005c0c00000,0x00000005c80d8458,0x00000005c9700000)
 Metaspace       used 23203K, capacity 23519K, committed 23808K, reserved 1071104K
  class space    used 2169K, capacity 2288K, committed 2304K, reserved 1048576K
Event: 9.723 GC heap after
Heap after GC invocations=10 (full 2):
 PSYoungGen      total 924672K, used 37838K [0x0000000715980000, 0x0000000754d80000, 0x00000007c0000000)
  eden space 826368K, 0% used [0x0000000715980000,0x0000000715980000,0x0000000748080000)
  from space 98304K, 38% used [0x000000074ed80000,0x0000000751273ba0,0x0000000754d80000)
  to   space 104960K, 0% used [0x0000000748080000,0x0000000748080000,0x000000074e700000)
 ParOldGen       total 354304K, used 142122K [0x00000005c0c00000, 0x00000005d6600000, 0x0000000715980000)
  object space 354304K, 40% used [0x00000005c0c00000,0x00000005c96caac0,0x00000005d6600000)
 Metaspace       used 23203K, capacity 23519K, committed 23808K, reserved 1071104K
  class space    used 2169K, capacity 2288K, committed 2304K, reserved 1048576K
}

