# JRE version: OpenJDK Runtime Environment (8.0_252-b09) (build 1.8.0_252-b09)
# Java VM: OpenJDK 64-Bit Server VM (25.252-b09 mixed mode windows-amd64 compressed oops)
Heap:
 PSYoungGen      total 675328K, used 604640K [0x0000000715980000, 0x0000000743180000, 0x00000007c0000000)
  eden space 604160K, 100% used [0x0000000715980000,0x000000073a780000,0x000000073a780000)
  from space 71168K, 0% used [0x000000073ec00000,0x000000073ec78000,0x0000000743180000)
  to   space 70144K, 0% used [0x000000073a780000,0x000000073a780000,0x000000073ec00000)
 ParOldGen       total 383488K, used 177023K [0x00000005c0c00000, 0x00000005d8280000, 0x0000000715980000)
  object space 383488K, 46% used [0x00000005c0c00000,0x00000005cb8dff80,0x00000005d8280000)
 Metaspace       used 23362K, capacity 23653K, committed 24064K, reserved 1071104K
  class space    used 2182K, capacity 2289K, committed 2304K, reserved 1048576K
GC Heap History (10 events):
Event: 12.329 GC heap before
{Heap before GC invocations=12 (full 1):
 PSYoungGen      total 408576K, used 405216K [0x0000000715980000, 0x0000000734280000, 0x00000007c0000000)
  eden space 344064K, 100% used [0x0000000715980000,0x000000072a980000,0x000000072a980000)
  from space 64512K, 94% used [0x000000072f180000,0x0000000732d38010,0x0000000733080000)
  to   space 73728K, 0% used [0x000000072a980000,0x000000072a980000,0x000000072f180000)
 ParOldGen       total 138752K, used 102501K [0x00000005c0c00000, 0x00000005c9380000, 0x0000000715980000)
  object space 138752K, 73% used [0x00000005c0c00000,0x00000005c7019718,0x00000005c9380000)
 Metaspace       used 23200K, capacity 23519K, committed 23808K, reserved 1071104K
  class space    used 2167K, capacity 2288K, committed 2304K, reserved 1048576K
Event: 12.372 GC heap after
Heap after GC invocations=12 (full 1):
 PSYoungGen      total 417792K, used 15952K [0x0000000715980000, 0x000000073fc80000, 0x00000007c0000000)
  eden space 344064K, 0% used [0x0000000715980000,0x0000000715980000,0x000000072a980000)
  from space 73728K, 21% used [0x000000072a980000,0x000000072b914140,0x000000072f180000)
  to   space 71680K, 0% used [0x000000073b680000,0x000000073b680000,0x000000073fc80000)
 ParOldGen       total 163328K, used 162861K [0x00000005c0c00000, 0x00000005cab80000, 0x0000000715980000)
  object space 163328K, 99% used [0x00000005c0c00000,0x00000005cab0b718,0x00000005cab80000)
 Metaspace       used 23200K, capacity 23519K, committed 23808K, reserved 1071104K
  class space    used 2167K, capacity 2288K, committed 2304K, reserved 1048576K
}
Event: 12.372 GC heap before
{Heap before GC invocations=13 (full 2):
 PSYoungGen      total 417792K, used 15952K [0x0000000715980000, 0x000000073fc80000, 0x00000007c0000000)
  eden space 344064K, 0% used [0x0000000715980000,0x0000000715980000,0x000000072a980000)
  from space 73728K, 21% used [0x000000072a980000,0x000000072b914140,0x000000072f180000)
  to   space 71680K, 0% used [0x000000073b680000,0x000000073b680000,0x000000073fc80000)
 ParOldGen       total 163328K, used 162861K [0x00000005c0c00000, 0x00000005cab80000, 0x0000000715980000)
  object space 163328K, 99% used [0x00000005c0c00000,0x00000005cab0b718,0x00000005cab80000)
 Metaspace       used 23200K, capacity 23519K, committed 23808K, reserved 1071104K
  class space    used 2167K, capacity 2288K, committed 2304K, reserved 1048576K
Event: 12.796 GC heap after
Heap after GC invocations=13 (full 2):
 PSYoungGen      total 417792K, used 11645K [0x0000000715980000, 0x000000073fc80000, 0x00000007c0000000)
  eden space 344064K, 0% used [0x0000000715980000,0x0000000715980000,0x000000072a980000)
  from space 73728K, 15% used [0x000000072a980000,0x000000072b4df780,0x000000072f180000)
  to   space 71680K, 0% used [0x000000073b680000,0x000000073b680000,0x000000073fc80000)
 ParOldGen       total 383488K, used 162922K [0x00000005c0c00000, 0x00000005d8280000, 0x0000000715980000)
  object space 383488K, 42% used [0x00000005c0c00000,0x00000005cab1ab60,0x00000005d8280000)
 Metaspace       used 23200K, capacity 23519K, committed 23808K, reserved 1071104K
  class space    used 2167K, capacity 2288K, committed 2304K, reserved 1048576K
}
Event: 15.969 GC heap before
{Heap before GC invocations=14 (full 2):
 PSYoungGen      total 417792K, used 355709K [0x0000000715980000, 0x000000073fc80000, 0x00000007c0000000)
  eden space 344064K, 100% used [0x0000000715980000,0x000000072a980000,0x000000072a980000)
  from space 73728K, 15% used [0x000000072a980000,0x000000072b4df780,0x000000072f180000)
  to   space 71680K, 0% used [0x000000073b680000,0x000000073b680000,0x000000073fc80000)
 ParOldGen       total 383488K, used 162922K [0x00000005c0c00000, 0x00000005d8280000, 0x0000000715980000)
  object space 383488K, 42% used [0x00000005c0c00000,0x00000005cab1ab60,0x00000005d8280000)
 Metaspace       used 23297K, capacity 23583K, committed 23808K, reserved 1071104K
  class space    used 2171K, capacity 2288K, committed 2304K, reserved 1048576K
Event: 15.987 GC heap after
Heap after GC invocations=14 (full 2):
 PSYoungGen      total 465920K, used 2890K [0x0000000715980000, 0x000000073b980000, 0x00000007c0000000)
  eden space 462848K, 0% used [0x0000000715980000,0x0000000715980000,0x0000000731d80000)
  from space 3072K, 94% used [0x000000073b680000,0x000000073b9529e8,0x000000073b980000)
  to   space 71168K, 0% used [0x0000000732e80000,0x0000000732e80000,0x0000000737400000)
 ParOldGen       total 383488K, used 174362K [0x00000005c0c00000, 0x00000005d8280000, 0x0000000715980000)
  object space 383488K, 45% used [0x00000005c0c00000,0x00000005cb646b60,0x00000005d8280000)
 Metaspace       used 23297K, capacity 23583K, committed 23808K, reserved 1071104K
  class space    used 2171K, capacity 2288K, committed 2304K, reserved 1048576K
}
Event: 20.440 GC heap before
{Heap before GC invocations=15 (full 2):
 PSYoungGen      total 465920K, used 465738K [0x0000000715980000, 0x000000073b980000, 0x00000007c0000000)
  eden space 462848K, 100% used [0x0000000715980000,0x0000000731d80000,0x0000000731d80000)
  from space 3072K, 94% used [0x000000073b680000,0x000000073b9529e8,0x000000073b980000)
  to   space 71168K, 0% used [0x0000000732e80000,0x0000000732e80000,0x0000000737400000)
 ParOldGen       total 383488K, used 174362K [0x00000005c0c00000, 0x00000005d8280000, 0x0000000715980000)
  object space 383488K, 45% used [0x00000005c0c00000,0x00000005cb646b60,0x00000005d8280000)
 Metaspace       used 23314K, capacity 23583K, committed 23808K, reserved 1071104K
  class space    used 2172K, capacity 2288K, committed 2304K, reserved 1048576K
Event: 20.443 GC heap after
Heap after GC invocations=15 (full 2):
 PSYoungGen      total 551424K, used 448K [0x0000000715980000, 0x0000000743180000, 0x00000007c0000000)
  eden space 480256K, 0% used [0x0000000715980000,0x0000000715980000,0x0000000732e80000)
  from space 71168K, 0% used [0x0000000732e80000,0x0000000732ef0000,0x0000000737400000)
  to   space 71168K, 0% used [0x000000073ec00000,0x000000073ec00000,0x0000000743180000)
 ParOldGen       total 383488K, used 176959K [0x00000005c0c00000, 0x00000005d8280000, 0x0000000715980000)
  object space 383488K, 46% used [0x00000005c0c00000,0x00000005cb8cff80,0x00000005d8280000)
 Metaspace       used 23314K, capacity 23583K, committed 23808K, reserved 1071104K
  class space    used 2172K, capacity 2288K, committed 2304K, reserved 1048576K
}
Event: 24.955 GC heap before
{Heap before GC invocations=16 (full 2):
 PSYoungGen      total 551424K, used 480704K [0x0000000715980000, 0x0000000743180000, 0x00000007c0000000)
  eden space 480256K, 100% used [0x0000000715980000,0x0000000732e80000,0x0000000732e80000)
  from space 71168K, 0% used [0x0000000732e80000,0x0000000732ef0000,0x0000000737400000)
  to   space 71168K, 0% used [0x000000073ec00000,0x000000073ec00000,0x0000000743180000)
 ParOldGen       total 383488K, used 176959K [0x00000005c0c00000, 0x00000005d8280000, 0x0000000715980000)
  object space 383488K, 46% used [0x00000005c0c00000,0x00000005cb8cff80,0x00000005d8280000)
 Metaspace       used 23318K, capacity 23587K, committed 23808K, reserved 1071104K
  class space    used 2172K, capacity 2288K, committed 2304K, reserved 1048576K
Event: 24.957 GC heap after
Heap after GC invocations=16 (full 2):
 PSYoungGen      total 675328K, used 480K [0x0000000715980000, 0x0000000743180000, 0x00000007c0000000)
  eden space 604160K, 0% used [0x0000000715980000,0x0000000715980000,0x000000073a780000)
  from space 71168K, 0% used [0x000000073ec00000,0x000000073ec78000,0x0000000743180000)
  to   space 70144K, 0% used [0x000000073a780000,0x000000073a780000,0x000000073ec00000)
 ParOldGen       total 383488K, used 177023K [0x00000005c0c00000, 0x00000005d8280000, 0x0000000715980000)
  object space 383488K, 46% used [0x00000005c0c00000,0x00000005cb8dff80,0x00000005d8280000)
 Metaspace       used 23318K, capacity 23587K, committed 23808K, reserved 1071104K
  class space    used 2172K, capacity 2288K, committed 2304K, reserved 1048576K
}

