# JRE version: OpenJDK Runtime Environment (8.0_252-b09) (build 1.8.0_252-b09)
# Java VM: OpenJDK 64-Bit Server VM (25.252-b09 mixed mode windows-amd64 compressed oops)
Heap:
 PSYoungGen      total 257024K, used 49720K [0x0000000715980000, 0x000000072fe00000, 0x00000007c0000000)
  eden space 251392K, 17% used [0x0000000715980000,0x000000071849a060,0x0000000724f00000)
  from space 5632K, 99% used [0x000000072c880000,0x000000072cdf4240,0x000000072ce00000)
  to   space 31232K, 0% used [0x000000072df80000,0x000000072df80000,0x000000072fe00000)
 ParOldGen       total 141824K, used 61780K [0x00000005c0c00000, 0x00000005c9680000, 0x0000000715980000)
  object space 141824K, 43% used [0x00000005c0c00000,0x00000005c4855278,0x00000005c9680000)
 Metaspace       used 23266K, capacity 23521K, committed 23808K, reserved 1071104K
  class space    used 2176K, capacity 2289K, committed 2304K, reserved 1048576K
GC Heap History (10 events):
Event: 13.226 GC heap before
{Heap before GC invocations=8 (full 1):
 PSYoungGen      total 314368K, used 309024K [0x0000000715980000, 0x000000072aa00000, 0x00000007c0000000)
  eden space 287232K, 100% used [0x0000000715980000,0x0000000727200000,0x0000000727200000)
  from space 27136K, 80% used [0x0000000728f80000,0x000000072a4c8020,0x000000072aa00000)
  to   space 28672K, 0% used [0x0000000727200000,0x0000000727200000,0x0000000728e00000)
 ParOldGen       total 141824K, used 12612K [0x00000005c0c00000, 0x00000005c9680000, 0x0000000715980000)
  object space 141824K, 8% used [0x00000005c0c00000,0x00000005c1851248,0x00000005c9680000)
 Metaspace       used 23200K, capacity 23519K, committed 23808K, reserved 1071104K
  class space    used 2167K, capacity 2288K, committed 2304K, reserved 1048576K
Event: 13.237 GC heap after
Heap after GC invocations=8 (full 1):
 PSYoungGen      total 315904K, used 22032K [0x0000000715980000, 0x0000000732700000, 0x00000007c0000000)
  eden space 287232K, 0% used [0x0000000715980000,0x0000000715980000,0x0000000727200000)
  from space 28672K, 76% used [0x0000000727200000,0x0000000728784250,0x0000000728e00000)
  to   space 28672K, 0% used [0x0000000730b00000,0x0000000730b00000,0x0000000732700000)
 ParOldGen       total 141824K, used 12620K [0x00000005c0c00000, 0x00000005c9680000, 0x0000000715980000)
  object space 141824K, 8% used [0x00000005c0c00000,0x00000005c1853248,0x00000005c9680000)
 Metaspace       used 23200K, capacity 23519K, committed 23808K, reserved 1071104K
  class space    used 2167K, capacity 2288K, committed 2304K, reserved 1048576K
}
Event: 16.843 GC heap before
{Heap before GC invocations=9 (full 1):
 PSYoungGen      total 315904K, used 309264K [0x0000000715980000, 0x0000000732700000, 0x00000007c0000000)
  eden space 287232K, 100% used [0x0000000715980000,0x0000000727200000,0x0000000727200000)
  from space 28672K, 76% used [0x0000000727200000,0x0000000728784250,0x0000000728e00000)
  to   space 28672K, 0% used [0x0000000730b00000,0x0000000730b00000,0x0000000732700000)
 ParOldGen       total 141824K, used 12620K [0x00000005c0c00000, 0x00000005c9680000, 0x0000000715980000)
  object space 141824K, 8% used [0x00000005c0c00000,0x00000005c1853248,0x00000005c9680000)
 Metaspace       used 23204K, capacity 23521K, committed 23808K, reserved 1071104K
  class space    used 2168K, capacity 2289K, committed 2304K, reserved 1048576K
Event: 16.853 GC heap after
Heap after GC invocations=9 (full 1):
 PSYoungGen      total 299520K, used 21744K [0x0000000715980000, 0x0000000732080000, 0x00000007c0000000)
  eden space 277504K, 0% used [0x0000000715980000,0x0000000715980000,0x0000000726880000)
  from space 22016K, 98% used [0x0000000730b00000,0x000000073203c250,0x0000000732080000)
  to   space 28672K, 0% used [0x000000072e880000,0x000000072e880000,0x0000000730480000)
 ParOldGen       total 141824K, used 12620K [0x00000005c0c00000, 0x00000005c9680000, 0x0000000715980000)
  object space 141824K, 8% used [0x00000005c0c00000,0x00000005c1853248,0x00000005c9680000)
 Metaspace       used 23204K, capacity 23521K, committed 23808K, reserved 1071104K
  class space    used 2168K, capacity 2289K, committed 2304K, reserved 1048576K
}
Event: 20.747 GC heap before
{Heap before GC invocations=10 (full 1):
 PSYoungGen      total 299520K, used 299248K [0x0000000715980000, 0x0000000732080000, 0x00000007c0000000)
  eden space 277504K, 100% used [0x0000000715980000,0x0000000726880000,0x0000000726880000)
  from space 22016K, 98% used [0x0000000730b00000,0x000000073203c250,0x0000000732080000)
  to   space 28672K, 0% used [0x000000072e880000,0x000000072e880000,0x0000000730480000)
 ParOldGen       total 141824K, used 12620K [0x00000005c0c00000, 0x00000005c9680000, 0x0000000715980000)
  object space 141824K, 8% used [0x00000005c0c00000,0x00000005c1853248,0x00000005c9680000)
 Metaspace       used 23205K, capacity 23521K, committed 23808K, reserved 1071104K
  class space    used 2168K, capacity 2289K, committed 2304K, reserved 1048576K
Event: 20.758 GC heap after
Heap after GC invocations=10 (full 1):
 PSYoungGen      total 289792K, used 21328K [0x0000000715980000, 0x0000000730b80000, 0x00000007c0000000)
  eden space 268288K, 0% used [0x0000000715980000,0x0000000715980000,0x0000000725f80000)
  from space 21504K, 99% used [0x000000072e880000,0x000000072fd54250,0x000000072fd80000)
  to   space 14336K, 0% used [0x000000072fd80000,0x000000072fd80000,0x0000000730b80000)
 ParOldGen       total 141824K, used 12620K [0x00000005c0c00000, 0x00000005c9680000, 0x0000000715980000)
  object space 141824K, 8% used [0x00000005c0c00000,0x00000005c1853248,0x00000005c9680000)
 Metaspace       used 23205K, capacity 23521K, committed 23808K, reserved 1071104K
  class space    used 2168K, capacity 2289K, committed 2304K, reserved 1048576K
}
Event: 24.254 GC heap before
{Heap before GC invocations=11 (full 1):
 PSYoungGen      total 289792K, used 289616K [0x0000000715980000, 0x0000000730b80000, 0x00000007c0000000)
  eden space 268288K, 100% used [0x0000000715980000,0x0000000725f80000,0x0000000725f80000)
  from space 21504K, 99% used [0x000000072e880000,0x000000072fd54250,0x000000072fd80000)
  to   space 14336K, 0% used [0x000000072fd80000,0x000000072fd80000,0x0000000730b80000)
 ParOldGen       total 141824K, used 12620K [0x00000005c0c00000, 0x00000005c9680000, 0x0000000715980000)
  object space 141824K, 8% used [0x00000005c0c00000,0x00000005c1853248,0x00000005c9680000)
 Metaspace       used 23227K, capacity 23521K, committed 23808K, reserved 1071104K
  class space    used 2168K, capacity 2289K, committed 2304K, reserved 1048576K
Event: 24.267 GC heap after
Heap after GC invocations=11 (full 1):
 PSYoungGen      total 265728K, used 5664K [0x0000000715980000, 0x0000000730380000, 0x00000007c0000000)
  eden space 259584K, 0% used [0x0000000715980000,0x0000000715980000,0x0000000725700000)
  from space 6144K, 92% used [0x000000072fd80000,0x0000000730308010,0x0000000730380000)
  to   space 30208K, 0% used [0x000000072c880000,0x000000072c880000,0x000000072e600000)
 ParOldGen       total 141824K, used 61780K [0x00000005c0c00000, 0x00000005c9680000, 0x0000000715980000)
  object space 141824K, 43% used [0x00000005c0c00000,0x00000005c4855278,0x00000005c9680000)
 Metaspace       used 23227K, capacity 23521K, committed 23808K, reserved 1071104K
  class space    used 2168K, capacity 2289K, committed 2304K, reserved 1048576K
}
Event: 27.526 GC heap before
{Heap before GC invocations=12 (full 1):
 PSYoungGen      total 265728K, used 265248K [0x0000000715980000, 0x0000000730380000, 0x00000007c0000000)
  eden space 259584K, 100% used [0x0000000715980000,0x0000000725700000,0x0000000725700000)
  from space 6144K, 92% used [0x000000072fd80000,0x0000000730308010,0x0000000730380000)
  to   space 30208K, 0% used [0x000000072c880000,0x000000072c880000,0x000000072e600000)
 ParOldGen       total 141824K, used 61780K [0x00000005c0c00000, 0x00000005c9680000, 0x0000000715980000)
  object space 141824K, 43% used [0x00000005c0c00000,0x00000005c4855278,0x00000005c9680000)
 Metaspace       used 23227K, capacity 23521K, committed 23808K, reserved 1071104K
  class space    used 2168K, capacity 2289K, committed 2304K, reserved 1048576K
Event: 27.531 GC heap after
Heap after GC invocations=12 (full 1):
 PSYoungGen      total 257024K, used 5584K [0x0000000715980000, 0x000000072fe00000, 0x00000007c0000000)
  eden space 251392K, 0% used [0x0000000715980000,0x0000000715980000,0x0000000724f00000)
  from space 5632K, 99% used [0x000000072c880000,0x000000072cdf4240,0x000000072ce00000)
  to   space 31232K, 0% used [0x000000072df80000,0x000000072df80000,0x000000072fe00000)
 ParOldGen       total 141824K, used 61780K [0x00000005c0c00000, 0x00000005c9680000, 0x0000000715980000)
  object space 141824K, 43% used [0x00000005c0c00000,0x00000005c4855278,0x00000005c9680000)
 Metaspace       used 23227K, capacity 23521K, committed 23808K, reserved 1071104K
  class space    used 2168K, capacity 2289K, committed 2304K, reserved 1048576K
}

