# JRE version: OpenJDK Runtime Environment (8.0_252-b09) (build 1.8.0_252-b09)
# Java VM: OpenJDK 64-Bit Server VM (25.252-b09 mixed mode windows-amd64 compressed oops)
Heap:
 PSYoungGen      total 866304K, used 288930K [0x0000000715980000, 0x0000000764400000, 0x00000007c0000000)
  eden space 765440K, 37% used [0x0000000715980000,0x0000000727174a10,0x0000000744500000)
  from space 100864K, 2% used [0x0000000744500000,0x0000000744734010,0x000000074a780000)
  to   space 103424K, 0% used [0x000000075df00000,0x000000075df00000,0x0000000764400000)
 ParOldGen       total 347136K, used 160805K [0x00000005c0c00000, 0x00000005d5f00000, 0x0000000715980000)
  object space 347136K, 46% used [0x00000005c0c00000,0x00000005ca9097b8,0x00000005d5f00000)
 Metaspace       used 23271K, capacity 23525K, committed 23808K, reserved 1071104K
  class space    used 2179K, capacity 2289K, committed 2304K, reserved 1048576K
GC Heap History (10 events):
Event: 4.316 GC heap before
{Heap before GC invocations=7 (full 1):
 PSYoungGen      total 235008K, used 234976K [0x0000000715980000, 0x0000000737c00000, 0x00000007c0000000)
  eden space 213504K, 100% used [0x0000000715980000,0x0000000722a00000,0x0000000722a00000)
  from space 21504K, 99% used [0x0000000722a00000,0x0000000723ef8020,0x0000000723f00000)
  to   space 71680K, 0% used [0x0000000733600000,0x0000000733600000,0x0000000737c00000)
 ParOldGen       total 141824K, used 84813K [0x00000005c0c00000, 0x00000005c9680000, 0x0000000715980000)
  object space 141824K, 59% used [0x00000005c0c00000,0x00000005c5ed3660,0x00000005c9680000)
 Metaspace       used 23196K, capacity 23523K, committed 23808K, reserved 1071104K
  class space    used 2168K, capacity 2288K, committed 2304K, reserved 1048576K
Event: 4.345 GC heap after
Heap after GC invocations=7 (full 1):
 PSYoungGen      total 468480K, used 71669K [0x0000000715980000, 0x000000073a380000, 0x00000007c0000000)
  eden space 396800K, 0% used [0x0000000715980000,0x0000000715980000,0x000000072dd00000)
  from space 71680K, 99% used [0x0000000733600000,0x0000000737bfd778,0x0000000737c00000)
  to   space 91136K, 0% used [0x000000072dd00000,0x000000072dd00000,0x0000000733600000)
 ParOldGen       total 141824K, used 91733K [0x00000005c0c00000, 0x00000005c9680000, 0x0000000715980000)
  object space 141824K, 64% used [0x00000005c0c00000,0x00000005c6595660,0x00000005c9680000)
 Metaspace       used 23196K, capacity 23523K, committed 23808K, reserved 1071104K
  class space    used 2168K, capacity 2288K, committed 2304K, reserved 1048576K
}
Event: 5.264 GC heap before
{Heap before GC invocations=8 (full 1):
 PSYoungGen      total 468480K, used 468469K [0x0000000715980000, 0x000000073a380000, 0x00000007c0000000)
  eden space 396800K, 100% used [0x0000000715980000,0x000000072dd00000,0x000000072dd00000)
  from space 71680K, 99% used [0x0000000733600000,0x0000000737bfd778,0x0000000737c00000)
  to   space 91136K, 0% used [0x000000072dd00000,0x000000072dd00000,0x0000000733600000)
 ParOldGen       total 141824K, used 91733K [0x00000005c0c00000, 0x00000005c9680000, 0x0000000715980000)
  object space 141824K, 64% used [0x00000005c0c00000,0x00000005c6595660,0x00000005c9680000)
 Metaspace       used 23202K, capacity 23523K, committed 23808K, reserved 1071104K
  class space    used 2168K, capacity 2288K, committed 2304K, reserved 1048576K
Event: 5.287 GC heap after
Heap after GC invocations=8 (full 1):
 PSYoungGen      total 487936K, used 76480K [0x0000000715980000, 0x0000000751300000, 0x00000007c0000000)
  eden space 396800K, 0% used [0x0000000715980000,0x0000000715980000,0x000000072dd00000)
  from space 91136K, 83% used [0x000000072dd00000,0x00000007327b0020,0x0000000733600000)
  to   space 102400K, 0% used [0x000000074af00000,0x000000074af00000,0x0000000751300000)
 ParOldGen       total 141824K, used 91733K [0x00000005c0c00000, 0x00000005c9680000, 0x0000000715980000)
  object space 141824K, 64% used [0x00000005c0c00000,0x00000005c6595660,0x00000005c9680000)
 Metaspace       used 23202K, capacity 23523K, committed 23808K, reserved 1071104K
  class space    used 2168K, capacity 2288K, committed 2304K, reserved 1048576K
}
Event: 9.748 GC heap before
{Heap before GC invocations=9 (full 1):
 PSYoungGen      total 487936K, used 473280K [0x0000000715980000, 0x0000000751300000, 0x00000007c0000000)
  eden space 396800K, 100% used [0x0000000715980000,0x000000072dd00000,0x000000072dd00000)
  from space 91136K, 83% used [0x000000072dd00000,0x00000007327b0020,0x0000000733600000)
  to   space 102400K, 0% used [0x000000074af00000,0x000000074af00000,0x0000000751300000)
 ParOldGen       total 141824K, used 91733K [0x00000005c0c00000, 0x00000005c9680000, 0x0000000715980000)
  object space 141824K, 64% used [0x00000005c0c00000,0x00000005c6595660,0x00000005c9680000)
 Metaspace       used 23227K, capacity 23523K, committed 23808K, reserved 1071104K
  class space    used 2168K, capacity 2288K, committed 2304K, reserved 1048576K
Event: 9.772 GC heap after
Heap after GC invocations=9 (full 1):
 PSYoungGen      total 858624K, used 57920K [0x0000000715980000, 0x0000000750a00000, 0x00000007c0000000)
  eden space 765440K, 0% used [0x0000000715980000,0x0000000715980000,0x0000000744500000)
  from space 93184K, 62% used [0x000000074af00000,0x000000074e790000,0x0000000750a00000)
  to   space 100864K, 0% used [0x0000000744500000,0x0000000744500000,0x000000074a780000)
 ParOldGen       total 141824K, used 110661K [0x00000005c0c00000, 0x00000005c9680000, 0x0000000715980000)
  object space 141824K, 78% used [0x00000005c0c00000,0x00000005c78116a0,0x00000005c9680000)
 Metaspace       used 23227K, capacity 23523K, committed 23808K, reserved 1071104K
  class space    used 2168K, capacity 2288K, committed 2304K, reserved 1048576K
}
Event: 9.772 GC heap before
{Heap before GC invocations=10 (full 2):
 PSYoungGen      total 858624K, used 57920K [0x0000000715980000, 0x0000000750a00000, 0x00000007c0000000)
  eden space 765440K, 0% used [0x0000000715980000,0x0000000715980000,0x0000000744500000)
  from space 93184K, 62% used [0x000000074af00000,0x000000074e790000,0x0000000750a00000)
  to   space 100864K, 0% used [0x0000000744500000,0x0000000744500000,0x000000074a780000)
 ParOldGen       total 141824K, used 110661K [0x00000005c0c00000, 0x00000005c9680000, 0x0000000715980000)
  object space 141824K, 78% used [0x00000005c0c00000,0x00000005c78116a0,0x00000005c9680000)
 Metaspace       used 23227K, capacity 23523K, committed 23808K, reserved 1071104K
  class space    used 2168K, capacity 2288K, committed 2304K, reserved 1048576K
Event: 10.048 GC heap after
Heap after GC invocations=10 (full 2):
 PSYoungGen      total 858624K, used 20297K [0x0000000715980000, 0x0000000750a00000, 0x00000007c0000000)
  eden space 765440K, 0% used [0x0000000715980000,0x0000000715980000,0x0000000744500000)
  from space 93184K, 21% used [0x000000074af00000,0x000000074c2d27d8,0x0000000750a00000)
  to   space 100864K, 0% used [0x0000000744500000,0x0000000744500000,0x000000074a780000)
 ParOldGen       total 347136K, used 141765K [0x00000005c0c00000, 0x00000005d5f00000, 0x0000000715980000)
  object space 347136K, 40% used [0x00000005c0c00000,0x00000005c96717b8,0x00000005d5f00000)
 Metaspace       used 23227K, capacity 23523K, committed 23808K, reserved 1071104K
  class space    used 2168K, capacity 2288K, committed 2304K, reserved 1048576K
}
Event: 18.159 GC heap before
{Heap before GC invocations=11 (full 2):
 PSYoungGen      total 858624K, used 785737K [0x0000000715980000, 0x0000000750a00000, 0x00000007c0000000)
  eden space 765440K, 100% used [0x0000000715980000,0x0000000744500000,0x0000000744500000)
  from space 93184K, 21% used [0x000000074af00000,0x000000074c2d27d8,0x0000000750a00000)
  to   space 100864K, 0% used [0x0000000744500000,0x0000000744500000,0x000000074a780000)
 ParOldGen       total 347136K, used 141765K [0x00000005c0c00000, 0x00000005d5f00000, 0x0000000715980000)
  object space 347136K, 40% used [0x00000005c0c00000,0x00000005c96717b8,0x00000005d5f00000)
 Metaspace       used 23230K, capacity 23523K, committed 23808K, reserved 1071104K
  class space    used 2169K, capacity 2288K, committed 2304K, reserved 1048576K
Event: 18.182 GC heap after
Heap after GC invocations=11 (full 2):
 PSYoungGen      total 866304K, used 2256K [0x0000000715980000, 0x0000000764400000, 0x00000007c0000000)
  eden space 765440K, 0% used [0x0000000715980000,0x0000000715980000,0x0000000744500000)
  from space 100864K, 2% used [0x0000000744500000,0x0000000744734010,0x000000074a780000)
  to   space 103424K, 0% used [0x000000075df00000,0x000000075df00000,0x0000000764400000)
 ParOldGen       total 347136K, used 160805K [0x00000005c0c00000, 0x00000005d5f00000, 0x0000000715980000)
  object space 347136K, 46% used [0x00000005c0c00000,0x00000005ca9097b8,0x00000005d5f00000)
 Metaspace       used 23230K, capacity 23523K, committed 23808K, reserved 1071104K
  class space    used 2169K, capacity 2288K, committed 2304K, reserved 1048576K
}

