# JRE version: OpenJDK Runtime Environment (8.0_252-b09) (build 1.8.0_252-b09)
# Java VM: OpenJDK 64-Bit Server VM (25.252-b09 mixed mode windows-amd64 compressed oops)
Heap:
 PSYoungGen      total 488448K, used 350927K [0x0000000715980000, 0x0000000752f80000, 0x00000007c0000000)
  eden space 404992K, 66% used [0x0000000715980000,0x0000000725ebbf20,0x000000072e500000)
  from space 83456K, 99% used [0x000000072e500000,0x0000000733678020,0x0000000733680000)
  to   space 108032K, 0% used [0x000000074c600000,0x000000074c600000,0x0000000752f80000)
 ParOldGen       total 141824K, used 96479K [0x00000005c0c00000, 0x00000005c9680000, 0x0000000715980000)
  object space 141824K, 68% used [0x00000005c0c00000,0x00000005c6a37ff0,0x00000005c9680000)
 Metaspace       used 23255K, capacity 23521K, committed 23808K, reserved 1071104K
  class space    used 2180K, capacity 2289K, committed 2304K, reserved 1048576K
GC Heap History (10 events):
Event: 4.074 GC heap before
{Heap before GC invocations=4 (full 1):
 PSYoungGen      total 153088K, used 131584K [0x0000000715980000, 0x0000000720400000, 0x00000007c0000000)
  eden space 131584K, 100% used [0x0000000715980000,0x000000071da00000,0x000000071da00000)
  from space 21504K, 0% used [0x000000071ef00000,0x000000071ef00000,0x0000000720400000)
  to   space 21504K, 0% used [0x000000071da00000,0x000000071da00000,0x000000071ef00000)
 ParOldGen       total 141824K, used 10193K [0x00000005c0c00000, 0x00000005c9680000, 0x0000000715980000)
  object space 141824K, 7% used [0x00000005c0c00000,0x00000005c15f4608,0x00000005c9680000)
 Metaspace       used 23145K, capacity 23455K, committed 23808K, reserved 1071104K
  class space    used 2169K, capacity 2288K, committed 2304K, reserved 1048576K
Event: 4.084 GC heap after
Heap after GC invocations=4 (full 1):
 PSYoungGen      total 153088K, used 21472K [0x0000000715980000, 0x0000000725580000, 0x00000007c0000000)
  eden space 131584K, 0% used [0x0000000715980000,0x0000000715980000,0x000000071da00000)
  from space 21504K, 99% used [0x000000071da00000,0x000000071eef8020,0x000000071ef00000)
  to   space 21504K, 0% used [0x0000000724080000,0x0000000724080000,0x0000000725580000)
 ParOldGen       total 141824K, used 19058K [0x00000005c0c00000, 0x00000005c9680000, 0x0000000715980000)
  object space 141824K, 13% used [0x00000005c0c00000,0x00000005c1e9c990,0x00000005c9680000)
 Metaspace       used 23145K, capacity 23455K, committed 23808K, reserved 1071104K
  class space    used 2169K, capacity 2288K, committed 2304K, reserved 1048576K
}
Event: 4.156 GC heap before
{Heap before GC invocations=5 (full 1):
 PSYoungGen      total 153088K, used 153056K [0x0000000715980000, 0x0000000725580000, 0x00000007c0000000)
  eden space 131584K, 100% used [0x0000000715980000,0x000000071da00000,0x000000071da00000)
  from space 21504K, 99% used [0x000000071da00000,0x000000071eef8020,0x000000071ef00000)
  to   space 21504K, 0% used [0x0000000724080000,0x0000000724080000,0x0000000725580000)
 ParOldGen       total 141824K, used 19058K [0x00000005c0c00000, 0x00000005c9680000, 0x0000000715980000)
  object space 141824K, 13% used [0x00000005c0c00000,0x00000005c1e9c990,0x00000005c9680000)
 Metaspace       used 23153K, capacity 23455K, committed 23808K, reserved 1071104K
  class space    used 2169K, capacity 2288K, committed 2304K, reserved 1048576K
Event: 4.176 GC heap after
Heap after GC invocations=5 (full 1):
 PSYoungGen      total 236544K, used 21472K [0x0000000715980000, 0x0000000727b00000, 0x00000007c0000000)
  eden space 215040K, 0% used [0x0000000715980000,0x0000000715980000,0x0000000722b80000)
  from space 21504K, 99% used [0x0000000724080000,0x0000000725578020,0x0000000725580000)
  to   space 21504K, 0% used [0x0000000722b80000,0x0000000722b80000,0x0000000724080000)
 ParOldGen       total 141824K, used 42082K [0x00000005c0c00000, 0x00000005c9680000, 0x0000000715980000)
  object space 141824K, 29% used [0x00000005c0c00000,0x00000005c3518bd0,0x00000005c9680000)
 Metaspace       used 23153K, capacity 23455K, committed 23808K, reserved 1071104K
  class space    used 2169K, capacity 2288K, committed 2304K, reserved 1048576K
}
Event: 4.289 GC heap before
{Heap before GC invocations=6 (full 1):
 PSYoungGen      total 236544K, used 236512K [0x0000000715980000, 0x0000000727b00000, 0x00000007c0000000)
  eden space 215040K, 100% used [0x0000000715980000,0x0000000722b80000,0x0000000722b80000)
  from space 21504K, 99% used [0x0000000724080000,0x0000000725578020,0x0000000725580000)
  to   space 21504K, 0% used [0x0000000722b80000,0x0000000722b80000,0x0000000724080000)
 ParOldGen       total 141824K, used 42082K [0x00000005c0c00000, 0x00000005c9680000, 0x0000000715980000)
  object space 141824K, 29% used [0x00000005c0c00000,0x00000005c3518bd0,0x00000005c9680000)
 Metaspace       used 23174K, capacity 23519K, committed 23808K, reserved 1071104K
  class space    used 2169K, capacity 2288K, committed 2304K, reserved 1048576K
Event: 4.319 GC heap after
Heap after GC invocations=6 (full 1):
 PSYoungGen      total 236544K, used 21491K [0x0000000715980000, 0x0000000737980000, 0x00000007c0000000)
  eden space 215040K, 0% used [0x0000000715980000,0x0000000715980000,0x0000000722b80000)
  from space 21504K, 99% used [0x0000000722b80000,0x000000072407ce70,0x0000000724080000)
  to   space 68608K, 0% used [0x0000000733680000,0x0000000733680000,0x0000000737980000)
 ParOldGen       total 141824K, used 80311K [0x00000005c0c00000, 0x00000005c9680000, 0x0000000715980000)
  object space 141824K, 56% used [0x00000005c0c00000,0x00000005c5a6dff0,0x00000005c9680000)
 Metaspace       used 23174K, capacity 23519K, committed 23808K, reserved 1071104K
  class space    used 2169K, capacity 2288K, committed 2304K, reserved 1048576K
}
Event: 4.441 GC heap before
{Heap before GC invocations=7 (full 1):
 PSYoungGen      total 236544K, used 236531K [0x0000000715980000, 0x0000000737980000, 0x00000007c0000000)
  eden space 215040K, 100% used [0x0000000715980000,0x0000000722b80000,0x0000000722b80000)
  from space 21504K, 99% used [0x0000000722b80000,0x000000072407ce70,0x0000000724080000)
  to   space 68608K, 0% used [0x0000000733680000,0x0000000733680000,0x0000000737980000)
 ParOldGen       total 141824K, used 80311K [0x00000005c0c00000, 0x00000005c9680000, 0x0000000715980000)
  object space 141824K, 56% used [0x00000005c0c00000,0x00000005c5a6dff0,0x00000005c9680000)
 Metaspace       used 23174K, capacity 23519K, committed 23808K, reserved 1071104K
  class space    used 2169K, capacity 2288K, committed 2304K, reserved 1048576K
Event: 4.463 GC heap after
Heap after GC invocations=7 (full 1):
 PSYoungGen      total 473600K, used 68576K [0x0000000715980000, 0x0000000739780000, 0x00000007c0000000)
  eden space 404992K, 0% used [0x0000000715980000,0x0000000715980000,0x000000072e500000)
  from space 68608K, 99% used [0x0000000733680000,0x0000000737978030,0x0000000737980000)
  to   space 83456K, 0% used [0x000000072e500000,0x000000072e500000,0x0000000733680000)
 ParOldGen       total 141824K, used 80543K [0x00000005c0c00000, 0x00000005c9680000, 0x0000000715980000)
  object space 141824K, 56% used [0x00000005c0c00000,0x00000005c5aa7ff0,0x00000005c9680000)
 Metaspace       used 23174K, capacity 23519K, committed 23808K, reserved 1071104K
  class space    used 2169K, capacity 2288K, committed 2304K, reserved 1048576K
}
Event: 5.408 GC heap before
{Heap before GC invocations=8 (full 1):
 PSYoungGen      total 473600K, used 473568K [0x0000000715980000, 0x0000000739780000, 0x00000007c0000000)
  eden space 404992K, 100% used [0x0000000715980000,0x000000072e500000,0x000000072e500000)
  from space 68608K, 99% used [0x0000000733680000,0x0000000737978030,0x0000000737980000)
  to   space 83456K, 0% used [0x000000072e500000,0x000000072e500000,0x0000000733680000)
 ParOldGen       total 141824K, used 80543K [0x00000005c0c00000, 0x00000005c9680000, 0x0000000715980000)
  object space 141824K, 56% used [0x00000005c0c00000,0x00000005c5aa7ff0,0x00000005c9680000)
 Metaspace       used 23199K, capacity 23519K, committed 23808K, reserved 1071104K
  class space    used 2169K, capacity 2288K, committed 2304K, reserved 1048576K
Event: 5.444 GC heap after
Heap after GC invocations=8 (full 1):
 PSYoungGen      total 488448K, used 83424K [0x0000000715980000, 0x0000000752f80000, 0x00000007c0000000)
  eden space 404992K, 0% used [0x0000000715980000,0x0000000715980000,0x000000072e500000)
  from space 83456K, 99% used [0x000000072e500000,0x0000000733678020,0x0000000733680000)
  to   space 108032K, 0% used [0x000000074c600000,0x000000074c600000,0x0000000752f80000)
 ParOldGen       total 141824K, used 96479K [0x00000005c0c00000, 0x00000005c9680000, 0x0000000715980000)
  object space 141824K, 68% used [0x00000005c0c00000,0x00000005c6a37ff0,0x00000005c9680000)
 Metaspace       used 23199K, capacity 23519K, committed 23808K, reserved 1071104K
  class space    used 2169K, capacity 2288K, committed 2304K, reserved 1048576K
}

