# JRE version: OpenJDK Runtime Environment (8.0_252-b09) (build 1.8.0_252-b09)
# Java VM: OpenJDK 64-Bit Server VM (25.252-b09 mixed mode windows-amd64 compressed oops)
Heap:
 PSYoungGen      total 1240576K, used 1020108K [0x0000000715980000, 0x000000077a500000, 0x00000007c0000000)
  eden space 952320K, 77% used [0x0000000715980000,0x0000000742dfb308,0x000000074fb80000)
  from space 288256K, 96% used [0x000000074fb80000,0x0000000760b37fa0,0x0000000761500000)
  to   space 329216K, 0% used [0x0000000766380000,0x0000000766380000,0x000000077a500000)
 ParOldGen       total 414720K, used 310132K [0x00000005c0c00000, 0x00000005da100000, 0x0000000715980000)
  object space 414720K, 74% used [0x00000005c0c00000,0x00000005d3add060,0x00000005da100000)
 Metaspace       used 23280K, capacity 23589K, committed 23808K, reserved 1071104K
  class space    used 2177K, capacity 2289K, committed 2304K, reserved 1048576K
GC Heap History (10 events):
Event: 29.072 GC heap before
{Heap before GC invocations=15 (full 2):
 PSYoungGen      total 1003520K, used 940768K [0x0000000715980000, 0x0000000760600000, 0x00000007c0000000)
  eden space 830976K, 100% used [0x0000000715980000,0x0000000748500000,0x0000000748500000)
  from space 172544K, 63% used [0x0000000755d80000,0x000000075c8b8010,0x0000000760600000)
  to   space 197120K, 0% used [0x0000000748500000,0x0000000748500000,0x0000000754580000)
 ParOldGen       total 414720K, used 310132K [0x00000005c0c00000, 0x00000005da100000, 0x0000000715980000)
  object space 414720K, 74% used [0x00000005c0c00000,0x00000005d3add060,0x00000005da100000)
 Metaspace       used 23231K, capacity 23523K, committed 23808K, reserved 1071104K
  class space    used 2167K, capacity 2288K, committed 2304K, reserved 1048576K
Event: 29.116 GC heap after
Heap after GC invocations=15 (full 2):
 PSYoungGen      total 1028096K, used 154912K [0x0000000715980000, 0x0000000768400000, 0x00000007c0000000)
  eden space 830976K, 0% used [0x0000000715980000,0x0000000715980000,0x0000000748500000)
  from space 197120K, 78% used [0x0000000748500000,0x0000000751c48010,0x0000000754580000)
  to   space 211456K, 0% used [0x000000075b580000,0x000000075b580000,0x0000000768400000)
 ParOldGen       total 414720K, used 310132K [0x00000005c0c00000, 0x00000005da100000, 0x0000000715980000)
  object space 414720K, 74% used [0x00000005c0c00000,0x00000005d3add060,0x00000005da100000)
 Metaspace       used 23231K, capacity 23523K, committed 23808K, reserved 1071104K
  class space    used 2167K, capacity 2288K, committed 2304K, reserved 1048576K
}
Event: 36.548 GC heap before
{Heap before GC invocations=16 (full 2):
 PSYoungGen      total 1028096K, used 985888K [0x0000000715980000, 0x0000000768400000, 0x00000007c0000000)
  eden space 830976K, 100% used [0x0000000715980000,0x0000000748500000,0x0000000748500000)
  from space 197120K, 78% used [0x0000000748500000,0x0000000751c48010,0x0000000754580000)
  to   space 211456K, 0% used [0x000000075b580000,0x000000075b580000,0x0000000768400000)
 ParOldGen       total 414720K, used 310132K [0x00000005c0c00000, 0x00000005da100000, 0x0000000715980000)
  object space 414720K, 74% used [0x00000005c0c00000,0x00000005d3add060,0x00000005da100000)
 Metaspace       used 23234K, capacity 23525K, committed 23808K, reserved 1071104K
  class space    used 2168K, capacity 2289K, committed 2304K, reserved 1048576K
Event: 36.609 GC heap after
Heap after GC invocations=16 (full 2):
 PSYoungGen      total 1125376K, used 166476K [0x0000000715980000, 0x0000000769100000, 0x00000007c0000000)
  eden space 913920K, 0% used [0x0000000715980000,0x0000000715980000,0x000000074d600000)
  from space 211456K, 78% used [0x000000075b580000,0x00000007658131c0,0x0000000768400000)
  to   space 226816K, 0% used [0x000000074d600000,0x000000074d600000,0x000000075b380000)
 ParOldGen       total 414720K, used 310132K [0x00000005c0c00000, 0x00000005da100000, 0x0000000715980000)
  object space 414720K, 74% used [0x00000005c0c00000,0x00000005d3add060,0x00000005da100000)
 Metaspace       used 23234K, capacity 23525K, committed 23808K, reserved 1071104K
  class space    used 2168K, capacity 2289K, committed 2304K, reserved 1048576K
}
Event: 43.210 GC heap before
{Heap before GC invocations=17 (full 2):
 PSYoungGen      total 1125376K, used 1080396K [0x0000000715980000, 0x0000000769100000, 0x00000007c0000000)
  eden space 913920K, 100% used [0x0000000715980000,0x000000074d600000,0x000000074d600000)
  from space 211456K, 78% used [0x000000075b580000,0x00000007658131c0,0x0000000768400000)
  to   space 226816K, 0% used [0x000000074d600000,0x000000074d600000,0x000000075b380000)
 ParOldGen       total 414720K, used 310132K [0x00000005c0c00000, 0x00000005da100000, 0x0000000715980000)
  object space 414720K, 74% used [0x00000005c0c00000,0x00000005d3add060,0x00000005da100000)
 Metaspace       used 23236K, capacity 23525K, committed 23808K, reserved 1071104K
  class space    used 2168K, capacity 2289K, committed 2304K, reserved 1048576K
Event: 43.263 GC heap after
Heap after GC invocations=17 (full 2):
 PSYoungGen      total 1140736K, used 201504K [0x0000000715980000, 0x0000000770a80000, 0x00000007c0000000)
  eden space 913920K, 0% used [0x0000000715980000,0x0000000715980000,0x000000074d600000)
  from space 226816K, 88% used [0x000000074d600000,0x0000000759ac8010,0x000000075b380000)
  to   space 251392K, 0% used [0x0000000761500000,0x0000000761500000,0x0000000770a80000)
 ParOldGen       total 414720K, used 310132K [0x00000005c0c00000, 0x00000005da100000, 0x0000000715980000)
  object space 414720K, 74% used [0x00000005c0c00000,0x00000005d3add060,0x00000005da100000)
 Metaspace       used 23236K, capacity 23525K, committed 23808K, reserved 1071104K
  class space    used 2168K, capacity 2289K, committed 2304K, reserved 1048576K
}
Event: 49.092 GC heap before
{Heap before GC invocations=18 (full 2):
 PSYoungGen      total 1140736K, used 1115424K [0x0000000715980000, 0x0000000770a80000, 0x00000007c0000000)
  eden space 913920K, 100% used [0x0000000715980000,0x000000074d600000,0x000000074d600000)
  from space 226816K, 88% used [0x000000074d600000,0x0000000759ac8010,0x000000075b380000)
  to   space 251392K, 0% used [0x0000000761500000,0x0000000761500000,0x0000000770a80000)
 ParOldGen       total 414720K, used 310132K [0x00000005c0c00000, 0x00000005da100000, 0x0000000715980000)
  object space 414720K, 74% used [0x00000005c0c00000,0x00000005d3add060,0x00000005da100000)
 Metaspace       used 23242K, capacity 23525K, committed 23808K, reserved 1071104K
  class space    used 2168K, capacity 2289K, committed 2304K, reserved 1048576K
Event: 49.172 GC heap after
Heap after GC invocations=18 (full 2):
 PSYoungGen      total 1203712K, used 248064K [0x0000000715980000, 0x0000000774900000, 0x00000007c0000000)
  eden space 952320K, 0% used [0x0000000715980000,0x0000000715980000,0x000000074fb80000)
  from space 251392K, 98% used [0x0000000761500000,0x0000000770740010,0x0000000770a80000)
  to   space 288256K, 0% used [0x000000074fb80000,0x000000074fb80000,0x0000000761500000)
 ParOldGen       total 414720K, used 310132K [0x00000005c0c00000, 0x00000005da100000, 0x0000000715980000)
  object space 414720K, 74% used [0x00000005c0c00000,0x00000005d3add060,0x00000005da100000)
 Metaspace       used 23242K, capacity 23525K, committed 23808K, reserved 1071104K
  class space    used 2168K, capacity 2289K, committed 2304K, reserved 1048576K
}
Event: 56.245 GC heap before
{Heap before GC invocations=19 (full 2):
 PSYoungGen      total 1203712K, used 1200384K [0x0000000715980000, 0x0000000774900000, 0x00000007c0000000)
  eden space 952320K, 100% used [0x0000000715980000,0x000000074fb80000,0x000000074fb80000)
  from space 251392K, 98% used [0x0000000761500000,0x0000000770740010,0x0000000770a80000)
  to   space 288256K, 0% used [0x000000074fb80000,0x000000074fb80000,0x0000000761500000)
 ParOldGen       total 414720K, used 310132K [0x00000005c0c00000, 0x00000005da100000, 0x0000000715980000)
  object space 414720K, 74% used [0x00000005c0c00000,0x00000005d3add060,0x00000005da100000)
 Metaspace       used 23243K, capacity 23525K, committed 23808K, reserved 1071104K
  class space    used 2168K, capacity 2289K, committed 2304K, reserved 1048576K
Event: 56.320 GC heap after
Heap after GC invocations=19 (full 2):
 PSYoungGen      total 1240576K, used 278239K [0x0000000715980000, 0x000000077a500000, 0x00000007c0000000)
  eden space 952320K, 0% used [0x0000000715980000,0x0000000715980000,0x000000074fb80000)
  from space 288256K, 96% used [0x000000074fb80000,0x0000000760b37fa0,0x0000000761500000)
  to   space 329216K, 0% used [0x0000000766380000,0x0000000766380000,0x000000077a500000)
 ParOldGen       total 414720K, used 310132K [0x00000005c0c00000, 0x00000005da100000, 0x0000000715980000)
  object space 414720K, 74% used [0x00000005c0c00000,0x00000005d3add060,0x00000005da100000)
 Metaspace       used 23243K, capacity 23525K, committed 23808K, reserved 1071104K
  class space    used 2168K, capacity 2289K, committed 2304K, reserved 1048576K
}

