# JRE version: OpenJDK Runtime Environment (8.0_252-b09) (build 1.8.0_252-b09)
# Java VM: OpenJDK 64-Bit Server VM (25.252-b09 mixed mode windows-amd64 compressed oops)
Heap:
 PSYoungGen      total 1065472K, used 188992K [0x0000000715980000, 0x000000075dc00000, 0x00000007c0000000)
  eden space 954880K, 12% used [0x0000000715980000,0x000000071ce70218,0x000000074fe00000)
  from space 110592K, 62% used [0x0000000756f00000,0x000000075b2a0000,0x000000075db00000)
  to   space 113664K, 0% used [0x000000074fe00000,0x000000074fe00000,0x0000000756d00000)
 ParOldGen       total 143360K, used 108465K [0x00000005c0c00000, 0x00000005c9800000, 0x0000000715980000)
  object space 143360K, 75% used [0x00000005c0c00000,0x00000005c75ec7a0,0x00000005c9800000)
 Metaspace       used 23277K, capacity 23521K, committed 23808K, reserved 1071104K
  class space    used 2183K, capacity 2289K, committed 2304K, reserved 1048576K
GC Heap History (10 events):
Event: 4.696 GC heap before
{Heap before GC invocations=5 (full 1):
 PSYoungGen      total 153088K, used 131584K [0x0000000715980000, 0x0000000728480000, 0x00000007c0000000)
  eden space 131584K, 100% used [0x0000000715980000,0x000000071da00000,0x000000071da00000)
  from space 21504K, 0% used [0x000000071da00000,0x000000071da00000,0x000000071ef00000)
  to   space 21504K, 0% used [0x0000000726f80000,0x0000000726f80000,0x0000000728480000)
 ParOldGen       total 143360K, used 7966K [0x00000005c0c00000, 0x00000005c9800000, 0x0000000715980000)
  object space 143360K, 5% used [0x00000005c0c00000,0x00000005c13c7b70,0x00000005c9800000)
 Metaspace       used 23176K, capacity 23519K, committed 23808K, reserved 1071104K
  class space    used 2172K, capacity 2288K, committed 2304K, reserved 1048576K
Event: 4.708 GC heap after
Heap after GC invocations=5 (full 1):
 PSYoungGen      total 280576K, used 21488K [0x0000000715980000, 0x0000000728480000, 0x00000007c0000000)
  eden space 259072K, 0% used [0x0000000715980000,0x0000000715980000,0x0000000725680000)
  from space 21504K, 99% used [0x0000000726f80000,0x000000072847c250,0x0000000728480000)
  to   space 21504K, 0% used [0x0000000725a80000,0x0000000725a80000,0x0000000726f80000)
 ParOldGen       total 143360K, used 17008K [0x00000005c0c00000, 0x00000005c9800000, 0x0000000715980000)
  object space 143360K, 11% used [0x00000005c0c00000,0x00000005c1c9c1c8,0x00000005c9800000)
 Metaspace       used 23176K, capacity 23519K, committed 23808K, reserved 1071104K
  class space    used 2172K, capacity 2288K, committed 2304K, reserved 1048576K
}
Event: 4.873 GC heap before
{Heap before GC invocations=6 (full 1):
 PSYoungGen      total 280576K, used 280560K [0x0000000715980000, 0x0000000728480000, 0x00000007c0000000)
  eden space 259072K, 100% used [0x0000000715980000,0x0000000725680000,0x0000000725680000)
  from space 21504K, 99% used [0x0000000726f80000,0x000000072847c250,0x0000000728480000)
  to   space 21504K, 0% used [0x0000000725a80000,0x0000000725a80000,0x0000000726f80000)
 ParOldGen       total 143360K, used 17008K [0x00000005c0c00000, 0x00000005c9800000, 0x0000000715980000)
  object space 143360K, 11% used [0x00000005c0c00000,0x00000005c1c9c1c8,0x00000005c9800000)
 Metaspace       used 23209K, capacity 23519K, committed 23808K, reserved 1071104K
  class space    used 2172K, capacity 2288K, committed 2304K, reserved 1048576K
Event: 4.910 GC heap after
Heap after GC invocations=6 (full 1):
 PSYoungGen      total 284672K, used 21488K [0x0000000715980000, 0x000000073c880000, 0x00000007c0000000)
  eden space 263168K, 0% used [0x0000000715980000,0x0000000715980000,0x0000000725a80000)
  from space 21504K, 99% used [0x0000000725a80000,0x0000000726f7c260,0x0000000726f80000)
  to   space 63488K, 0% used [0x0000000738a80000,0x0000000738a80000,0x000000073c880000)
 ParOldGen       total 143360K, used 65081K [0x00000005c0c00000, 0x00000005c9800000, 0x0000000715980000)
  object space 143360K, 45% used [0x00000005c0c00000,0x00000005c4b8e530,0x00000005c9800000)
 Metaspace       used 23209K, capacity 23519K, committed 23808K, reserved 1071104K
  class space    used 2172K, capacity 2288K, committed 2304K, reserved 1048576K
}
Event: 5.048 GC heap before
{Heap before GC invocations=7 (full 1):
 PSYoungGen      total 284672K, used 284656K [0x0000000715980000, 0x000000073c880000, 0x00000007c0000000)
  eden space 263168K, 100% used [0x0000000715980000,0x0000000725a80000,0x0000000725a80000)
  from space 21504K, 99% used [0x0000000725a80000,0x0000000726f7c260,0x0000000726f80000)
  to   space 63488K, 0% used [0x0000000738a80000,0x0000000738a80000,0x000000073c880000)
 ParOldGen       total 143360K, used 65081K [0x00000005c0c00000, 0x00000005c9800000, 0x0000000715980000)
  object space 143360K, 45% used [0x00000005c0c00000,0x00000005c4b8e530,0x00000005c9800000)
 Metaspace       used 23210K, capacity 23519K, committed 23808K, reserved 1071104K
  class space    used 2172K, capacity 2288K, committed 2304K, reserved 1048576K
Event: 5.077 GC heap after
Heap after GC invocations=7 (full 1):
 PSYoungGen      total 551424K, used 63472K [0x0000000715980000, 0x000000073fe00000, 0x00000007c0000000)
  eden space 487936K, 0% used [0x0000000715980000,0x0000000715980000,0x0000000733600000)
  from space 63488K, 99% used [0x0000000738a80000,0x000000073c87c260,0x000000073c880000)
  to   space 86528K, 0% used [0x0000000733600000,0x0000000733600000,0x0000000738a80000)
 ParOldGen       total 143360K, used 79633K [0x00000005c0c00000, 0x00000005c9800000, 0x0000000715980000)
  object space 143360K, 55% used [0x00000005c0c00000,0x00000005c59c4530,0x00000005c9800000)
 Metaspace       used 23210K, capacity 23519K, committed 23808K, reserved 1071104K
  class space    used 2172K, capacity 2288K, committed 2304K, reserved 1048576K
}
Event: 6.174 GC heap before
{Heap before GC invocations=8 (full 1):
 PSYoungGen      total 551424K, used 551408K [0x0000000715980000, 0x000000073fe00000, 0x00000007c0000000)
  eden space 487936K, 100% used [0x0000000715980000,0x0000000733600000,0x0000000733600000)
  from space 63488K, 99% used [0x0000000738a80000,0x000000073c87c260,0x000000073c880000)
  to   space 86528K, 0% used [0x0000000733600000,0x0000000733600000,0x0000000738a80000)
 ParOldGen       total 143360K, used 79633K [0x00000005c0c00000, 0x00000005c9800000, 0x0000000715980000)
  object space 143360K, 55% used [0x00000005c0c00000,0x00000005c59c4530,0x00000005c9800000)
 Metaspace       used 23221K, capacity 23519K, committed 23808K, reserved 1071104K
  class space    used 2172K, capacity 2288K, committed 2304K, reserved 1048576K
Event: 6.210 GC heap after
Heap after GC invocations=8 (full 1):
 PSYoungGen      total 574464K, used 86496K [0x0000000715980000, 0x000000075db00000, 0x00000007c0000000)
  eden space 487936K, 0% used [0x0000000715980000,0x0000000715980000,0x0000000733600000)
  from space 86528K, 99% used [0x0000000733600000,0x0000000738a78260,0x0000000738a80000)
  to   space 110592K, 0% used [0x0000000756f00000,0x0000000756f00000,0x000000075db00000)
 ParOldGen       total 143360K, used 90761K [0x00000005c0c00000, 0x00000005c9800000, 0x0000000715980000)
  object space 143360K, 63% used [0x00000005c0c00000,0x00000005c64a2530,0x00000005c9800000)
 Metaspace       used 23221K, capacity 23519K, committed 23808K, reserved 1071104K
  class space    used 2172K, capacity 2288K, committed 2304K, reserved 1048576K
}
Event: 10.785 GC heap before
{Heap before GC invocations=9 (full 1):
 PSYoungGen      total 574464K, used 574432K [0x0000000715980000, 0x000000075db00000, 0x00000007c0000000)
  eden space 487936K, 100% used [0x0000000715980000,0x0000000733600000,0x0000000733600000)
  from space 86528K, 99% used [0x0000000733600000,0x0000000738a78260,0x0000000738a80000)
  to   space 110592K, 0% used [0x0000000756f00000,0x0000000756f00000,0x000000075db00000)
 ParOldGen       total 143360K, used 90761K [0x00000005c0c00000, 0x00000005c9800000, 0x0000000715980000)
  object space 143360K, 63% used [0x00000005c0c00000,0x00000005c64a2530,0x00000005c9800000)
 Metaspace       used 23233K, capacity 23519K, committed 23808K, reserved 1071104K
  class space    used 2174K, capacity 2288K, committed 2304K, reserved 1048576K
Event: 10.811 GC heap after
Heap after GC invocations=9 (full 1):
 PSYoungGen      total 1065472K, used 69248K [0x0000000715980000, 0x000000075dc00000, 0x00000007c0000000)
  eden space 954880K, 0% used [0x0000000715980000,0x0000000715980000,0x000000074fe00000)
  from space 110592K, 62% used [0x0000000756f00000,0x000000075b2a0000,0x000000075db00000)
  to   space 113664K, 0% used [0x000000074fe00000,0x000000074fe00000,0x0000000756d00000)
 ParOldGen       total 143360K, used 108465K [0x00000005c0c00000, 0x00000005c9800000, 0x0000000715980000)
  object space 143360K, 75% used [0x00000005c0c00000,0x00000005c75ec7a0,0x00000005c9800000)
 Metaspace       used 23233K, capacity 23519K, committed 23808K, reserved 1071104K
  class space    used 2174K, capacity 2288K, committed 2304K, reserved 1048576K
}

