# JRE version: OpenJDK Runtime Environment (8.0_252-b09) (build 1.8.0_252-b09)
# Java VM: OpenJDK 64-Bit Server VM (25.252-b09 mixed mode windows-amd64 compressed oops)
Heap:
 PSYoungGen      total 1757184K, used 1003624K [0x0000000715980000, 0x00000007b4080000, 0x00000007c0000000)
  eden space 990208K, 92% used [0x0000000715980000,0x000000074daa6268,0x0000000752080000)
  from space 766976K, 11% used [0x0000000785380000,0x000000078a674130,0x00000007b4080000)
  to   space 802816K, 0% used [0x0000000752080000,0x0000000752080000,0x0000000783080000)
 ParOldGen       total 5584384K, used 4947214K [0x00000005c0c00000, 0x0000000715980000, 0x0000000715980000)
  object space 5584384K, 88% used [0x00000005c0c00000,0x00000006eeb43870,0x0000000715980000)
 Metaspace       used 23274K, capacity 23589K, committed 23808K, reserved 1071104K
  class space    used 2181K, capacity 2289K, committed 2304K, reserved 1048576K
GC Heap History (10 events):
Event: 86.311 GC heap before
{Heap before GC invocations=49 (full 9):
 PSYoungGen      total 1861632K, used 940840K [0x0000000715980000, 0x00000007c0000000, 0x00000007c0000000)
  eden space 940032K, 100% used [0x0000000715980000,0x000000074ef80000,0x000000074ef80000)
  from space 921600K, 0% used [0x000000074ef80000,0x000000074f04a2c8,0x0000000787380000)
  to   space 929280K, 0% used [0x0000000787480000,0x0000000787480000,0x00000007c0000000)
 ParOldGen       total 5584384K, used 4947214K [0x00000005c0c00000, 0x0000000715980000, 0x0000000715980000)
  object space 5584384K, 88% used [0x00000005c0c00000,0x00000006eeb43870,0x0000000715980000)
 Metaspace       used 23231K, capacity 23523K, committed 23808K, reserved 1071104K
  class space    used 2171K, capacity 2288K, committed 2304K, reserved 1048576K
Event: 86.340 GC heap after
Heap after GC invocations=49 (full 9):
 PSYoungGen      total 1843200K, used 83380K [0x0000000715980000, 0x00000007be580000, 0x00000007c0000000)
  eden space 941056K, 0% used [0x0000000715980000,0x0000000715980000,0x000000074f080000)
  from space 902144K, 9% used [0x0000000787480000,0x000000078c5ed398,0x00000007be580000)
  to   space 911872K, 0% used [0x000000074f080000,0x000000074f080000,0x0000000786b00000)
 ParOldGen       total 5584384K, used 4947214K [0x00000005c0c00000, 0x0000000715980000, 0x0000000715980000)
  object space 5584384K, 88% used [0x00000005c0c00000,0x00000006eeb43870,0x0000000715980000)
 Metaspace       used 23231K, capacity 23523K, committed 23808K, reserved 1071104K
  class space    used 2171K, capacity 2288K, committed 2304K, reserved 1048576K
}
Event: 87.065 GC heap before
{Heap before GC invocations=50 (full 9):
 PSYoungGen      total 1843200K, used 1024436K [0x0000000715980000, 0x00000007be580000, 0x00000007c0000000)
  eden space 941056K, 100% used [0x0000000715980000,0x000000074f080000,0x000000074f080000)
  from space 902144K, 9% used [0x0000000787480000,0x000000078c5ed398,0x00000007be580000)
  to   space 911872K, 0% used [0x000000074f080000,0x000000074f080000,0x0000000786b00000)
 ParOldGen       total 5584384K, used 4947214K [0x00000005c0c00000, 0x0000000715980000, 0x0000000715980000)
  object space 5584384K, 88% used [0x00000005c0c00000,0x00000006eeb43870,0x0000000715980000)
 Metaspace       used 23231K, capacity 23523K, committed 23808K, reserved 1071104K
  class space    used 2171K, capacity 2288K, committed 2304K, reserved 1048576K
Event: 87.091 GC heap after
Heap after GC invocations=50 (full 9):
 PSYoungGen      total 1852928K, used 83576K [0x0000000715980000, 0x00000007bdb00000, 0x00000007c0000000)
  eden space 941056K, 0% used [0x0000000715980000,0x0000000715980000,0x000000074f080000)
  from space 911872K, 9% used [0x000000074f080000,0x000000075421e1a8,0x0000000786b00000)
  to   space 889344K, 0% used [0x0000000787680000,0x0000000787680000,0x00000007bdb00000)
 ParOldGen       total 5584384K, used 4947214K [0x00000005c0c00000, 0x0000000715980000, 0x0000000715980000)
  object space 5584384K, 88% used [0x00000005c0c00000,0x00000006eeb43870,0x0000000715980000)
 Metaspace       used 23231K, capacity 23523K, committed 23808K, reserved 1071104K
  class space    used 2171K, capacity 2288K, committed 2304K, reserved 1048576K
}
Event: 88.285 GC heap before
{Heap before GC invocations=51 (full 9):
 PSYoungGen      total 1852928K, used 1024632K [0x0000000715980000, 0x00000007bdb00000, 0x00000007c0000000)
  eden space 941056K, 100% used [0x0000000715980000,0x000000074f080000,0x000000074f080000)
  from space 911872K, 9% used [0x000000074f080000,0x000000075421e1a8,0x0000000786b00000)
  to   space 889344K, 0% used [0x0000000787680000,0x0000000787680000,0x00000007bdb00000)
 ParOldGen       total 5584384K, used 4947214K [0x00000005c0c00000, 0x0000000715980000, 0x0000000715980000)
  object space 5584384K, 88% used [0x00000005c0c00000,0x00000006eeb43870,0x0000000715980000)
 Metaspace       used 23231K, capacity 23523K, committed 23808K, reserved 1071104K
  class space    used 2171K, capacity 2288K, committed 2304K, reserved 1048576K
Event: 88.312 GC heap after
Heap after GC invocations=51 (full 9):
 PSYoungGen      total 1800192K, used 83896K [0x0000000715980000, 0x00000007ba200000, 0x00000007c0000000)
  eden space 969216K, 0% used [0x0000000715980000,0x0000000715980000,0x0000000750c00000)
  from space 830976K, 10% used [0x0000000787680000,0x000000078c86e1a8,0x00000007ba200000)
  to   space 863232K, 0% used [0x0000000750c00000,0x0000000750c00000,0x0000000785700000)
 ParOldGen       total 5584384K, used 4947214K [0x00000005c0c00000, 0x0000000715980000, 0x0000000715980000)
  object space 5584384K, 88% used [0x00000005c0c00000,0x00000006eeb43870,0x0000000715980000)
 Metaspace       used 23231K, capacity 23523K, committed 23808K, reserved 1071104K
  class space    used 2171K, capacity 2288K, committed 2304K, reserved 1048576K
}
Event: 89.019 GC heap before
{Heap before GC invocations=52 (full 9):
 PSYoungGen      total 1800192K, used 1053112K [0x0000000715980000, 0x00000007ba200000, 0x00000007c0000000)
  eden space 969216K, 100% used [0x0000000715980000,0x0000000750c00000,0x0000000750c00000)
  from space 830976K, 10% used [0x0000000787680000,0x000000078c86e1a8,0x00000007ba200000)
  to   space 863232K, 0% used [0x0000000750c00000,0x0000000750c00000,0x0000000785700000)
 ParOldGen       total 5584384K, used 4947214K [0x00000005c0c00000, 0x0000000715980000, 0x0000000715980000)
  object space 5584384K, 88% used [0x00000005c0c00000,0x00000006eeb43870,0x0000000715980000)
 Metaspace       used 23231K, capacity 23523K, committed 23808K, reserved 1071104K
  class space    used 2171K, capacity 2288K, committed 2304K, reserved 1048576K
Event: 89.045 GC heap after
Heap after GC invocations=52 (full 9):
 PSYoungGen      total 1054208K, used 84704K [0x0000000715980000, 0x00000007b8200000, 0x00000007c0000000)
  eden space 969216K, 0% used [0x0000000715980000,0x0000000715980000,0x0000000750c00000)
  from space 84992K, 99% used [0x0000000750c00000,0x0000000755eb8010,0x0000000755f00000)
  to   space 834048K, 0% used [0x0000000785380000,0x0000000785380000,0x00000007b8200000)
 ParOldGen       total 5584384K, used 4947214K [0x00000005c0c00000, 0x0000000715980000, 0x0000000715980000)
  object space 5584384K, 88% used [0x00000005c0c00000,0x00000006eeb43870,0x0000000715980000)
 Metaspace       used 23231K, capacity 23523K, committed 23808K, reserved 1071104K
  class space    used 2171K, capacity 2288K, committed 2304K, reserved 1048576K
}
Event: 90.589 GC heap before
{Heap before GC invocations=53 (full 9):
 PSYoungGen      total 1054208K, used 1053920K [0x0000000715980000, 0x00000007b8200000, 0x00000007c0000000)
  eden space 969216K, 100% used [0x0000000715980000,0x0000000750c00000,0x0000000750c00000)
  from space 84992K, 99% used [0x0000000750c00000,0x0000000755eb8010,0x0000000755f00000)
  to   space 834048K, 0% used [0x0000000785380000,0x0000000785380000,0x00000007b8200000)
 ParOldGen       total 5584384K, used 4947214K [0x00000005c0c00000, 0x0000000715980000, 0x0000000715980000)
  object space 5584384K, 88% used [0x00000005c0c00000,0x00000006eeb43870,0x0000000715980000)
 Metaspace       used 23231K, capacity 23523K, committed 23808K, reserved 1071104K
  class space    used 2171K, capacity 2288K, committed 2304K, reserved 1048576K
Event: 90.620 GC heap after
Heap after GC invocations=53 (full 9):
 PSYoungGen      total 1757184K, used 84944K [0x0000000715980000, 0x00000007b4080000, 0x00000007c0000000)
  eden space 990208K, 0% used [0x0000000715980000,0x0000000715980000,0x0000000752080000)
  from space 766976K, 11% used [0x0000000785380000,0x000000078a674130,0x00000007b4080000)
  to   space 802816K, 0% used [0x0000000752080000,0x0000000752080000,0x0000000783080000)
 ParOldGen       total 5584384K, used 4947214K [0x00000005c0c00000, 0x0000000715980000, 0x0000000715980000)
  object space 5584384K, 88% used [0x00000005c0c00000,0x00000006eeb43870,0x0000000715980000)
 Metaspace       used 23231K, capacity 23523K, committed 23808K, reserved 1071104K
  class space    used 2171K, capacity 2288K, committed 2304K, reserved 1048576K
}

