# JRE version: OpenJDK Runtime Environment (8.0_252-b09) (build 1.8.0_252-b09)
# Java VM: OpenJDK 64-Bit Server VM (25.252-b09 mixed mode windows-amd64 compressed oops)
Heap:
 PSYoungGen      total 525824K, used 358719K [0x0000000715980000, 0x0000000756f00000, 0x00000007c0000000)
  eden space 442880K, 62% used [0x0000000715980000,0x00000007266d7f20,0x0000000730a00000)
  from space 82944K, 99% used [0x0000000730a00000,0x0000000735af8020,0x0000000735b00000)
  to   space 103936K, 0% used [0x0000000750980000,0x0000000750980000,0x0000000756f00000)
 ParOldGen       total 141824K, used 98319K [0x00000005c0c00000, 0x00000005c9680000, 0x0000000715980000)
  object space 141824K, 69% used [0x00000005c0c00000,0x00000005c6c03e88,0x00000005c9680000)
 Metaspace       used 23256K, capacity 23525K, committed 23808K, reserved 1071104K
  class space    used 2178K, capacity 2289K, committed 2304K, reserved 1048576K
GC Heap History (10 events):
Event: 4.239 GC heap before
{Heap before GC invocations=4 (full 1):
 PSYoungGen      total 153088K, used 131584K [0x0000000715980000, 0x0000000720400000, 0x00000007c0000000)
  eden space 131584K, 100% used [0x0000000715980000,0x000000071da00000,0x000000071da00000)
  from space 21504K, 0% used [0x000000071ef00000,0x000000071ef00000,0x0000000720400000)
  to   space 21504K, 0% used [0x000000071da00000,0x000000071da00000,0x000000071ef00000)
 ParOldGen       total 141824K, used 10189K [0x00000005c0c00000, 0x00000005c9680000, 0x0000000715980000)
  object space 141824K, 7% used [0x00000005c0c00000,0x00000005c15f36f0,0x00000005c9680000)
 Metaspace       used 22979K, capacity 23259K, committed 23552K, reserved 1071104K
  class space    used 2168K, capacity 2288K, committed 2304K, reserved 1048576K
Event: 4.251 GC heap after
Heap after GC invocations=4 (full 1):
 PSYoungGen      total 153088K, used 21473K [0x0000000715980000, 0x0000000726680000, 0x00000007c0000000)
  eden space 131584K, 0% used [0x0000000715980000,0x0000000715980000,0x000000071da00000)
  from space 21504K, 99% used [0x000000071da00000,0x000000071eef8420,0x000000071ef00000)
  to   space 21504K, 0% used [0x0000000725180000,0x0000000725180000,0x0000000726680000)
 ParOldGen       total 141824K, used 22396K [0x00000005c0c00000, 0x00000005c9680000, 0x0000000715980000)
  object space 141824K, 15% used [0x00000005c0c00000,0x00000005c21df330,0x00000005c9680000)
 Metaspace       used 22979K, capacity 23259K, committed 23552K, reserved 1071104K
  class space    used 2168K, capacity 2288K, committed 2304K, reserved 1048576K
}
Event: 4.342 GC heap before
{Heap before GC invocations=5 (full 1):
 PSYoungGen      total 153088K, used 153057K [0x0000000715980000, 0x0000000726680000, 0x00000007c0000000)
  eden space 131584K, 100% used [0x0000000715980000,0x000000071da00000,0x000000071da00000)
  from space 21504K, 99% used [0x000000071da00000,0x000000071eef8420,0x000000071ef00000)
  to   space 21504K, 0% used [0x0000000725180000,0x0000000725180000,0x0000000726680000)
 ParOldGen       total 141824K, used 22396K [0x00000005c0c00000, 0x00000005c9680000, 0x0000000715980000)
  object space 141824K, 15% used [0x00000005c0c00000,0x00000005c21df330,0x00000005c9680000)
 Metaspace       used 23060K, capacity 23323K, committed 23552K, reserved 1071104K
  class space    used 2168K, capacity 2288K, committed 2304K, reserved 1048576K
Event: 4.365 GC heap after
Heap after GC invocations=5 (full 1):
 PSYoungGen      total 253952K, used 21473K [0x0000000715980000, 0x0000000727c80000, 0x00000007c0000000)
  eden space 232448K, 0% used [0x0000000715980000,0x0000000715980000,0x0000000723c80000)
  from space 21504K, 99% used [0x0000000725180000,0x00000007266785d8,0x0000000726680000)
  to   space 21504K, 0% used [0x0000000723c80000,0x0000000723c80000,0x0000000725180000)
 ParOldGen       total 141824K, used 51581K [0x00000005c0c00000, 0x00000005c9680000, 0x0000000715980000)
  object space 141824K, 36% used [0x00000005c0c00000,0x00000005c3e5f608,0x00000005c9680000)
 Metaspace       used 23060K, capacity 23323K, committed 23552K, reserved 1071104K
  class space    used 2168K, capacity 2288K, committed 2304K, reserved 1048576K
}
Event: 4.488 GC heap before
{Heap before GC invocations=6 (full 1):
 PSYoungGen      total 253952K, used 253921K [0x0000000715980000, 0x0000000727c80000, 0x00000007c0000000)
  eden space 232448K, 100% used [0x0000000715980000,0x0000000723c80000,0x0000000723c80000)
  from space 21504K, 99% used [0x0000000725180000,0x00000007266785d8,0x0000000726680000)
  to   space 21504K, 0% used [0x0000000723c80000,0x0000000723c80000,0x0000000725180000)
 ParOldGen       total 141824K, used 51581K [0x00000005c0c00000, 0x00000005c9680000, 0x0000000715980000)
  object space 141824K, 36% used [0x00000005c0c00000,0x00000005c3e5f608,0x00000005c9680000)
 Metaspace       used 23087K, capacity 23387K, committed 23808K, reserved 1071104K
  class space    used 2168K, capacity 2288K, committed 2304K, reserved 1048576K
Event: 4.515 GC heap after
Heap after GC invocations=6 (full 1):
 PSYoungGen      total 253952K, used 21488K [0x0000000715980000, 0x000000073a100000, 0x00000007c0000000)
  eden space 232448K, 0% used [0x0000000715980000,0x0000000715980000,0x0000000723c80000)
  from space 21504K, 99% used [0x0000000723c80000,0x000000072517c260,0x0000000725180000)
  to   space 71680K, 0% used [0x0000000735b00000,0x0000000735b00000,0x000000073a100000)
 ParOldGen       total 141824K, used 88375K [0x00000005c0c00000, 0x00000005c9680000, 0x0000000715980000)
  object space 141824K, 62% used [0x00000005c0c00000,0x00000005c624de88,0x00000005c9680000)
 Metaspace       used 23087K, capacity 23387K, committed 23808K, reserved 1071104K
  class space    used 2168K, capacity 2288K, committed 2304K, reserved 1048576K
}
Event: 4.643 GC heap before
{Heap before GC invocations=7 (full 1):
 PSYoungGen      total 253952K, used 253936K [0x0000000715980000, 0x000000073a100000, 0x00000007c0000000)
  eden space 232448K, 100% used [0x0000000715980000,0x0000000723c80000,0x0000000723c80000)
  from space 21504K, 99% used [0x0000000723c80000,0x000000072517c260,0x0000000725180000)
  to   space 71680K, 0% used [0x0000000735b00000,0x0000000735b00000,0x000000073a100000)
 ParOldGen       total 141824K, used 88375K [0x00000005c0c00000, 0x00000005c9680000, 0x0000000715980000)
  object space 141824K, 62% used [0x00000005c0c00000,0x00000005c624de88,0x00000005c9680000)
 Metaspace       used 23095K, capacity 23387K, committed 23808K, reserved 1071104K
  class space    used 2168K, capacity 2288K, committed 2304K, reserved 1048576K
Event: 4.662 GC heap after
Heap after GC invocations=7 (full 1):
 PSYoungGen      total 514560K, used 64239K [0x0000000715980000, 0x000000073b800000, 0x00000007c0000000)
  eden space 442880K, 0% used [0x0000000715980000,0x0000000715980000,0x0000000730a00000)
  from space 71680K, 89% used [0x0000000735b00000,0x00000007399bbfc0,0x000000073a100000)
  to   space 82944K, 0% used [0x0000000730a00000,0x0000000730a00000,0x0000000735b00000)
 ParOldGen       total 141824K, used 88383K [0x00000005c0c00000, 0x00000005c9680000, 0x0000000715980000)
  object space 141824K, 62% used [0x00000005c0c00000,0x00000005c624fe88,0x00000005c9680000)
 Metaspace       used 23095K, capacity 23387K, committed 23808K, reserved 1071104K
  class space    used 2168K, capacity 2288K, committed 2304K, reserved 1048576K
}
Event: 6.510 GC heap before
{Heap before GC invocations=8 (full 1):
 PSYoungGen      total 514560K, used 507119K [0x0000000715980000, 0x000000073b800000, 0x00000007c0000000)
  eden space 442880K, 100% used [0x0000000715980000,0x0000000730a00000,0x0000000730a00000)
  from space 71680K, 89% used [0x0000000735b00000,0x00000007399bbfc0,0x000000073a100000)
  to   space 82944K, 0% used [0x0000000730a00000,0x0000000730a00000,0x0000000735b00000)
 ParOldGen       total 141824K, used 88383K [0x00000005c0c00000, 0x00000005c9680000, 0x0000000715980000)
  object space 141824K, 62% used [0x00000005c0c00000,0x00000005c624fe88,0x00000005c9680000)
 Metaspace       used 23210K, capacity 23523K, committed 23808K, reserved 1071104K
  class space    used 2168K, capacity 2288K, committed 2304K, reserved 1048576K
Event: 6.544 GC heap after
Heap after GC invocations=8 (full 1):
 PSYoungGen      total 525824K, used 82912K [0x0000000715980000, 0x0000000756f00000, 0x00000007c0000000)
  eden space 442880K, 0% used [0x0000000715980000,0x0000000715980000,0x0000000730a00000)
  from space 82944K, 99% used [0x0000000730a00000,0x0000000735af8020,0x0000000735b00000)
  to   space 103936K, 0% used [0x0000000750980000,0x0000000750980000,0x0000000756f00000)
 ParOldGen       total 141824K, used 98319K [0x00000005c0c00000, 0x00000005c9680000, 0x0000000715980000)
  object space 141824K, 69% used [0x00000005c0c00000,0x00000005c6c03e88,0x00000005c9680000)
 Metaspace       used 23210K, capacity 23523K, committed 23808K, reserved 1071104K
  class space    used 2168K, capacity 2288K, committed 2304K, reserved 1048576K
}

