# JRE version: OpenJDK Runtime Environment (8.0_252-b09) (build 1.8.0_252-b09)
# Java VM: OpenJDK 64-Bit Server VM (25.252-b09 mixed mode windows-amd64 compressed oops)
Heap:
 PSYoungGen      total 1386496K, used 161713K [0x0000000715980000, 0x0000000783a80000, 0x00000007c0000000)
  eden space 1281536K, 5% used [0x0000000715980000,0x00000007199347e0,0x0000000763d00000)
  from space 104960K, 91% used [0x0000000763d00000,0x0000000769b38010,0x000000076a380000)
  to   space 118272K, 0% used [0x000000077c700000,0x000000077c700000,0x0000000783a80000)
 ParOldGen       total 355328K, used 230714K [0x00000005c0c00000, 0x00000005d6700000, 0x0000000715980000)
  object space 355328K, 64% used [0x00000005c0c00000,0x00000005ced4eb80,0x00000005d6700000)
 Metaspace       used 23368K, capacity 23653K, committed 24064K, reserved 1071104K
  class space    used 2182K, capacity 2289K, committed 2304K, reserved 1048576K
GC Heap History (10 events):
Event: 15.034 GC heap before
{Heap before GC invocations=11 (full 2):
 PSYoungGen      total 872960K, used 812035K [0x0000000715980000, 0x0000000752980000, 0x00000007c0000000)
  eden space 764928K, 100% used [0x0000000715980000,0x0000000744480000,0x0000000744480000)
  from space 108032K, 43% used [0x000000074b600000,0x000000074e400da8,0x0000000751f80000)
  to   space 116224K, 0% used [0x0000000744480000,0x0000000744480000,0x000000074b600000)
 ParOldGen       total 355328K, used 142138K [0x00000005c0c00000, 0x00000005d6700000, 0x0000000715980000)
  object space 355328K, 40% used [0x00000005c0c00000,0x00000005c96ceb80,0x00000005d6700000)
 Metaspace       used 23220K, capacity 23519K, committed 23808K, reserved 1071104K
  class space    used 2169K, capacity 2288K, committed 2304K, reserved 1048576K
Event: 15.072 GC heap after
Heap after GC invocations=11 (full 2):
 PSYoungGen      total 881152K, used 32288K [0x0000000715980000, 0x0000000763700000, 0x00000007c0000000)
  eden space 764928K, 0% used [0x0000000715980000,0x0000000715980000,0x0000000744480000)
  from space 116224K, 27% used [0x0000000744480000,0x0000000746408000,0x000000074b600000)
  to   space 112640K, 0% used [0x000000075c900000,0x000000075c900000,0x0000000763700000)
 ParOldGen       total 355328K, used 171242K [0x00000005c0c00000, 0x00000005d6700000, 0x0000000715980000)
  object space 355328K, 48% used [0x00000005c0c00000,0x00000005cb33ab80,0x00000005d6700000)
 Metaspace       used 23220K, capacity 23519K, committed 23808K, reserved 1071104K
  class space    used 2169K, capacity 2288K, committed 2304K, reserved 1048576K
}
Event: 22.334 GC heap before
{Heap before GC invocations=12 (full 2):
 PSYoungGen      total 881152K, used 797216K [0x0000000715980000, 0x0000000763700000, 0x00000007c0000000)
  eden space 764928K, 100% used [0x0000000715980000,0x0000000744480000,0x0000000744480000)
  from space 116224K, 27% used [0x0000000744480000,0x0000000746408000,0x000000074b600000)
  to   space 112640K, 0% used [0x000000075c900000,0x000000075c900000,0x0000000763700000)
 ParOldGen       total 355328K, used 171242K [0x00000005c0c00000, 0x00000005d6700000, 0x0000000715980000)
  object space 355328K, 48% used [0x00000005c0c00000,0x00000005cb33ab80,0x00000005d6700000)
 Metaspace       used 23226K, capacity 23523K, committed 23808K, reserved 1071104K
  class space    used 2169K, capacity 2288K, committed 2304K, reserved 1048576K
Event: 22.350 GC heap after
Heap after GC invocations=12 (full 2):
 PSYoungGen      total 1100288K, used 14208K [0x0000000715980000, 0x0000000761800000, 0x00000007c0000000)
  eden space 1019392K, 0% used [0x0000000715980000,0x0000000715980000,0x0000000753d00000)
  from space 80896K, 17% used [0x000000075c900000,0x000000075d6e0000,0x0000000761800000)
  to   space 112128K, 0% used [0x0000000753d00000,0x0000000753d00000,0x000000075aa80000)
 ParOldGen       total 355328K, used 189466K [0x00000005c0c00000, 0x00000005d6700000, 0x0000000715980000)
  object space 355328K, 53% used [0x00000005c0c00000,0x00000005cc506b80,0x00000005d6700000)
 Metaspace       used 23226K, capacity 23523K, committed 23808K, reserved 1071104K
  class space    used 2169K, capacity 2288K, committed 2304K, reserved 1048576K
}
Event: 30.259 GC heap before
{Heap before GC invocations=13 (full 2):
 PSYoungGen      total 1100288K, used 1033600K [0x0000000715980000, 0x0000000761800000, 0x00000007c0000000)
  eden space 1019392K, 100% used [0x0000000715980000,0x0000000753d00000,0x0000000753d00000)
  from space 80896K, 17% used [0x000000075c900000,0x000000075d6e0000,0x0000000761800000)
  to   space 112128K, 0% used [0x0000000753d00000,0x0000000753d00000,0x000000075aa80000)
 ParOldGen       total 355328K, used 189466K [0x00000005c0c00000, 0x00000005d6700000, 0x0000000715980000)
  object space 355328K, 53% used [0x00000005c0c00000,0x00000005cc506b80,0x00000005d6700000)
 Metaspace       used 23320K, capacity 23651K, committed 24064K, reserved 1071104K
  class space    used 2173K, capacity 2288K, committed 2304K, reserved 1048576K
Event: 30.278 GC heap after
Heap after GC invocations=13 (full 2):
 PSYoungGen      total 1131520K, used 27949K [0x0000000715980000, 0x0000000773400000, 0x00000007c0000000)
  eden space 1019392K, 0% used [0x0000000715980000,0x0000000715980000,0x0000000753d00000)
  from space 112128K, 24% used [0x0000000753d00000,0x000000075584b5c8,0x000000075aa80000)
  to   space 108544K, 0% used [0x000000076ca00000,0x000000076ca00000,0x0000000773400000)
 ParOldGen       total 355328K, used 203242K [0x00000005c0c00000, 0x00000005d6700000, 0x0000000715980000)
  object space 355328K, 57% used [0x00000005c0c00000,0x00000005cd27ab80,0x00000005d6700000)
 Metaspace       used 23320K, capacity 23651K, committed 24064K, reserved 1071104K
  class space    used 2173K, capacity 2288K, committed 2304K, reserved 1048576K
}
Event: 37.430 GC heap before
{Heap before GC invocations=14 (full 2):
 PSYoungGen      total 1131520K, used 1047341K [0x0000000715980000, 0x0000000773400000, 0x00000007c0000000)
  eden space 1019392K, 100% used [0x0000000715980000,0x0000000753d00000,0x0000000753d00000)
  from space 112128K, 24% used [0x0000000753d00000,0x000000075584b5c8,0x000000075aa80000)
  to   space 108544K, 0% used [0x000000076ca00000,0x000000076ca00000,0x0000000773400000)
 ParOldGen       total 355328K, used 203242K [0x00000005c0c00000, 0x00000005d6700000, 0x0000000715980000)
  object space 355328K, 57% used [0x00000005c0c00000,0x00000005cd27ab80,0x00000005d6700000)
 Metaspace       used 23322K, capacity 23651K, committed 24064K, reserved 1071104K
  class space    used 2173K, capacity 2288K, committed 2304K, reserved 1048576K
Event: 37.465 GC heap after
Heap after GC invocations=14 (full 2):
 PSYoungGen      total 1347072K, used 52000K [0x0000000715980000, 0x0000000770a00000, 0x00000007c0000000)
  eden space 1281536K, 0% used [0x0000000715980000,0x0000000715980000,0x0000000763d00000)
  from space 65536K, 79% used [0x000000076ca00000,0x000000076fcc8010,0x0000000770a00000)
  to   space 104960K, 0% used [0x0000000763d00000,0x0000000763d00000,0x000000076a380000)
 ParOldGen       total 355328K, used 230714K [0x00000005c0c00000, 0x00000005d6700000, 0x0000000715980000)
  object space 355328K, 64% used [0x00000005c0c00000,0x00000005ced4eb80,0x00000005d6700000)
 Metaspace       used 23322K, capacity 23651K, committed 24064K, reserved 1071104K
  class space    used 2173K, capacity 2288K, committed 2304K, reserved 1048576K
}
Event: 47.337 GC heap before
{Heap before GC invocations=15 (full 2):
 PSYoungGen      total 1347072K, used 1333536K [0x0000000715980000, 0x0000000770a00000, 0x00000007c0000000)
  eden space 1281536K, 100% used [0x0000000715980000,0x0000000763d00000,0x0000000763d00000)
  from space 65536K, 79% used [0x000000076ca00000,0x000000076fcc8010,0x0000000770a00000)
  to   space 104960K, 0% used [0x0000000763d00000,0x0000000763d00000,0x000000076a380000)
 ParOldGen       total 355328K, used 230714K [0x00000005c0c00000, 0x00000005d6700000, 0x0000000715980000)
  object space 355328K, 64% used [0x00000005c0c00000,0x00000005ced4eb80,0x00000005d6700000)
 Metaspace       used 23329K, capacity 23653K, committed 24064K, reserved 1071104K
  class space    used 2174K, capacity 2289K, committed 2304K, reserved 1048576K
Event: 47.373 GC heap after
Heap after GC invocations=15 (full 2):
 PSYoungGen      total 1386496K, used 96480K [0x0000000715980000, 0x0000000783a80000, 0x00000007c0000000)
  eden space 1281536K, 0% used [0x0000000715980000,0x0000000715980000,0x0000000763d00000)
  from space 104960K, 91% used [0x0000000763d00000,0x0000000769b38010,0x000000076a380000)
  to   space 118272K, 0% used [0x000000077c700000,0x000000077c700000,0x0000000783a80000)
 ParOldGen       total 355328K, used 230714K [0x00000005c0c00000, 0x00000005d6700000, 0x0000000715980000)
  object space 355328K, 64% used [0x00000005c0c00000,0x00000005ced4eb80,0x00000005d6700000)
 Metaspace       used 23329K, capacity 23653K, committed 24064K, reserved 1071104K
  class space    used 2174K, capacity 2289K, committed 2304K, reserved 1048576K
}

