# JRE version: OpenJDK Runtime Environment (8.0_252-b09) (build 1.8.0_252-b09)
# Java VM: OpenJDK 64-Bit Server VM (25.252-b09 mixed mode windows-amd64 compressed oops)
Heap:
 PSYoungGen      total 1414144K, used 1256110K [0x0000000715980000, 0x0000000775400000, 0x00000007c0000000)
  eden space 1354240K, 92% used [0x0000000715980000,0x00000007623cbb88,0x0000000768400000)
  from space 59904K, 0% used [0x0000000771980000,0x00000007719e0000,0x0000000775400000)
  to   space 106496K, 0% used [0x0000000768400000,0x0000000768400000,0x000000076ec00000)
 ParOldGen       total 349184K, used 175943K [0x00000005c0c00000, 0x00000005d6100000, 0x0000000715980000)
  object space 349184K, 50% used [0x00000005c0c00000,0x00000005cb7d1e18,0x00000005d6100000)
 Metaspace       used 23369K, capacity 23653K, committed 24064K, reserved 1071104K
  class space    used 2182K, capacity 2289K, committed 2304K, reserved 1048576K
GC Heap History (10 events):
Event: 8.972 GC heap before
{Heap before GC invocations=10 (full 2):
 PSYoungGen      total 885760K, used 65344K [0x0000000715980000, 0x0000000752780000, 0x00000007c0000000)
  eden space 784384K, 0% used [0x0000000715980000,0x0000000715980000,0x0000000745780000)
  from space 101376K, 64% used [0x000000074c480000,0x0000000750450000,0x0000000752780000)
  to   space 106496K, 0% used [0x0000000745780000,0x0000000745780000,0x000000074bf80000)
 ParOldGen       total 141824K, used 115376K [0x00000005c0c00000, 0x00000005c9680000, 0x0000000715980000)
  object space 141824K, 81% used [0x00000005c0c00000,0x00000005c7cac2e0,0x00000005c9680000)
 Metaspace       used 23210K, capacity 23519K, committed 23808K, reserved 1071104K
  class space    used 2168K, capacity 2288K, committed 2304K, reserved 1048576K
Event: 9.267 GC heap after
Heap after GC invocations=10 (full 2):
 PSYoungGen      total 885760K, used 33837K [0x0000000715980000, 0x0000000752780000, 0x00000007c0000000)
  eden space 784384K, 0% used [0x0000000715980000,0x0000000715980000,0x0000000745780000)
  from space 101376K, 33% used [0x000000074c480000,0x000000074e58b528,0x0000000752780000)
  to   space 106496K, 0% used [0x0000000745780000,0x0000000745780000,0x000000074bf80000)
 ParOldGen       total 349184K, used 141759K [0x00000005c0c00000, 0x00000005d6100000, 0x0000000715980000)
  object space 349184K, 40% used [0x00000005c0c00000,0x00000005c966fe18,0x00000005d6100000)
 Metaspace       used 23210K, capacity 23519K, committed 23808K, reserved 1071104K
  class space    used 2168K, capacity 2288K, committed 2304K, reserved 1048576K
}
Event: 16.853 GC heap before
{Heap before GC invocations=11 (full 2):
 PSYoungGen      total 885760K, used 818221K [0x0000000715980000, 0x0000000752780000, 0x00000007c0000000)
  eden space 784384K, 100% used [0x0000000715980000,0x0000000745780000,0x0000000745780000)
  from space 101376K, 33% used [0x000000074c480000,0x000000074e58b528,0x0000000752780000)
  to   space 106496K, 0% used [0x0000000745780000,0x0000000745780000,0x000000074bf80000)
 ParOldGen       total 349184K, used 141759K [0x00000005c0c00000, 0x00000005d6100000, 0x0000000715980000)
  object space 349184K, 40% used [0x00000005c0c00000,0x00000005c966fe18,0x00000005d6100000)
 Metaspace       used 23315K, capacity 23583K, committed 23808K, reserved 1071104K
  class space    used 2173K, capacity 2288K, committed 2304K, reserved 1048576K
Event: 16.878 GC heap after
Heap after GC invocations=11 (full 2):
 PSYoungGen      total 890880K, used 13741K [0x0000000715980000, 0x0000000765600000, 0x00000007c0000000)
  eden space 784384K, 0% used [0x0000000715980000,0x0000000715980000,0x0000000745780000)
  from space 106496K, 12% used [0x0000000745780000,0x00000007464eb5c8,0x000000074bf80000)
  to   space 105984K, 0% used [0x000000075ee80000,0x000000075ee80000,0x0000000765600000)
 ParOldGen       total 349184K, used 162551K [0x00000005c0c00000, 0x00000005d6100000, 0x0000000715980000)
  object space 349184K, 46% used [0x00000005c0c00000,0x00000005caabde18,0x00000005d6100000)
 Metaspace       used 23315K, capacity 23583K, committed 23808K, reserved 1071104K
  class space    used 2173K, capacity 2288K, committed 2304K, reserved 1048576K
}
Event: 24.360 GC heap before
{Heap before GC invocations=12 (full 2):
 PSYoungGen      total 890880K, used 798125K [0x0000000715980000, 0x0000000765600000, 0x00000007c0000000)
  eden space 784384K, 100% used [0x0000000715980000,0x0000000745780000,0x0000000745780000)
  from space 106496K, 12% used [0x0000000745780000,0x00000007464eb5c8,0x000000074bf80000)
  to   space 105984K, 0% used [0x000000075ee80000,0x000000075ee80000,0x0000000765600000)
 ParOldGen       total 349184K, used 162551K [0x00000005c0c00000, 0x00000005d6100000, 0x0000000715980000)
  object space 349184K, 46% used [0x00000005c0c00000,0x00000005caabde18,0x00000005d6100000)
 Metaspace       used 23319K, capacity 23651K, committed 24064K, reserved 1071104K
  class space    used 2173K, capacity 2288K, committed 2304K, reserved 1048576K
Event: 24.369 GC heap after
Heap after GC invocations=12 (full 2):
 PSYoungGen      total 1142784K, used 608K [0x0000000715980000, 0x0000000763b00000, 0x00000007c0000000)
  eden space 1064448K, 0% used [0x0000000715980000,0x0000000715980000,0x0000000756900000)
  from space 78336K, 0% used [0x000000075ee80000,0x000000075ef18000,0x0000000763b00000)
  to   space 107520K, 0% used [0x0000000756900000,0x0000000756900000,0x000000075d200000)
 ParOldGen       total 349184K, used 175807K [0x00000005c0c00000, 0x00000005d6100000, 0x0000000715980000)
  object space 349184K, 50% used [0x00000005c0c00000,0x00000005cb7afe18,0x00000005d6100000)
 Metaspace       used 23319K, capacity 23651K, committed 24064K, reserved 1071104K
  class space    used 2173K, capacity 2288K, committed 2304K, reserved 1048576K
}
Event: 34.125 GC heap before
{Heap before GC invocations=13 (full 2):
 PSYoungGen      total 1142784K, used 1065056K [0x0000000715980000, 0x0000000763b00000, 0x00000007c0000000)
  eden space 1064448K, 100% used [0x0000000715980000,0x0000000756900000,0x0000000756900000)
  from space 78336K, 0% used [0x000000075ee80000,0x000000075ef18000,0x0000000763b00000)
  to   space 107520K, 0% used [0x0000000756900000,0x0000000756900000,0x000000075d200000)
 ParOldGen       total 349184K, used 175807K [0x00000005c0c00000, 0x00000005d6100000, 0x0000000715980000)
  object space 349184K, 50% used [0x00000005c0c00000,0x00000005cb7afe18,0x00000005d6100000)
 Metaspace       used 23321K, capacity 23651K, committed 24064K, reserved 1071104K
  class space    used 2173K, capacity 2288K, committed 2304K, reserved 1048576K
Event: 34.129 GC heap after
Heap after GC invocations=13 (full 2):
 PSYoungGen      total 1171968K, used 608K [0x0000000715980000, 0x0000000778280000, 0x00000007c0000000)
  eden space 1064448K, 0% used [0x0000000715980000,0x0000000715980000,0x0000000756900000)
  from space 107520K, 0% used [0x0000000756900000,0x0000000756998000,0x000000075d200000)
  to   space 107520K, 0% used [0x0000000771980000,0x0000000771980000,0x0000000778280000)
 ParOldGen       total 349184K, used 175879K [0x00000005c0c00000, 0x00000005d6100000, 0x0000000715980000)
  object space 349184K, 50% used [0x00000005c0c00000,0x00000005cb7c1e18,0x00000005d6100000)
 Metaspace       used 23321K, capacity 23651K, committed 24064K, reserved 1071104K
  class space    used 2173K, capacity 2288K, committed 2304K, reserved 1048576K
}
Event: 44.720 GC heap before
{Heap before GC invocations=14 (full 2):
 PSYoungGen      total 1171968K, used 1065056K [0x0000000715980000, 0x0000000778280000, 0x00000007c0000000)
  eden space 1064448K, 100% used [0x0000000715980000,0x0000000756900000,0x0000000756900000)
  from space 107520K, 0% used [0x0000000756900000,0x0000000756998000,0x000000075d200000)
  to   space 107520K, 0% used [0x0000000771980000,0x0000000771980000,0x0000000778280000)
 ParOldGen       total 349184K, used 175879K [0x00000005c0c00000, 0x00000005d6100000, 0x0000000715980000)
  object space 349184K, 50% used [0x00000005c0c00000,0x00000005cb7c1e18,0x00000005d6100000)
 Metaspace       used 23327K, capacity 23653K, committed 24064K, reserved 1071104K
  class space    used 2174K, capacity 2289K, committed 2304K, reserved 1048576K
Event: 44.721 GC heap after
Heap after GC invocations=14 (full 2):
 PSYoungGen      total 1414144K, used 384K [0x0000000715980000, 0x0000000775400000, 0x00000007c0000000)
  eden space 1354240K, 0% used [0x0000000715980000,0x0000000715980000,0x0000000768400000)
  from space 59904K, 0% used [0x0000000771980000,0x00000007719e0000,0x0000000775400000)
  to   space 106496K, 0% used [0x0000000768400000,0x0000000768400000,0x000000076ec00000)
 ParOldGen       total 349184K, used 175943K [0x00000005c0c00000, 0x00000005d6100000, 0x0000000715980000)
  object space 349184K, 50% used [0x00000005c0c00000,0x00000005cb7d1e18,0x00000005d6100000)
 Metaspace       used 23327K, capacity 23653K, committed 24064K, reserved 1071104K
  class space    used 2174K, capacity 2289K, committed 2304K, reserved 1048576K
}

