# JRE version: OpenJDK Runtime Environment (8.0_252-b09) (build 1.8.0_252-b09)
# Java VM: OpenJDK 64-Bit Server VM (25.252-b09 mixed mode windows-amd64 compressed oops)
Heap:
 PSYoungGen      total 915456K, used 722462K [0x0000000715980000, 0x0000000754800000, 0x00000007c0000000)
  eden space 812544K, 79% used [0x0000000715980000,0x000000073d18c620,0x0000000747300000)
  from space 102912K, 73% used [0x000000074df00000,0x000000075287b5c8,0x0000000754380000)
  to   space 109056K, 0% used [0x0000000747300000,0x0000000747300000,0x000000074dd80000)
 ParOldGen       total 214016K, used 117944K [0x00000005c0c00000, 0x00000005cdd00000, 0x0000000715980000)
  object space 214016K, 55% used [0x00000005c0c00000,0x00000005c7f2e360,0x00000005cdd00000)
 Metaspace       used 23369K, capacity 23653K, committed 24064K, reserved 1071104K
  class space    used 2185K, capacity 2289K, committed 2304K, reserved 1048576K
GC Heap History (10 events):
Event: 3.499 GC heap before
{Heap before GC invocations=5 (full 1):
 PSYoungGen      total 153088K, used 153072K [0x0000000715980000, 0x0000000725e80000, 0x00000007c0000000)
  eden space 131584K, 100% used [0x0000000715980000,0x000000071da00000,0x000000071da00000)
  from space 21504K, 99% used [0x000000071da00000,0x000000071eefc200,0x000000071ef00000)
  to   space 21504K, 0% used [0x0000000724980000,0x0000000724980000,0x0000000725e80000)
 ParOldGen       total 214016K, used 21952K [0x00000005c0c00000, 0x00000005cdd00000, 0x0000000715980000)
  object space 214016K, 10% used [0x00000005c0c00000,0x00000005c21700f0,0x00000005cdd00000)
 Metaspace       used 23052K, capacity 23323K, committed 23552K, reserved 1071104K
  class space    used 2170K, capacity 2288K, committed 2304K, reserved 1048576K
Event: 3.518 GC heap after
Heap after GC invocations=5 (full 1):
 PSYoungGen      total 245760K, used 21472K [0x0000000715980000, 0x0000000727800000, 0x00000007c0000000)
  eden space 224256K, 0% used [0x0000000715980000,0x0000000715980000,0x0000000723480000)
  from space 21504K, 99% used [0x0000000724980000,0x0000000725e781f0,0x0000000725e80000)
  to   space 21504K, 0% used [0x0000000723480000,0x0000000723480000,0x0000000724980000)
 ParOldGen       total 214016K, used 45296K [0x00000005c0c00000, 0x00000005cdd00000, 0x0000000715980000)
  object space 214016K, 21% used [0x00000005c0c00000,0x00000005c383c0f0,0x00000005cdd00000)
 Metaspace       used 23052K, capacity 23323K, committed 23552K, reserved 1071104K
  class space    used 2170K, capacity 2288K, committed 2304K, reserved 1048576K
}
Event: 3.653 GC heap before
{Heap before GC invocations=6 (full 1):
 PSYoungGen      total 245760K, used 245728K [0x0000000715980000, 0x0000000727800000, 0x00000007c0000000)
  eden space 224256K, 100% used [0x0000000715980000,0x0000000723480000,0x0000000723480000)
  from space 21504K, 99% used [0x0000000724980000,0x0000000725e781f0,0x0000000725e80000)
  to   space 21504K, 0% used [0x0000000723480000,0x0000000723480000,0x0000000724980000)
 ParOldGen       total 214016K, used 45296K [0x00000005c0c00000, 0x00000005cdd00000, 0x0000000715980000)
  object space 214016K, 21% used [0x00000005c0c00000,0x00000005c383c0f0,0x00000005cdd00000)
 Metaspace       used 23096K, capacity 23387K, committed 23808K, reserved 1071104K
  class space    used 2170K, capacity 2288K, committed 2304K, reserved 1048576K
Event: 3.683 GC heap after
Heap after GC invocations=6 (full 1):
 PSYoungGen      total 245760K, used 21487K [0x0000000715980000, 0x0000000738980000, 0x00000007c0000000)
  eden space 224256K, 0% used [0x0000000715980000,0x0000000715980000,0x0000000723480000)
  from space 21504K, 99% used [0x0000000723480000,0x000000072497bfc0,0x0000000724980000)
  to   space 69632K, 0% used [0x0000000734580000,0x0000000734580000,0x0000000738980000)
 ParOldGen       total 214016K, used 83696K [0x00000005c0c00000, 0x00000005cdd00000, 0x0000000715980000)
  object space 214016K, 39% used [0x00000005c0c00000,0x00000005c5dbc0f0,0x00000005cdd00000)
 Metaspace       used 23096K, capacity 23387K, committed 23808K, reserved 1071104K
  class space    used 2170K, capacity 2288K, committed 2304K, reserved 1048576K
}
Event: 3.807 GC heap before
{Heap before GC invocations=7 (full 1):
 PSYoungGen      total 245760K, used 245743K [0x0000000715980000, 0x0000000738980000, 0x00000007c0000000)
  eden space 224256K, 100% used [0x0000000715980000,0x0000000723480000,0x0000000723480000)
  from space 21504K, 99% used [0x0000000723480000,0x000000072497bfc0,0x0000000724980000)
  to   space 69632K, 0% used [0x0000000734580000,0x0000000734580000,0x0000000738980000)
 ParOldGen       total 214016K, used 83696K [0x00000005c0c00000, 0x00000005cdd00000, 0x0000000715980000)
  object space 214016K, 39% used [0x00000005c0c00000,0x00000005c5dbc0f0,0x00000005cdd00000)
 Metaspace       used 23106K, capacity 23387K, committed 23808K, reserved 1071104K
  class space    used 2170K, capacity 2288K, committed 2304K, reserved 1048576K
Event: 3.827 GC heap after
Heap after GC invocations=7 (full 1):
 PSYoungGen      total 493568K, used 61472K [0x0000000715980000, 0x0000000739f80000, 0x00000007c0000000)
  eden space 423936K, 0% used [0x0000000715980000,0x0000000715980000,0x000000072f780000)
  from space 69632K, 88% used [0x0000000734580000,0x00000007381881f0,0x0000000738980000)
  to   space 79872K, 0% used [0x000000072f780000,0x000000072f780000,0x0000000734580000)
 ParOldGen       total 214016K, used 83704K [0x00000005c0c00000, 0x00000005cdd00000, 0x0000000715980000)
  object space 214016K, 39% used [0x00000005c0c00000,0x00000005c5dbe0f0,0x00000005cdd00000)
 Metaspace       used 23106K, capacity 23387K, committed 23808K, reserved 1071104K
  class space    used 2170K, capacity 2288K, committed 2304K, reserved 1048576K
}
Event: 4.834 GC heap before
{Heap before GC invocations=8 (full 1):
 PSYoungGen      total 493568K, used 485408K [0x0000000715980000, 0x0000000739f80000, 0x00000007c0000000)
  eden space 423936K, 100% used [0x0000000715980000,0x000000072f780000,0x000000072f780000)
  from space 69632K, 88% used [0x0000000734580000,0x00000007381881f0,0x0000000738980000)
  to   space 79872K, 0% used [0x000000072f780000,0x000000072f780000,0x0000000734580000)
 ParOldGen       total 214016K, used 83704K [0x00000005c0c00000, 0x00000005cdd00000, 0x0000000715980000)
  object space 214016K, 39% used [0x00000005c0c00000,0x00000005c5dbe0f0,0x00000005cdd00000)
 Metaspace       used 23201K, capacity 23519K, committed 23808K, reserved 1071104K
  class space    used 2170K, capacity 2288K, committed 2304K, reserved 1048576K
Event: 4.868 GC heap after
Heap after GC invocations=8 (full 1):
 PSYoungGen      total 503808K, used 79856K [0x0000000715980000, 0x0000000754380000, 0x00000007c0000000)
  eden space 423936K, 0% used [0x0000000715980000,0x0000000715980000,0x000000072f780000)
  from space 79872K, 99% used [0x000000072f780000,0x000000073457c030,0x0000000734580000)
  to   space 102912K, 0% used [0x000000074df00000,0x000000074df00000,0x0000000754380000)
 ParOldGen       total 214016K, used 99208K [0x00000005c0c00000, 0x00000005cdd00000, 0x0000000715980000)
  object space 214016K, 46% used [0x00000005c0c00000,0x00000005c6ce20f0,0x00000005cdd00000)
 Metaspace       used 23201K, capacity 23519K, committed 23808K, reserved 1071104K
  class space    used 2170K, capacity 2288K, committed 2304K, reserved 1048576K
}
Event: 7.974 GC heap before
{Heap before GC invocations=9 (full 1):
 PSYoungGen      total 503808K, used 503792K [0x0000000715980000, 0x0000000754380000, 0x00000007c0000000)
  eden space 423936K, 100% used [0x0000000715980000,0x000000072f780000,0x000000072f780000)
  from space 79872K, 99% used [0x000000072f780000,0x000000073457c030,0x0000000734580000)
  to   space 102912K, 0% used [0x000000074df00000,0x000000074df00000,0x0000000754380000)
 ParOldGen       total 214016K, used 99208K [0x00000005c0c00000, 0x00000005cdd00000, 0x0000000715980000)
  object space 214016K, 46% used [0x00000005c0c00000,0x00000005c6ce20f0,0x00000005cdd00000)
 Metaspace       used 23305K, capacity 23583K, committed 23808K, reserved 1071104K
  class space    used 2175K, capacity 2288K, committed 2304K, reserved 1048576K
Event: 8.003 GC heap after
Heap after GC invocations=9 (full 1):
 PSYoungGen      total 915456K, used 75245K [0x0000000715980000, 0x0000000754800000, 0x00000007c0000000)
  eden space 812544K, 0% used [0x0000000715980000,0x0000000715980000,0x0000000747300000)
  from space 102912K, 73% used [0x000000074df00000,0x000000075287b5c8,0x0000000754380000)
  to   space 109056K, 0% used [0x0000000747300000,0x0000000747300000,0x000000074dd80000)
 ParOldGen       total 214016K, used 117944K [0x00000005c0c00000, 0x00000005cdd00000, 0x0000000715980000)
  object space 214016K, 55% used [0x00000005c0c00000,0x00000005c7f2e360,0x00000005cdd00000)
 Metaspace       used 23305K, capacity 23583K, committed 23808K, reserved 1071104K
  class space    used 2175K, capacity 2288K, committed 2304K, reserved 1048576K
}

