# JRE version: OpenJDK Runtime Environment (8.0_252-b09) (build 1.8.0_252-b09)
# Java VM: OpenJDK 64-Bit Server VM (25.252-b09 mixed mode windows-amd64 compressed oops)
Heap:
 PSYoungGen      total 487936K, used 378693K [0x0000000715980000, 0x0000000752f80000, 0x00000007c0000000)
  eden space 407552K, 73% used [0x0000000715980000,0x0000000727cd96c8,0x000000072e780000)
  from space 80384K, 99% used [0x000000072e780000,0x00000007335f8020,0x0000000733600000)
  to   space 105984K, 0% used [0x000000074c800000,0x000000074c800000,0x0000000752f80000)
 ParOldGen       total 141824K, used 99345K [0x00000005c0c00000, 0x00000005c9680000, 0x0000000715980000)
  object space 141824K, 70% used [0x00000005c0c00000,0x00000005c6d04650,0x00000005c9680000)
 Metaspace       used 23252K, capacity 23521K, committed 23808K, reserved 1071104K
  class space    used 2178K, capacity 2289K, committed 2304K, reserved 1048576K
GC Heap History (10 events):
Event: 3.843 GC heap before
{Heap before GC invocations=4 (full 1):
 PSYoungGen      total 153088K, used 131584K [0x0000000715980000, 0x0000000720400000, 0x00000007c0000000)
  eden space 131584K, 100% used [0x0000000715980000,0x000000071da00000,0x000000071da00000)
  from space 21504K, 0% used [0x000000071ef00000,0x000000071ef00000,0x0000000720400000)
  to   space 21504K, 0% used [0x000000071da00000,0x000000071da00000,0x000000071ef00000)
 ParOldGen       total 141824K, used 10189K [0x00000005c0c00000, 0x00000005c9680000, 0x0000000715980000)
  object space 141824K, 7% used [0x00000005c0c00000,0x00000005c15f3788,0x00000005c9680000)
 Metaspace       used 23131K, capacity 23455K, committed 23808K, reserved 1071104K
  class space    used 2167K, capacity 2288K, committed 2304K, reserved 1048576K
Event: 3.853 GC heap after
Heap after GC invocations=4 (full 1):
 PSYoungGen      total 153088K, used 21488K [0x0000000715980000, 0x0000000725600000, 0x00000007c0000000)
  eden space 131584K, 0% used [0x0000000715980000,0x0000000715980000,0x000000071da00000)
  from space 21504K, 99% used [0x000000071da00000,0x000000071eefc250,0x000000071ef00000)
  to   space 21504K, 0% used [0x0000000724100000,0x0000000724100000,0x0000000725600000)
 ParOldGen       total 141824K, used 19190K [0x00000005c0c00000, 0x00000005c9680000, 0x0000000715980000)
  object space 141824K, 13% used [0x00000005c0c00000,0x00000005c1ebd9c0,0x00000005c9680000)
 Metaspace       used 23131K, capacity 23455K, committed 23808K, reserved 1071104K
  class space    used 2167K, capacity 2288K, committed 2304K, reserved 1048576K
}
Event: 3.931 GC heap before
{Heap before GC invocations=5 (full 1):
 PSYoungGen      total 153088K, used 153069K [0x0000000715980000, 0x0000000725600000, 0x00000007c0000000)
  eden space 131584K, 99% used [0x0000000715980000,0x000000071d9ff360,0x000000071da00000)
  from space 21504K, 99% used [0x000000071da00000,0x000000071eefc250,0x000000071ef00000)
  to   space 21504K, 0% used [0x0000000724100000,0x0000000724100000,0x0000000725600000)
 ParOldGen       total 141824K, used 19190K [0x00000005c0c00000, 0x00000005c9680000, 0x0000000715980000)
  object space 141824K, 13% used [0x00000005c0c00000,0x00000005c1ebd9c0,0x00000005c9680000)
 Metaspace       used 23162K, capacity 23455K, committed 23808K, reserved 1071104K
  class space    used 2167K, capacity 2288K, committed 2304K, reserved 1048576K
Event: 3.951 GC heap after
Heap after GC invocations=5 (full 1):
 PSYoungGen      total 237056K, used 21487K [0x0000000715980000, 0x0000000727a80000, 0x00000007c0000000)
  eden space 215552K, 0% used [0x0000000715980000,0x0000000715980000,0x0000000722c00000)
  from space 21504K, 99% used [0x0000000724100000,0x00000007255fbfc0,0x0000000725600000)
  to   space 21504K, 0% used [0x0000000722c00000,0x0000000722c00000,0x0000000724100000)
 ParOldGen       total 141824K, used 42390K [0x00000005c0c00000, 0x00000005c9680000, 0x0000000715980000)
  object space 141824K, 29% used [0x00000005c0c00000,0x00000005c35659c0,0x00000005c9680000)
 Metaspace       used 23162K, capacity 23455K, committed 23808K, reserved 1071104K
  class space    used 2167K, capacity 2288K, committed 2304K, reserved 1048576K
}
Event: 4.064 GC heap before
{Heap before GC invocations=6 (full 1):
 PSYoungGen      total 237056K, used 237039K [0x0000000715980000, 0x0000000727a80000, 0x00000007c0000000)
  eden space 215552K, 100% used [0x0000000715980000,0x0000000722c00000,0x0000000722c00000)
  from space 21504K, 99% used [0x0000000724100000,0x00000007255fbfc0,0x0000000725600000)
  to   space 21504K, 0% used [0x0000000722c00000,0x0000000722c00000,0x0000000724100000)
 ParOldGen       total 141824K, used 42390K [0x00000005c0c00000, 0x00000005c9680000, 0x0000000715980000)
  object space 141824K, 29% used [0x00000005c0c00000,0x00000005c35659c0,0x00000005c9680000)
 Metaspace       used 23182K, capacity 23519K, committed 23808K, reserved 1071104K
  class space    used 2167K, capacity 2288K, committed 2304K, reserved 1048576K
Event: 4.093 GC heap after
Heap after GC invocations=6 (full 1):
 PSYoungGen      total 237056K, used 21488K [0x0000000715980000, 0x0000000737800000, 0x00000007c0000000)
  eden space 215552K, 0% used [0x0000000715980000,0x0000000715980000,0x0000000722c00000)
  from space 21504K, 99% used [0x0000000722c00000,0x00000007240fc260,0x0000000724100000)
  to   space 67584K, 0% used [0x0000000733600000,0x0000000733600000,0x0000000737800000)
 ParOldGen       total 141824K, used 79417K [0x00000005c0c00000, 0x00000005c9680000, 0x0000000715980000)
  object space 141824K, 55% used [0x00000005c0c00000,0x00000005c598e650,0x00000005c9680000)
 Metaspace       used 23182K, capacity 23519K, committed 23808K, reserved 1071104K
  class space    used 2167K, capacity 2288K, committed 2304K, reserved 1048576K
}
Event: 4.205 GC heap before
{Heap before GC invocations=7 (full 1):
 PSYoungGen      total 237056K, used 237040K [0x0000000715980000, 0x0000000737800000, 0x00000007c0000000)
  eden space 215552K, 100% used [0x0000000715980000,0x0000000722c00000,0x0000000722c00000)
  from space 21504K, 99% used [0x0000000722c00000,0x00000007240fc260,0x0000000724100000)
  to   space 67584K, 0% used [0x0000000733600000,0x0000000733600000,0x0000000737800000)
 ParOldGen       total 141824K, used 79417K [0x00000005c0c00000, 0x00000005c9680000, 0x0000000715980000)
  object space 141824K, 55% used [0x00000005c0c00000,0x00000005c598e650,0x00000005c9680000)
 Metaspace       used 23182K, capacity 23519K, committed 23808K, reserved 1071104K
  class space    used 2167K, capacity 2288K, committed 2304K, reserved 1048576K
Event: 4.225 GC heap after
Heap after GC invocations=7 (full 1):
 PSYoungGen      total 475136K, used 64080K [0x0000000715980000, 0x0000000739280000, 0x00000007c0000000)
  eden space 407552K, 0% used [0x0000000715980000,0x0000000715980000,0x000000072e780000)
  from space 67584K, 94% used [0x0000000733600000,0x0000000737494260,0x0000000737800000)
  to   space 80384K, 0% used [0x000000072e780000,0x000000072e780000,0x0000000733600000)
 ParOldGen       total 141824K, used 79425K [0x00000005c0c00000, 0x00000005c9680000, 0x0000000715980000)
  object space 141824K, 56% used [0x00000005c0c00000,0x00000005c5990650,0x00000005c9680000)
 Metaspace       used 23182K, capacity 23519K, committed 23808K, reserved 1071104K
  class space    used 2167K, capacity 2288K, committed 2304K, reserved 1048576K
}
Event: 5.284 GC heap before
{Heap before GC invocations=8 (full 1):
 PSYoungGen      total 475136K, used 471632K [0x0000000715980000, 0x0000000739280000, 0x00000007c0000000)
  eden space 407552K, 100% used [0x0000000715980000,0x000000072e780000,0x000000072e780000)
  from space 67584K, 94% used [0x0000000733600000,0x0000000737494260,0x0000000737800000)
  to   space 80384K, 0% used [0x000000072e780000,0x000000072e780000,0x0000000733600000)
 ParOldGen       total 141824K, used 79425K [0x00000005c0c00000, 0x00000005c9680000, 0x0000000715980000)
  object space 141824K, 56% used [0x00000005c0c00000,0x00000005c5990650,0x00000005c9680000)
 Metaspace       used 23197K, capacity 23519K, committed 23808K, reserved 1071104K
  class space    used 2167K, capacity 2288K, committed 2304K, reserved 1048576K
Event: 5.321 GC heap after
Heap after GC invocations=8 (full 1):
 PSYoungGen      total 487936K, used 80352K [0x0000000715980000, 0x0000000752f80000, 0x00000007c0000000)
  eden space 407552K, 0% used [0x0000000715980000,0x0000000715980000,0x000000072e780000)
  from space 80384K, 99% used [0x000000072e780000,0x00000007335f8020,0x0000000733600000)
  to   space 105984K, 0% used [0x000000074c800000,0x000000074c800000,0x0000000752f80000)
 ParOldGen       total 141824K, used 99345K [0x00000005c0c00000, 0x00000005c9680000, 0x0000000715980000)
  object space 141824K, 70% used [0x00000005c0c00000,0x00000005c6d04650,0x00000005c9680000)
 Metaspace       used 23197K, capacity 23519K, committed 23808K, reserved 1071104K
  class space    used 2167K, capacity 2288K, committed 2304K, reserved 1048576K
}

