# JRE version: OpenJDK Runtime Environment (8.0_252-b09) (build 1.8.0_252-b09)
# Java VM: OpenJDK 64-Bit Server VM (25.252-b09 mixed mode windows-amd64 compressed oops)
Heap:
 PSYoungGen      total 894976K, used 407356K [0x0000000715980000, 0x0000000753700000, 0x00000007c0000000)
  eden space 787456K, 45% used [0x0000000715980000,0x000000072b8f3198,0x0000000745a80000)
  from space 107520K, 44% used [0x000000074c880000,0x000000074f6dbed8,0x0000000753180000)
  to   space 112640K, 0% used [0x0000000745a80000,0x0000000745a80000,0x000000074c880000)
 ParOldGen       total 360960K, used 142042K [0x00000005c0c00000, 0x00000005d6c80000, 0x0000000715980000)
  object space 360960K, 39% used [0x00000005c0c00000,0x00000005c96b6878,0x00000005d6c80000)
 Metaspace       used 23278K, capacity 23553K, committed 23936K, reserved 1071104K
  class space    used 2185K, capacity 2321K, committed 2432K, reserved 1048576K
GC Heap History (10 events):
Event: 4.538 GC heap before
{Heap before GC invocations=6 (full 1):
 PSYoungGen      total 236032K, used 236000K [0x0000000715980000, 0x0000000727b00000, 0x00000007c0000000)
  eden space 214528K, 100% used [0x0000000715980000,0x0000000722b00000,0x0000000722b00000)
  from space 21504K, 99% used [0x0000000724000000,0x00000007254f8010,0x0000000725500000)
  to   space 21504K, 0% used [0x0000000722b00000,0x0000000722b00000,0x0000000724000000)
 ParOldGen       total 142336K, used 39579K [0x00000005c0c00000, 0x00000005c9700000, 0x0000000715980000)
  object space 142336K, 27% used [0x00000005c0c00000,0x00000005c32a6ee8,0x00000005c9700000)
 Metaspace       used 23214K, capacity 23519K, committed 23808K, reserved 1071104K
  class space    used 2174K, capacity 2288K, committed 2304K, reserved 1048576K
Event: 4.566 GC heap after
Heap after GC invocations=6 (full 1):
 PSYoungGen      total 236032K, used 21472K [0x0000000715980000, 0x0000000737300000, 0x00000007c0000000)
  eden space 214528K, 0% used [0x0000000715980000,0x0000000715980000,0x0000000722b00000)
  from space 21504K, 99% used [0x0000000722b00000,0x0000000723ff8010,0x0000000724000000)
  to   space 65536K, 0% used [0x0000000733300000,0x0000000733300000,0x0000000737300000)
 ParOldGen       total 142336K, used 75315K [0x00000005c0c00000, 0x00000005c9700000, 0x0000000715980000)
  object space 142336K, 52% used [0x00000005c0c00000,0x00000005c558cee8,0x00000005c9700000)
 Metaspace       used 23214K, capacity 23519K, committed 23808K, reserved 1071104K
  class space    used 2174K, capacity 2288K, committed 2304K, reserved 1048576K
}
Event: 4.669 GC heap before
{Heap before GC invocations=7 (full 1):
 PSYoungGen      total 236032K, used 236000K [0x0000000715980000, 0x0000000737300000, 0x00000007c0000000)
  eden space 214528K, 100% used [0x0000000715980000,0x0000000722b00000,0x0000000722b00000)
  from space 21504K, 99% used [0x0000000722b00000,0x0000000723ff8010,0x0000000724000000)
  to   space 65536K, 0% used [0x0000000733300000,0x0000000733300000,0x0000000737300000)
 ParOldGen       total 142336K, used 75315K [0x00000005c0c00000, 0x00000005c9700000, 0x0000000715980000)
  object space 142336K, 52% used [0x00000005c0c00000,0x00000005c558cee8,0x00000005c9700000)
 Metaspace       used 23214K, capacity 23519K, committed 23808K, reserved 1071104K
  class space    used 2174K, capacity 2288K, committed 2304K, reserved 1048576K
Event: 4.689 GC heap after
Heap after GC invocations=7 (full 1):
 PSYoungGen      total 471040K, used 65520K [0x0000000715980000, 0x0000000738f80000, 0x00000007c0000000)
  eden space 405504K, 0% used [0x0000000715980000,0x0000000715980000,0x000000072e580000)
  from space 65536K, 99% used [0x0000000733300000,0x00000007372fc140,0x0000000737300000)
  to   space 79360K, 0% used [0x000000072e580000,0x000000072e580000,0x0000000733300000)
 ParOldGen       total 142336K, used 75387K [0x00000005c0c00000, 0x00000005c9700000, 0x0000000715980000)
  object space 142336K, 52% used [0x00000005c0c00000,0x00000005c559eee8,0x00000005c9700000)
 Metaspace       used 23214K, capacity 23519K, committed 23808K, reserved 1071104K
  class space    used 2174K, capacity 2288K, committed 2304K, reserved 1048576K
}
Event: 5.521 GC heap before
{Heap before GC invocations=8 (full 1):
 PSYoungGen      total 471040K, used 471024K [0x0000000715980000, 0x0000000738f80000, 0x00000007c0000000)
  eden space 405504K, 100% used [0x0000000715980000,0x000000072e580000,0x000000072e580000)
  from space 65536K, 99% used [0x0000000733300000,0x00000007372fc140,0x0000000737300000)
  to   space 79360K, 0% used [0x000000072e580000,0x000000072e580000,0x0000000733300000)
 ParOldGen       total 142336K, used 75387K [0x00000005c0c00000, 0x00000005c9700000, 0x0000000715980000)
  object space 142336K, 52% used [0x00000005c0c00000,0x00000005c559eee8,0x00000005c9700000)
 Metaspace       used 23221K, capacity 23519K, committed 23808K, reserved 1071104K
  class space    used 2174K, capacity 2288K, committed 2304K, reserved 1048576K
Event: 5.561 GC heap after
Heap after GC invocations=8 (full 1):
 PSYoungGen      total 484864K, used 79328K [0x0000000715980000, 0x0000000753180000, 0x00000007c0000000)
  eden space 405504K, 0% used [0x0000000715980000,0x0000000715980000,0x000000072e580000)
  from space 79360K, 99% used [0x000000072e580000,0x00000007332f8010,0x0000000733300000)
  to   space 107520K, 0% used [0x000000074c880000,0x000000074c880000,0x0000000753180000)
 ParOldGen       total 142336K, used 99787K [0x00000005c0c00000, 0x00000005c9700000, 0x0000000715980000)
  object space 142336K, 70% used [0x00000005c0c00000,0x00000005c6d72ee8,0x00000005c9700000)
 Metaspace       used 23221K, capacity 23519K, committed 23808K, reserved 1071104K
  class space    used 2174K, capacity 2288K, committed 2304K, reserved 1048576K
}
Event: 8.657 GC heap before
{Heap before GC invocations=9 (full 1):
 PSYoungGen      total 484864K, used 484832K [0x0000000715980000, 0x0000000753180000, 0x00000007c0000000)
  eden space 405504K, 100% used [0x0000000715980000,0x000000072e580000,0x000000072e580000)
  from space 79360K, 99% used [0x000000072e580000,0x00000007332f8010,0x0000000733300000)
  to   space 107520K, 0% used [0x000000074c880000,0x000000074c880000,0x0000000753180000)
 ParOldGen       total 142336K, used 99787K [0x00000005c0c00000, 0x00000005c9700000, 0x0000000715980000)
  object space 142336K, 70% used [0x00000005c0c00000,0x00000005c6d72ee8,0x00000005c9700000)
 Metaspace       used 23234K, capacity 23519K, committed 23808K, reserved 1071104K
  class space    used 2175K, capacity 2288K, committed 2304K, reserved 1048576K
Event: 8.686 GC heap after
Heap after GC invocations=9 (full 1):
 PSYoungGen      total 894976K, used 74368K [0x0000000715980000, 0x0000000753700000, 0x00000007c0000000)
  eden space 787456K, 0% used [0x0000000715980000,0x0000000715980000,0x0000000745a80000)
  from space 107520K, 69% used [0x000000074c880000,0x0000000751120010,0x0000000753180000)
  to   space 112640K, 0% used [0x0000000745a80000,0x0000000745a80000,0x000000074c880000)
 ParOldGen       total 142336K, used 119080K [0x00000005c0c00000, 0x00000005c9700000, 0x0000000715980000)
  object space 142336K, 83% used [0x00000005c0c00000,0x00000005c804a148,0x00000005c9700000)
 Metaspace       used 23234K, capacity 23519K, committed 23808K, reserved 1071104K
  class space    used 2175K, capacity 2288K, committed 2304K, reserved 1048576K
}
Event: 8.686 GC heap before
{Heap before GC invocations=10 (full 2):
 PSYoungGen      total 894976K, used 74368K [0x0000000715980000, 0x0000000753700000, 0x00000007c0000000)
  eden space 787456K, 0% used [0x0000000715980000,0x0000000715980000,0x0000000745a80000)
  from space 107520K, 69% used [0x000000074c880000,0x0000000751120010,0x0000000753180000)
  to   space 112640K, 0% used [0x0000000745a80000,0x0000000745a80000,0x000000074c880000)
 ParOldGen       total 142336K, used 119080K [0x00000005c0c00000, 0x00000005c9700000, 0x0000000715980000)
  object space 142336K, 83% used [0x00000005c0c00000,0x00000005c804a148,0x00000005c9700000)
 Metaspace       used 23234K, capacity 23519K, committed 23808K, reserved 1071104K
  class space    used 2175K, capacity 2288K, committed 2304K, reserved 1048576K
Event: 9.079 GC heap after
Heap after GC invocations=10 (full 2):
 PSYoungGen      total 894976K, used 47471K [0x0000000715980000, 0x0000000753700000, 0x00000007c0000000)
  eden space 787456K, 0% used [0x0000000715980000,0x0000000715980000,0x0000000745a80000)
  from space 107520K, 44% used [0x000000074c880000,0x000000074f6dbed8,0x0000000753180000)
  to   space 112640K, 0% used [0x0000000745a80000,0x0000000745a80000,0x000000074c880000)
 ParOldGen       total 360960K, used 142042K [0x00000005c0c00000, 0x00000005d6c80000, 0x0000000715980000)
  object space 360960K, 39% used [0x00000005c0c00000,0x00000005c96b6878,0x00000005d6c80000)
 Metaspace       used 23234K, capacity 23519K, committed 23808K, reserved 1071104K
  class space    used 2175K, capacity 2288K, committed 2304K, reserved 1048576K
}

