# JRE version: OpenJDK Runtime Environment (8.0_252-b09) (build 1.8.0_252-b09)
# Java VM: OpenJDK 64-Bit Server VM (25.252-b09 mixed mode windows-amd64 compressed oops)
Heap:
 PSYoungGen      total 888832K, used 40550K [0x0000000715980000, 0x0000000763c00000, 0x00000007c0000000)
  eden space 782848K, 3% used [0x0000000715980000,0x0000000717261a68,0x0000000745600000)
  from space 105984K, 14% used [0x0000000745600000,0x00000007464b8000,0x000000074bd80000)
  to   space 105472K, 0% used [0x000000075d500000,0x000000075d500000,0x0000000763c00000)
 ParOldGen       total 356864K, used 161156K [0x00000005c0c00000, 0x00000005d6880000, 0x0000000715980000)
  object space 356864K, 45% used [0x00000005c0c00000,0x00000005ca961218,0x00000005d6880000)
 Metaspace       used 23273K, capacity 23525K, committed 23808K, reserved 1071104K
  class space    used 2178K, capacity 2289K, committed 2304K, reserved 1048576K
GC Heap History (10 events):
Event: 4.542 GC heap before
{Heap before GC invocations=7 (full 1):
 PSYoungGen      total 236032K, used 236000K [0x0000000715980000, 0x0000000737580000, 0x00000007c0000000)
  eden space 214528K, 100% used [0x0000000715980000,0x0000000722b00000,0x0000000722b00000)
  from space 21504K, 99% used [0x0000000722b00000,0x0000000723ff8040,0x0000000724000000)
  to   space 67584K, 0% used [0x0000000733380000,0x0000000733380000,0x0000000737580000)
 ParOldGen       total 142336K, used 78265K [0x00000005c0c00000, 0x00000005c9700000, 0x0000000715980000)
  object space 142336K, 54% used [0x00000005c0c00000,0x00000005c586e5c0,0x00000005c9700000)
 Metaspace       used 23190K, capacity 23519K, committed 23808K, reserved 1071104K
  class space    used 2166K, capacity 2288K, committed 2304K, reserved 1048576K
Event: 4.562 GC heap after
Heap after GC invocations=7 (full 1):
 PSYoungGen      total 473088K, used 64096K [0x0000000715980000, 0x0000000738f00000, 0x00000007c0000000)
  eden space 405504K, 0% used [0x0000000715980000,0x0000000715980000,0x000000072e580000)
  from space 67584K, 94% used [0x0000000733380000,0x0000000737218040,0x0000000737580000)
  to   space 79872K, 0% used [0x000000072e580000,0x000000072e580000,0x0000000733380000)
 ParOldGen       total 142336K, used 78273K [0x00000005c0c00000, 0x00000005c9700000, 0x0000000715980000)
  object space 142336K, 54% used [0x00000005c0c00000,0x00000005c58705c0,0x00000005c9700000)
 Metaspace       used 23190K, capacity 23519K, committed 23808K, reserved 1071104K
  class space    used 2166K, capacity 2288K, committed 2304K, reserved 1048576K
}
Event: 5.304 GC heap before
{Heap before GC invocations=8 (full 1):
 PSYoungGen      total 473088K, used 469600K [0x0000000715980000, 0x0000000738f00000, 0x00000007c0000000)
  eden space 405504K, 100% used [0x0000000715980000,0x000000072e580000,0x000000072e580000)
  from space 67584K, 94% used [0x0000000733380000,0x0000000737218040,0x0000000737580000)
  to   space 79872K, 0% used [0x000000072e580000,0x000000072e580000,0x0000000733380000)
 ParOldGen       total 142336K, used 78273K [0x00000005c0c00000, 0x00000005c9700000, 0x0000000715980000)
  object space 142336K, 54% used [0x00000005c0c00000,0x00000005c58705c0,0x00000005c9700000)
 Metaspace       used 23198K, capacity 23519K, committed 23808K, reserved 1071104K
  class space    used 2166K, capacity 2288K, committed 2304K, reserved 1048576K
Event: 5.343 GC heap after
Heap after GC invocations=8 (full 1):
 PSYoungGen      total 485376K, used 79840K [0x0000000715980000, 0x0000000752c00000, 0x00000007c0000000)
  eden space 405504K, 0% used [0x0000000715980000,0x0000000715980000,0x000000072e580000)
  from space 79872K, 99% used [0x000000072e580000,0x0000000733378030,0x0000000733380000)
  to   space 106496K, 0% used [0x000000074c400000,0x000000074c400000,0x0000000752c00000)
 ParOldGen       total 142336K, used 99489K [0x00000005c0c00000, 0x00000005c9700000, 0x0000000715980000)
  object space 142336K, 69% used [0x00000005c0c00000,0x00000005c6d285c0,0x00000005c9700000)
 Metaspace       used 23198K, capacity 23519K, committed 23808K, reserved 1071104K
  class space    used 2166K, capacity 2288K, committed 2304K, reserved 1048576K
}
Event: 9.083 GC heap before
{Heap before GC invocations=9 (full 1):
 PSYoungGen      total 485376K, used 485344K [0x0000000715980000, 0x0000000752c00000, 0x00000007c0000000)
  eden space 405504K, 100% used [0x0000000715980000,0x000000072e580000,0x000000072e580000)
  from space 79872K, 99% used [0x000000072e580000,0x0000000733378030,0x0000000733380000)
  to   space 106496K, 0% used [0x000000074c400000,0x000000074c400000,0x0000000752c00000)
 ParOldGen       total 142336K, used 99489K [0x00000005c0c00000, 0x00000005c9700000, 0x0000000715980000)
  object space 142336K, 69% used [0x00000005c0c00000,0x00000005c6d285c0,0x00000005c9700000)
 Metaspace       used 23212K, capacity 23519K, committed 23808K, reserved 1071104K
  class space    used 2167K, capacity 2288K, committed 2304K, reserved 1048576K
Event: 9.107 GC heap after
Heap after GC invocations=9 (full 1):
 PSYoungGen      total 882176K, used 62016K [0x0000000715980000, 0x0000000752500000, 0x00000007c0000000)
  eden space 782848K, 0% used [0x0000000715980000,0x0000000715980000,0x0000000745600000)
  from space 99328K, 62% used [0x000000074c400000,0x0000000750090000,0x0000000752500000)
  to   space 105984K, 0% used [0x0000000745600000,0x0000000745600000,0x000000074bd80000)
 ParOldGen       total 142336K, used 117613K [0x00000005c0c00000, 0x00000005c9700000, 0x0000000715980000)
  object space 142336K, 82% used [0x00000005c0c00000,0x00000005c7edb610,0x00000005c9700000)
 Metaspace       used 23212K, capacity 23519K, committed 23808K, reserved 1071104K
  class space    used 2167K, capacity 2288K, committed 2304K, reserved 1048576K
}
Event: 9.107 GC heap before
{Heap before GC invocations=10 (full 2):
 PSYoungGen      total 882176K, used 62016K [0x0000000715980000, 0x0000000752500000, 0x00000007c0000000)
  eden space 782848K, 0% used [0x0000000715980000,0x0000000715980000,0x0000000745600000)
  from space 99328K, 62% used [0x000000074c400000,0x0000000750090000,0x0000000752500000)
  to   space 105984K, 0% used [0x0000000745600000,0x0000000745600000,0x000000074bd80000)
 ParOldGen       total 142336K, used 117613K [0x00000005c0c00000, 0x00000005c9700000, 0x0000000715980000)
  object space 142336K, 82% used [0x00000005c0c00000,0x00000005c7edb610,0x00000005c9700000)
 Metaspace       used 23212K, capacity 23519K, committed 23808K, reserved 1071104K
  class space    used 2167K, capacity 2288K, committed 2304K, reserved 1048576K
Event: 9.461 GC heap after
Heap after GC invocations=10 (full 2):
 PSYoungGen      total 882176K, used 33589K [0x0000000715980000, 0x0000000752500000, 0x00000007c0000000)
  eden space 782848K, 0% used [0x0000000715980000,0x0000000715980000,0x0000000745600000)
  from space 99328K, 33% used [0x000000074c400000,0x000000074e4cd5a8,0x0000000752500000)
  to   space 105984K, 0% used [0x0000000745600000,0x0000000745600000,0x000000074bd80000)
 ParOldGen       total 356864K, used 142012K [0x00000005c0c00000, 0x00000005d6880000, 0x0000000715980000)
  object space 356864K, 39% used [0x00000005c0c00000,0x00000005c96af218,0x00000005d6880000)
 Metaspace       used 23212K, capacity 23519K, committed 23808K, reserved 1071104K
  class space    used 2167K, capacity 2288K, committed 2304K, reserved 1048576K
}
Event: 17.086 GC heap before
{Heap before GC invocations=11 (full 2):
 PSYoungGen      total 882176K, used 816437K [0x0000000715980000, 0x0000000752500000, 0x00000007c0000000)
  eden space 782848K, 100% used [0x0000000715980000,0x0000000745600000,0x0000000745600000)
  from space 99328K, 33% used [0x000000074c400000,0x000000074e4cd5a8,0x0000000752500000)
  to   space 105984K, 0% used [0x0000000745600000,0x0000000745600000,0x000000074bd80000)
 ParOldGen       total 356864K, used 142012K [0x00000005c0c00000, 0x00000005d6880000, 0x0000000715980000)
  object space 356864K, 39% used [0x00000005c0c00000,0x00000005c96af218,0x00000005d6880000)
 Metaspace       used 23234K, capacity 23525K, committed 23808K, reserved 1071104K
  class space    used 2169K, capacity 2289K, committed 2304K, reserved 1048576K
Event: 17.112 GC heap after
Heap after GC invocations=11 (full 2):
 PSYoungGen      total 888832K, used 15072K [0x0000000715980000, 0x0000000763c00000, 0x00000007c0000000)
  eden space 782848K, 0% used [0x0000000715980000,0x0000000715980000,0x0000000745600000)
  from space 105984K, 14% used [0x0000000745600000,0x00000007464b8000,0x000000074bd80000)
  to   space 105472K, 0% used [0x000000075d500000,0x000000075d500000,0x0000000763c00000)
 ParOldGen       total 356864K, used 161156K [0x00000005c0c00000, 0x00000005d6880000, 0x0000000715980000)
  object space 356864K, 45% used [0x00000005c0c00000,0x00000005ca961218,0x00000005d6880000)
 Metaspace       used 23234K, capacity 23525K, committed 23808K, reserved 1071104K
  class space    used 2169K, capacity 2289K, committed 2304K, reserved 1048576K
}

