# JRE version: OpenJDK Runtime Environment (8.0_252-b09) (build 1.8.0_252-b09)
# Java VM: OpenJDK 64-Bit Server VM (25.252-b09 mixed mode windows-amd64 compressed oops)
Heap:
 PSYoungGen      total 895488K, used 573041K [0x0000000715980000, 0x0000000764b00000, 0x00000007c0000000)
  eden space 787968K, 69% used [0x0000000715980000,0x0000000736f81140,0x0000000745b00000)
  from space 107520K, 24% used [0x0000000745b00000,0x000000074749b5c8,0x000000074c400000)
  to   space 105472K, 0% used [0x000000075e400000,0x000000075e400000,0x0000000764b00000)
 ParOldGen       total 360448K, used 163806K [0x00000005c0c00000, 0x00000005d6c00000, 0x0000000715980000)
  object space 360448K, 45% used [0x00000005c0c00000,0x00000005cabf7918,0x00000005d6c00000)
 Metaspace       used 23366K, capacity 23653K, committed 24064K, reserved 1071104K
  class space    used 2182K, capacity 2289K, committed 2304K, reserved 1048576K
GC Heap History (10 events):
Event: 4.627 GC heap before
{Heap before GC invocations=7 (full 1):
 PSYoungGen      total 236544K, used 236512K [0x0000000715980000, 0x0000000737a00000, 0x00000007c0000000)
  eden space 215040K, 100% used [0x0000000715980000,0x0000000722b80000,0x0000000722b80000)
  from space 21504K, 99% used [0x0000000722b80000,0x0000000724078020,0x0000000724080000)
  to   space 68608K, 0% used [0x0000000733700000,0x0000000733700000,0x0000000737a00000)
 ParOldGen       total 142336K, used 81201K [0x00000005c0c00000, 0x00000005c9700000, 0x0000000715980000)
  object space 142336K, 57% used [0x00000005c0c00000,0x00000005c5b4c528,0x00000005c9700000)
 Metaspace       used 23178K, capacity 23519K, committed 23808K, reserved 1071104K
  class space    used 2167K, capacity 2288K, committed 2304K, reserved 1048576K
Event: 4.648 GC heap after
Heap after GC invocations=7 (full 1):
 PSYoungGen      total 475136K, used 66944K [0x0000000715980000, 0x0000000739600000, 0x00000007c0000000)
  eden space 406528K, 0% used [0x0000000715980000,0x0000000715980000,0x000000072e680000)
  from space 68608K, 97% used [0x0000000733700000,0x0000000737860040,0x0000000737a00000)
  to   space 82432K, 0% used [0x000000072e680000,0x000000072e680000,0x0000000733700000)
 ParOldGen       total 142336K, used 81209K [0x00000005c0c00000, 0x00000005c9700000, 0x0000000715980000)
  object space 142336K, 57% used [0x00000005c0c00000,0x00000005c5b4e528,0x00000005c9700000)
 Metaspace       used 23178K, capacity 23519K, committed 23808K, reserved 1071104K
  class space    used 2167K, capacity 2288K, committed 2304K, reserved 1048576K
}
Event: 5.592 GC heap before
{Heap before GC invocations=8 (full 1):
 PSYoungGen      total 475136K, used 473472K [0x0000000715980000, 0x0000000739600000, 0x00000007c0000000)
  eden space 406528K, 100% used [0x0000000715980000,0x000000072e680000,0x000000072e680000)
  from space 68608K, 97% used [0x0000000733700000,0x0000000737860040,0x0000000737a00000)
  to   space 82432K, 0% used [0x000000072e680000,0x000000072e680000,0x0000000733700000)
 ParOldGen       total 142336K, used 81209K [0x00000005c0c00000, 0x00000005c9700000, 0x0000000715980000)
  object space 142336K, 57% used [0x00000005c0c00000,0x00000005c5b4e528,0x00000005c9700000)
 Metaspace       used 23200K, capacity 23519K, committed 23808K, reserved 1071104K
  class space    used 2167K, capacity 2288K, committed 2304K, reserved 1048576K
Event: 5.628 GC heap after
Heap after GC invocations=8 (full 1):
 PSYoungGen      total 488960K, used 82400K [0x0000000715980000, 0x0000000753080000, 0x00000007c0000000)
  eden space 406528K, 0% used [0x0000000715980000,0x0000000715980000,0x000000072e680000)
  from space 82432K, 99% used [0x000000072e680000,0x00000007336f8020,0x0000000733700000)
  to   space 106496K, 0% used [0x000000074c880000,0x000000074c880000,0x0000000753080000)
 ParOldGen       total 142336K, used 97113K [0x00000005c0c00000, 0x00000005c9700000, 0x0000000715980000)
  object space 142336K, 68% used [0x00000005c0c00000,0x00000005c6ad6528,0x00000005c9700000)
 Metaspace       used 23200K, capacity 23519K, committed 23808K, reserved 1071104K
  class space    used 2167K, capacity 2288K, committed 2304K, reserved 1048576K
}
Event: 9.342 GC heap before
{Heap before GC invocations=9 (full 1):
 PSYoungGen      total 488960K, used 488928K [0x0000000715980000, 0x0000000753080000, 0x00000007c0000000)
  eden space 406528K, 100% used [0x0000000715980000,0x000000072e680000,0x000000072e680000)
  from space 82432K, 99% used [0x000000072e680000,0x00000007336f8020,0x0000000733700000)
  to   space 106496K, 0% used [0x000000074c880000,0x000000074c880000,0x0000000753080000)
 ParOldGen       total 142336K, used 97113K [0x00000005c0c00000, 0x00000005c9700000, 0x0000000715980000)
  object space 142336K, 68% used [0x00000005c0c00000,0x00000005c6ad6528,0x00000005c9700000)
 Metaspace       used 23216K, capacity 23519K, committed 23808K, reserved 1071104K
  class space    used 2168K, capacity 2288K, committed 2304K, reserved 1048576K
Event: 9.369 GC heap after
Heap after GC invocations=9 (full 1):
 PSYoungGen      total 890880K, used 65088K [0x0000000715980000, 0x0000000752d00000, 0x00000007c0000000)
  eden space 787968K, 0% used [0x0000000715980000,0x0000000715980000,0x0000000745b00000)
  from space 102912K, 63% used [0x000000074c880000,0x0000000750810000,0x0000000752d00000)
  to   space 107520K, 0% used [0x0000000745b00000,0x0000000745b00000,0x000000074c400000)
 ParOldGen       total 142336K, used 131233K [0x00000005c0c00000, 0x00000005c9700000, 0x0000000715980000)
  object space 142336K, 92% used [0x00000005c0c00000,0x00000005c8c28578,0x00000005c9700000)
 Metaspace       used 23216K, capacity 23519K, committed 23808K, reserved 1071104K
  class space    used 2168K, capacity 2288K, committed 2304K, reserved 1048576K
}
Event: 9.369 GC heap before
{Heap before GC invocations=10 (full 2):
 PSYoungGen      total 890880K, used 65088K [0x0000000715980000, 0x0000000752d00000, 0x00000007c0000000)
  eden space 787968K, 0% used [0x0000000715980000,0x0000000715980000,0x0000000745b00000)
  from space 102912K, 63% used [0x000000074c880000,0x0000000750810000,0x0000000752d00000)
  to   space 107520K, 0% used [0x0000000745b00000,0x0000000745b00000,0x000000074c400000)
 ParOldGen       total 142336K, used 131233K [0x00000005c0c00000, 0x00000005c9700000, 0x0000000715980000)
  object space 142336K, 92% used [0x00000005c0c00000,0x00000005c8c28578,0x00000005c9700000)
 Metaspace       used 23216K, capacity 23519K, committed 23808K, reserved 1071104K
  class space    used 2168K, capacity 2288K, committed 2304K, reserved 1048576K
Event: 9.720 GC heap after
Heap after GC invocations=10 (full 2):
 PSYoungGen      total 890880K, used 33594K [0x0000000715980000, 0x0000000752d00000, 0x00000007c0000000)
  eden space 787968K, 0% used [0x0000000715980000,0x0000000715980000,0x0000000745b00000)
  from space 102912K, 32% used [0x000000074c880000,0x000000074e94ea78,0x0000000752d00000)
  to   space 107520K, 0% used [0x0000000745b00000,0x0000000745b00000,0x000000074c400000)
 ParOldGen       total 360448K, used 142022K [0x00000005c0c00000, 0x00000005d6c00000, 0x0000000715980000)
  object space 360448K, 39% used [0x00000005c0c00000,0x00000005c96b1918,0x00000005d6c00000)
 Metaspace       used 23216K, capacity 23519K, committed 23808K, reserved 1071104K
  class space    used 2168K, capacity 2288K, committed 2304K, reserved 1048576K
}
Event: 16.571 GC heap before
{Heap before GC invocations=11 (full 2):
 PSYoungGen      total 890880K, used 821562K [0x0000000715980000, 0x0000000752d00000, 0x00000007c0000000)
  eden space 787968K, 100% used [0x0000000715980000,0x0000000745b00000,0x0000000745b00000)
  from space 102912K, 32% used [0x000000074c880000,0x000000074e94ea78,0x0000000752d00000)
  to   space 107520K, 0% used [0x0000000745b00000,0x0000000745b00000,0x000000074c400000)
 ParOldGen       total 360448K, used 142022K [0x00000005c0c00000, 0x00000005d6c00000, 0x0000000715980000)
  object space 360448K, 39% used [0x00000005c0c00000,0x00000005c96b1918,0x00000005d6c00000)
 Metaspace       used 23320K, capacity 23583K, committed 23808K, reserved 1071104K
  class space    used 2173K, capacity 2288K, committed 2304K, reserved 1048576K
Event: 16.601 GC heap after
Heap after GC invocations=11 (full 2):
 PSYoungGen      total 895488K, used 26221K [0x0000000715980000, 0x0000000764b00000, 0x00000007c0000000)
  eden space 787968K, 0% used [0x0000000715980000,0x0000000715980000,0x0000000745b00000)
  from space 107520K, 24% used [0x0000000745b00000,0x000000074749b5c8,0x000000074c400000)
  to   space 105472K, 0% used [0x000000075e400000,0x000000075e400000,0x0000000764b00000)
 ParOldGen       total 360448K, used 163806K [0x00000005c0c00000, 0x00000005d6c00000, 0x0000000715980000)
  object space 360448K, 45% used [0x00000005c0c00000,0x00000005cabf7918,0x00000005d6c00000)
 Metaspace       used 23320K, capacity 23583K, committed 23808K, reserved 1071104K
  class space    used 2173K, capacity 2288K, committed 2304K, reserved 1048576K
}

