# JRE version: OpenJDK Runtime Environment (8.0_252-b09) (build 1.8.0_252-b09)
# Java VM: OpenJDK 64-Bit Server VM (25.252-b09 mixed mode windows-amd64 compressed oops)
Heap:
 PSYoungGen      total 993792K, used 431642K [0x0000000715980000, 0x0000000767480000, 0x00000007c0000000)
  eden space 895488K, 48% used [0x0000000715980000,0x000000072fe8e9e0,0x000000074c400000)
  from space 98304K, 0% used [0x000000074c400000,0x000000074c478000,0x0000000752400000)
  to   space 97280K, 0% used [0x0000000761580000,0x0000000761580000,0x0000000767480000)
 ParOldGen       total 343040K, used 203328K [0x00000005c0c00000, 0x00000005d5b00000, 0x0000000715980000)
  object space 343040K, 59% used [0x00000005c0c00000,0x00000005cd2903e0,0x00000005d5b00000)
 Metaspace       used 23359K, capacity 23653K, committed 24064K, reserved 1071104K
  class space    used 2181K, capacity 2289K, committed 2304K, reserved 1048576K
GC Heap History (10 events):
Event: 8.728 GC heap before
{Heap before GC invocations=11 (full 2):
 PSYoungGen      total 564224K, used 68960K [0x0000000715980000, 0x000000074f180000, 0x00000007c0000000)
  eden space 470016K, 0% used [0x0000000715980000,0x0000000715980000,0x0000000732480000)
  from space 94208K, 73% used [0x0000000732480000,0x00000007367d8000,0x0000000738080000)
  to   space 100352K, 0% used [0x0000000748f80000,0x0000000748f80000,0x000000074f180000)
 ParOldGen       total 141824K, used 111518K [0x00000005c0c00000, 0x00000005c9680000, 0x0000000715980000)
  object space 141824K, 78% used [0x00000005c0c00000,0x00000005c78e7888,0x00000005c9680000)
 Metaspace       used 23204K, capacity 23519K, committed 23808K, reserved 1071104K
  class space    used 2167K, capacity 2288K, committed 2304K, reserved 1048576K
Event: 9.023 GC heap after
Heap after GC invocations=11 (full 2):
 PSYoungGen      total 564224K, used 33813K [0x0000000715980000, 0x000000074f180000, 0x00000007c0000000)
  eden space 470016K, 0% used [0x0000000715980000,0x0000000715980000,0x0000000732480000)
  from space 94208K, 35% used [0x0000000732480000,0x0000000734585550,0x0000000738080000)
  to   space 100352K, 0% used [0x0000000748f80000,0x0000000748f80000,0x000000074f180000)
 ParOldGen       total 343040K, used 141744K [0x00000005c0c00000, 0x00000005d5b00000, 0x0000000715980000)
  object space 343040K, 41% used [0x00000005c0c00000,0x00000005c966c3e0,0x00000005d5b00000)
 Metaspace       used 23204K, capacity 23519K, committed 23808K, reserved 1071104K
  class space    used 2167K, capacity 2288K, committed 2304K, reserved 1048576K
}
Event: 12.158 GC heap before
{Heap before GC invocations=12 (full 2):
 PSYoungGen      total 564224K, used 503829K [0x0000000715980000, 0x000000074f180000, 0x00000007c0000000)
  eden space 470016K, 100% used [0x0000000715980000,0x0000000732480000,0x0000000732480000)
  from space 94208K, 35% used [0x0000000732480000,0x0000000734585550,0x0000000738080000)
  to   space 100352K, 0% used [0x0000000748f80000,0x0000000748f80000,0x000000074f180000)
 ParOldGen       total 343040K, used 141744K [0x00000005c0c00000, 0x00000005d5b00000, 0x0000000715980000)
  object space 343040K, 41% used [0x00000005c0c00000,0x00000005c966c3e0,0x00000005d5b00000)
 Metaspace       used 23204K, capacity 23519K, committed 23808K, reserved 1071104K
  class space    used 2167K, capacity 2288K, committed 2304K, reserved 1048576K
Event: 12.192 GC heap after
Heap after GC invocations=12 (full 2):
 PSYoungGen      total 690176K, used 31840K [0x0000000715980000, 0x000000074af00000, 0x00000007c0000000)
  eden space 657920K, 0% used [0x0000000715980000,0x0000000715980000,0x000000073dc00000)
  from space 32256K, 98% used [0x0000000748f80000,0x000000074ae98000,0x000000074af00000)
  to   space 96256K, 0% used [0x000000073f300000,0x000000073f300000,0x0000000745100000)
 ParOldGen       total 343040K, used 171544K [0x00000005c0c00000, 0x00000005d5b00000, 0x0000000715980000)
  object space 343040K, 50% used [0x00000005c0c00000,0x00000005cb3863e0,0x00000005d5b00000)
 Metaspace       used 23204K, capacity 23519K, committed 23808K, reserved 1071104K
  class space    used 2167K, capacity 2288K, committed 2304K, reserved 1048576K
}
Event: 18.616 GC heap before
{Heap before GC invocations=13 (full 2):
 PSYoungGen      total 690176K, used 689760K [0x0000000715980000, 0x000000074af00000, 0x00000007c0000000)
  eden space 657920K, 100% used [0x0000000715980000,0x000000073dc00000,0x000000073dc00000)
  from space 32256K, 98% used [0x0000000748f80000,0x000000074ae98000,0x000000074af00000)
  to   space 96256K, 0% used [0x000000073f300000,0x000000073f300000,0x0000000745100000)
 ParOldGen       total 343040K, used 171544K [0x00000005c0c00000, 0x00000005d5b00000, 0x0000000715980000)
  object space 343040K, 50% used [0x00000005c0c00000,0x00000005cb3863e0,0x00000005d5b00000)
 Metaspace       used 23309K, capacity 23583K, committed 23808K, reserved 1071104K
  class space    used 2172K, capacity 2288K, committed 2304K, reserved 1048576K
Event: 18.637 GC heap after
Heap after GC invocations=13 (full 2):
 PSYoungGen      total 777728K, used 685K [0x0000000715980000, 0x0000000758380000, 0x00000007c0000000)
  eden space 681472K, 0% used [0x0000000715980000,0x0000000715980000,0x000000073f300000)
  from space 96256K, 0% used [0x000000073f300000,0x000000073f3ab5c8,0x0000000745100000)
  to   space 97792K, 0% used [0x0000000752400000,0x0000000752400000,0x0000000758380000)
 ParOldGen       total 343040K, used 203160K [0x00000005c0c00000, 0x00000005d5b00000, 0x0000000715980000)
  object space 343040K, 59% used [0x00000005c0c00000,0x00000005cd2663e0,0x00000005d5b00000)
 Metaspace       used 23309K, capacity 23583K, committed 23808K, reserved 1071104K
  class space    used 2172K, capacity 2288K, committed 2304K, reserved 1048576K
}
Event: 25.135 GC heap before
{Heap before GC invocations=14 (full 2):
 PSYoungGen      total 777728K, used 682157K [0x0000000715980000, 0x0000000758380000, 0x00000007c0000000)
  eden space 681472K, 100% used [0x0000000715980000,0x000000073f300000,0x000000073f300000)
  from space 96256K, 0% used [0x000000073f300000,0x000000073f3ab5c8,0x0000000745100000)
  to   space 97792K, 0% used [0x0000000752400000,0x0000000752400000,0x0000000758380000)
 ParOldGen       total 343040K, used 203160K [0x00000005c0c00000, 0x00000005d5b00000, 0x0000000715980000)
  object space 343040K, 59% used [0x00000005c0c00000,0x00000005cd2663e0,0x00000005d5b00000)
 Metaspace       used 23314K, capacity 23651K, committed 24064K, reserved 1071104K
  class space    used 2172K, capacity 2288K, committed 2304K, reserved 1048576K
Event: 25.137 GC heap after
Heap after GC invocations=14 (full 2):
 PSYoungGen      total 993280K, used 480K [0x0000000715980000, 0x0000000758800000, 0x00000007c0000000)
  eden space 895488K, 0% used [0x0000000715980000,0x0000000715980000,0x000000074c400000)
  from space 97792K, 0% used [0x0000000752400000,0x0000000752478000,0x0000000758380000)
  to   space 98304K, 0% used [0x000000074c400000,0x000000074c400000,0x0000000752400000)
 ParOldGen       total 343040K, used 203248K [0x00000005c0c00000, 0x00000005d5b00000, 0x0000000715980000)
  object space 343040K, 59% used [0x00000005c0c00000,0x00000005cd27c3e0,0x00000005d5b00000)
 Metaspace       used 23314K, capacity 23651K, committed 24064K, reserved 1071104K
  class space    used 2172K, capacity 2288K, committed 2304K, reserved 1048576K
}
Event: 33.785 GC heap before
{Heap before GC invocations=15 (full 2):
 PSYoungGen      total 993280K, used 895968K [0x0000000715980000, 0x0000000758800000, 0x00000007c0000000)
  eden space 895488K, 100% used [0x0000000715980000,0x000000074c400000,0x000000074c400000)
  from space 97792K, 0% used [0x0000000752400000,0x0000000752478000,0x0000000758380000)
  to   space 98304K, 0% used [0x000000074c400000,0x000000074c400000,0x0000000752400000)
 ParOldGen       total 343040K, used 203248K [0x00000005c0c00000, 0x00000005d5b00000, 0x0000000715980000)
  object space 343040K, 59% used [0x00000005c0c00000,0x00000005cd27c3e0,0x00000005d5b00000)
 Metaspace       used 23316K, capacity 23651K, committed 24064K, reserved 1071104K
  class space    used 2172K, capacity 2288K, committed 2304K, reserved 1048576K
Event: 33.789 GC heap after
Heap after GC invocations=15 (full 2):
 PSYoungGen      total 993792K, used 480K [0x0000000715980000, 0x0000000767480000, 0x00000007c0000000)
  eden space 895488K, 0% used [0x0000000715980000,0x0000000715980000,0x000000074c400000)
  from space 98304K, 0% used [0x000000074c400000,0x000000074c478000,0x0000000752400000)
  to   space 97280K, 0% used [0x0000000761580000,0x0000000761580000,0x0000000767480000)
 ParOldGen       total 343040K, used 203328K [0x00000005c0c00000, 0x00000005d5b00000, 0x0000000715980000)
  object space 343040K, 59% used [0x00000005c0c00000,0x00000005cd2903e0,0x00000005d5b00000)
 Metaspace       used 23316K, capacity 23651K, committed 24064K, reserved 1071104K
  class space    used 2172K, capacity 2288K, committed 2304K, reserved 1048576K
}

