# JRE version: OpenJDK Runtime Environment (8.0_252-b09) (build 1.8.0_252-b09)
# Java VM: OpenJDK 64-Bit Server VM (25.252-b09 mixed mode windows-amd64 compressed oops)
Heap:
 PSYoungGen      total 225280K, used 178748K [0x0000000715980000, 0x0000000726b00000, 0x00000007c0000000)
  eden space 224768K, 79% used [0x0000000715980000,0x00000007207ef0f0,0x0000000723500000)
  from space 512K, 25% used [0x0000000723c00000,0x0000000723c20000,0x0000000723c80000)
  to   space 27648K, 0% used [0x0000000725000000,0x0000000725000000,0x0000000726b00000)
 ParOldGen       total 141824K, used 51027K [0x00000005c0c00000, 0x00000005c9680000, 0x0000000715980000)
  object space 141824K, 35% used [0x00000005c0c00000,0x00000005c3dd4d68,0x00000005c9680000)
 Metaspace       used 23265K, capacity 23529K, committed 23808K, reserved 1071104K
  class space    used 2178K, capacity 2289K, committed 2304K, reserved 1048576K
GC Heap History (10 events):
Event: 56.408 GC heap before
{Heap before GC invocations=18 (full 1):
 PSYoungGen      total 288768K, used 264480K [0x0000000715980000, 0x0000000729f80000, 0x00000007c0000000)
  eden space 264192K, 100% used [0x0000000715980000,0x0000000725b80000,0x0000000725b80000)
  from space 24576K, 1% used [0x0000000728780000,0x00000007287c8000,0x0000000729f80000)
  to   space 34816K, 0% used [0x0000000725b80000,0x0000000725b80000,0x0000000727d80000)
 ParOldGen       total 141824K, used 51027K [0x00000005c0c00000, 0x00000005c9680000, 0x0000000715980000)
  object space 141824K, 35% used [0x00000005c0c00000,0x00000005c3dd4d68,0x00000005c9680000)
 Metaspace       used 23193K, capacity 23525K, committed 23808K, reserved 1071104K
  class space    used 2170K, capacity 2289K, committed 2304K, reserved 1048576K
Event: 56.410 GC heap after
Heap after GC invocations=18 (full 1):
 PSYoungGen      total 256000K, used 192K [0x0000000715980000, 0x0000000729400000, 0x00000007c0000000)
  eden space 255488K, 0% used [0x0000000715980000,0x0000000715980000,0x0000000725300000)
  from space 512K, 37% used [0x0000000725b80000,0x0000000725bb0000,0x0000000725c00000)
  to   space 33280K, 0% used [0x0000000727380000,0x0000000727380000,0x0000000729400000)
 ParOldGen       total 141824K, used 51027K [0x00000005c0c00000, 0x00000005c9680000, 0x0000000715980000)
  object space 141824K, 35% used [0x00000005c0c00000,0x00000005c3dd4d68,0x00000005c9680000)
 Metaspace       used 23193K, capacity 23525K, committed 23808K, reserved 1071104K
  class space    used 2170K, capacity 2289K, committed 2304K, reserved 1048576K
}
Event: 59.240 GC heap before
{Heap before GC invocations=19 (full 1):
 PSYoungGen      total 256000K, used 255680K [0x0000000715980000, 0x0000000729400000, 0x00000007c0000000)
  eden space 255488K, 100% used [0x0000000715980000,0x0000000725300000,0x0000000725300000)
  from space 512K, 37% used [0x0000000725b80000,0x0000000725bb0000,0x0000000725c00000)
  to   space 33280K, 0% used [0x0000000727380000,0x0000000727380000,0x0000000729400000)
 ParOldGen       total 141824K, used 51027K [0x00000005c0c00000, 0x00000005c9680000, 0x0000000715980000)
  object space 141824K, 35% used [0x00000005c0c00000,0x00000005c3dd4d68,0x00000005c9680000)
 Metaspace       used 23193K, capacity 23525K, committed 23808K, reserved 1071104K
  class space    used 2170K, capacity 2289K, committed 2304K, reserved 1048576K
Event: 59.242 GC heap after
Heap after GC invocations=19 (full 1):
 PSYoungGen      total 270336K, used 256K [0x0000000715980000, 0x0000000728a00000, 0x00000007c0000000)
  eden space 247296K, 0% used [0x0000000715980000,0x0000000715980000,0x0000000724b00000)
  from space 23040K, 1% used [0x0000000727380000,0x00000007273c0000,0x0000000728a00000)
  to   space 32256K, 0% used [0x0000000724b00000,0x0000000724b00000,0x0000000726a80000)
 ParOldGen       total 141824K, used 51027K [0x00000005c0c00000, 0x00000005c9680000, 0x0000000715980000)
  object space 141824K, 35% used [0x00000005c0c00000,0x00000005c3dd4d68,0x00000005c9680000)
 Metaspace       used 23193K, capacity 23525K, committed 23808K, reserved 1071104K
  class space    used 2170K, capacity 2289K, committed 2304K, reserved 1048576K
}
Event: 61.976 GC heap before
{Heap before GC invocations=20 (full 1):
 PSYoungGen      total 270336K, used 247552K [0x0000000715980000, 0x0000000728a00000, 0x00000007c0000000)
  eden space 247296K, 100% used [0x0000000715980000,0x0000000724b00000,0x0000000724b00000)
  from space 23040K, 1% used [0x0000000727380000,0x00000007273c0000,0x0000000728a00000)
  to   space 32256K, 0% used [0x0000000724b00000,0x0000000724b00000,0x0000000726a80000)
 ParOldGen       total 141824K, used 51027K [0x00000005c0c00000, 0x00000005c9680000, 0x0000000715980000)
  object space 141824K, 35% used [0x00000005c0c00000,0x00000005c3dd4d68,0x00000005c9680000)
 Metaspace       used 23193K, capacity 23525K, committed 23808K, reserved 1071104K
  class space    used 2170K, capacity 2289K, committed 2304K, reserved 1048576K
Event: 61.978 GC heap after
Heap after GC invocations=20 (full 1):
 PSYoungGen      total 240128K, used 224K [0x0000000715980000, 0x0000000727f80000, 0x00000007c0000000)
  eden space 239616K, 0% used [0x0000000715980000,0x0000000715980000,0x0000000724380000)
  from space 512K, 43% used [0x0000000724b00000,0x0000000724b38000,0x0000000724b80000)
  to   space 30720K, 0% used [0x0000000726180000,0x0000000726180000,0x0000000727f80000)
 ParOldGen       total 141824K, used 51027K [0x00000005c0c00000, 0x00000005c9680000, 0x0000000715980000)
  object space 141824K, 35% used [0x00000005c0c00000,0x00000005c3dd4d68,0x00000005c9680000)
 Metaspace       used 23193K, capacity 23525K, committed 23808K, reserved 1071104K
  class space    used 2170K, capacity 2289K, committed 2304K, reserved 1048576K
}
Event: 64.397 GC heap before
{Heap before GC invocations=21 (full 1):
 PSYoungGen      total 240128K, used 239840K [0x0000000715980000, 0x0000000727f80000, 0x00000007c0000000)
  eden space 239616K, 100% used [0x0000000715980000,0x0000000724380000,0x0000000724380000)
  from space 512K, 43% used [0x0000000724b00000,0x0000000724b38000,0x0000000724b80000)
  to   space 30720K, 0% used [0x0000000726180000,0x0000000726180000,0x0000000727f80000)
 ParOldGen       total 141824K, used 51027K [0x00000005c0c00000, 0x00000005c9680000, 0x0000000715980000)
  object space 141824K, 35% used [0x00000005c0c00000,0x00000005c3dd4d68,0x00000005c9680000)
 Metaspace       used 23194K, capacity 23525K, committed 23808K, reserved 1071104K
  class space    used 2170K, capacity 2289K, committed 2304K, reserved 1048576K
Event: 64.398 GC heap after
Heap after GC invocations=21 (full 1):
 PSYoungGen      total 251904K, used 224K [0x0000000715980000, 0x0000000727500000, 0x00000007c0000000)
  eden space 231936K, 0% used [0x0000000715980000,0x0000000715980000,0x0000000723c00000)
  from space 19968K, 1% used [0x0000000726180000,0x00000007261b8000,0x0000000727500000)
  to   space 29184K, 0% used [0x0000000723c00000,0x0000000723c00000,0x0000000725880000)
 ParOldGen       total 141824K, used 51027K [0x00000005c0c00000, 0x00000005c9680000, 0x0000000715980000)
  object space 141824K, 35% used [0x00000005c0c00000,0x00000005c3dd4d68,0x00000005c9680000)
 Metaspace       used 23194K, capacity 23525K, committed 23808K, reserved 1071104K
  class space    used 2170K, capacity 2289K, committed 2304K, reserved 1048576K
}
Event: 66.697 GC heap before
{Heap before GC invocations=22 (full 1):
 PSYoungGen      total 251904K, used 232160K [0x0000000715980000, 0x0000000727500000, 0x00000007c0000000)
  eden space 231936K, 100% used [0x0000000715980000,0x0000000723c00000,0x0000000723c00000)
  from space 19968K, 1% used [0x0000000726180000,0x00000007261b8000,0x0000000727500000)
  to   space 29184K, 0% used [0x0000000723c00000,0x0000000723c00000,0x0000000725880000)
 ParOldGen       total 141824K, used 51027K [0x00000005c0c00000, 0x00000005c9680000, 0x0000000715980000)
  object space 141824K, 35% used [0x00000005c0c00000,0x00000005c3dd4d68,0x00000005c9680000)
 Metaspace       used 23226K, capacity 23529K, committed 23808K, reserved 1071104K
  class space    used 2170K, capacity 2289K, committed 2304K, reserved 1048576K
Event: 66.700 GC heap after
Heap after GC invocations=22 (full 1):
 PSYoungGen      total 225280K, used 128K [0x0000000715980000, 0x0000000726b00000, 0x00000007c0000000)
  eden space 224768K, 0% used [0x0000000715980000,0x0000000715980000,0x0000000723500000)
  from space 512K, 25% used [0x0000000723c00000,0x0000000723c20000,0x0000000723c80000)
  to   space 27648K, 0% used [0x0000000725000000,0x0000000725000000,0x0000000726b00000)
 ParOldGen       total 141824K, used 51027K [0x00000005c0c00000, 0x00000005c9680000, 0x0000000715980000)
  object space 141824K, 35% used [0x00000005c0c00000,0x00000005c3dd4d68,0x00000005c9680000)
 Metaspace       used 23226K, capacity 23529K, committed 23808K, reserved 1071104K
  class space    used 2170K, capacity 2289K, committed 2304K, reserved 1048576K
}

